TID: [-1234] [2023-06-16 00:00:30,137]  INFO {AUDIT_LOG} - Initiator=wso2.system.user Action=Get-User-Claim-Values Target=admin Data={"Claims":{},"Profile":"default"} Outcome=Success
TID: [-1234] [2023-06-16 00:00:30,137]  INFO {AUDIT_LOG} - Initiator=wso2.system.user Action=Get-User-Claim-Values Target=admin Data={"Claims":{},"Profile":"default"} Outcome=Success
TID: [-1234] [2023-06-16 00:00:30,137]  INFO {AUDIT_LOG} - Initiator=wso2.system.user Action=Get-User-Claim-Values Target=admin Data={"Claims":{},"Profile":"default"} Outcome=Success
TID: [-1234] [2023-06-16 00:00:30,295]  INFO {AUDIT_LOG} - Initiator=wso2.system.user Action=Get-User-Claim-Values Target=admin Data={"Claims":{},"Profile":"default"} Outcome=Success
TID: [-1234] [2023-06-16 00:00:30,296]  INFO {AUDIT_LOG} - Initiator=wso2.system.user Action=Get-User-Claim-Values Target=admin Data={"Claims":{},"Profile":"default"} Outcome=Success
TID: [-1234] [2023-06-16 00:00:30,296]  INFO {AUDIT_LOG} - Initiator=wso2.system.user Action=Get-User-Claim-Values Target=admin Data={"Claims":{},"Profile":"default"} Outcome=Success
TID: [-1234] [2023-06-16 21:53:01,889]  INFO {AUDIT_LOG} - Initiator=wso2.system.user Action=Get-User-Claim-Values Target=admin Data={"Claims":{},"Profile":"default"} Outcome=Success
TID: [-1234] [2023-06-16 21:53:01,889]  INFO {AUDIT_LOG} - Initiator=wso2.system.user Action=Get-User-Claim-Values Target=admin Data={"Claims":{},"Profile":"default"} Outcome=Success
TID: [-1234] [2023-06-16 21:53:01,892]  INFO {AUDIT_LOG} - Initiator=wso2.system.user Action=Get-User-Claim-Values Target=admin Data={"Claims":{},"Profile":"default"} Outcome=Success
TID: [-1234] [2023-06-16 21:53:01,892]  INFO {AUDIT_LOG} - Initiator=wso2.system.user Action=Get-User-Claim-Values Target=admin Data={"Claims":{},"Profile":"default"} Outcome=Success
TID: [-1234] [2023-06-16 21:53:01,892]  INFO {AUDIT_LOG} - Initiator=wso2.system.user Action=Get-User-Claim-Values Target=admin Data={"Claims":{},"Profile":"default"} Outcome=Success
TID: [-1234] [2023-06-16 21:53:01,892]  INFO {AUDIT_LOG} - Initiator=wso2.system.user Action=Get-User-Claim-Values Target=admin Data={"Claims":{},"Profile":"default"} Outcome=Success
TID: [-1234] [2023-06-16 21:53:02,183]  INFO {AUDIT_LOG} - Initiator=wso2.system.user Action=Get-User-Claim-Values Target=admin Data={"Claims":{},"Profile":"default"} Outcome=Success
TID: [-1234] [2023-06-16 21:53:02,183]  INFO {AUDIT_LOG} - Initiator=wso2.system.user Action=Get-User-Claim-Values Target=admin Data={"Claims":{},"Profile":"default"} Outcome=Success
TID: [-1234] [2023-06-16 21:53:02,183]  INFO {AUDIT_LOG} - Initiator=wso2.system.user Action=Get-User-Claim-Values Target=admin Data={"Claims":{},"Profile":"default"} Outcome=Success
TID: [-1234] [2023-06-16 21:53:02,184]  INFO {AUDIT_LOG} - Initiator=wso2.system.user Action=Get-User-Claim-Values Target=admin Data={"Claims":{},"Profile":"default"} Outcome=Success
TID: [-1234] [2023-06-16 21:53:02,184]  INFO {AUDIT_LOG} - Initiator=wso2.system.user Action=Get-User-Claim-Values Target=admin Data={"Claims":{},"Profile":"default"} Outcome=Success
TID: [-1234] [2023-06-16 21:53:02,184]  INFO {AUDIT_LOG} - Initiator=wso2.system.user Action=Get-User-Claim-Values Target=admin Data={"Claims":{},"Profile":"default"} Outcome=Success
TID: [-1234] [2023-06-16 21:53:02,184]  INFO {AUDIT_LOG} - Initiator=wso2.system.user Action=Get-User-Claim-Values Target=admin Data={"Claims":{},"Profile":"default"} Outcome=Success
TID: [-1234] [2023-06-16 21:53:02,184]  INFO {AUDIT_LOG} - Initiator=wso2.system.user Action=Get-User-Claim-Values Target=admin Data={"Claims":{},"Profile":"default"} Outcome=Success
TID: [-1234] [2023-06-16 21:53:02,184]  INFO {AUDIT_LOG} - Initiator=wso2.system.user Action=Get-User-Claim-Values Target=admin Data={"Claims":{},"Profile":"default"} Outcome=Success
TID: [-1234] [2023-06-16 21:53:02,185]  INFO {AUDIT_LOG} - Initiator=wso2.system.user Action=Get-User-Claim-Values Target=admin Data={"Claims":{},"Profile":"default"} Outcome=Success
TID: [-1234] [2023-06-16 21:53:02,185]  INFO {AUDIT_LOG} - Initiator=wso2.system.user Action=Get-User-Claim-Values Target=admin Data={"Claims":{},"Profile":"default"} Outcome=Success
TID: [-1234] [2023-06-16 21:53:02,186]  INFO {AUDIT_LOG} - Initiator=wso2.system.user Action=Get-User-Claim-Values Target=admin Data={"Claims":{},"Profile":"default"} Outcome=Success
TID: [-1234] [2023-06-16 21:53:02,186]  INFO {AUDIT_LOG} - Initiator=wso2.system.user Action=Get-User-Claim-Values Target=admin Data={"Claims":{},"Profile":"default"} Outcome=Success
TID: [-1234] [2023-06-16 21:53:02,186]  INFO {AUDIT_LOG} - Initiator=wso2.system.user Action=Get-User-Claim-Values Target=admin Data={"Claims":{},"Profile":"default"} Outcome=Success
TID: [-1234] [2023-06-16 21:53:02,186]  INFO {AUDIT_LOG} - Initiator=wso2.system.user Action=Get-User-Claim-Values Target=admin Data={"Claims":{},"Profile":"default"} Outcome=Success
TID: [-1234] [2023-06-16 21:53:02,186]  INFO {AUDIT_LOG} - Initiator=wso2.system.user Action=Get-User-Claim-Values Target=admin Data={"Claims":{},"Profile":"default"} Outcome=Success
TID: [-1234] [2023-06-16 21:53:02,187]  INFO {AUDIT_LOG} - Initiator=wso2.system.user Action=Get-User-Claim-Values Target=admin Data={"Claims":{},"Profile":"default"} Outcome=Success
TID: [-1234] [2023-06-16 21:53:02,187]  INFO {AUDIT_LOG} - Initiator=wso2.system.user Action=Get-User-Claim-Values Target=admin Data={"Claims":{},"Profile":"default"} Outcome=Success
TID: [-1234] [2023-06-16 21:53:02,187]  INFO {AUDIT_LOG} - Initiator=wso2.system.user Action=Get-User-Claim-Values Target=admin Data={"Claims":{},"Profile":"default"} Outcome=Success
TID: [-1234] [2023-06-16 21:53:02,188]  INFO {AUDIT_LOG} - Initiator=wso2.system.user Action=Get-User-Claim-Values Target=admin Data={"Claims":{},"Profile":"default"} Outcome=Success
TID: [-1234] [2023-06-16 21:53:02,188]  INFO {AUDIT_LOG} - Initiator=wso2.system.user Action=Get-User-Claim-Values Target=admin Data={"Claims":{},"Profile":"default"} Outcome=Success
TID: [-1234] [2023-06-16 21:53:02,492]  INFO {AUDIT_LOG} - Initiator=wso2.system.user Action=Get-User-Claim-Values Target=admin Data={"Claims":{},"Profile":"default"} Outcome=Success
TID: [-1234] [2023-06-16 21:53:02,493]  INFO {AUDIT_LOG} - Initiator=wso2.system.user Action=Get-User-Claim-Values Target=admin Data={"Claims":{},"Profile":"default"} Outcome=Success
TID: [-1234] [2023-06-16 21:53:02,493]  INFO {AUDIT_LOG} - Initiator=wso2.system.user Action=Get-User-Claim-Values Target=admin Data={"Claims":{},"Profile":"default"} Outcome=Success
TID: [-1234] [2023-06-16 21:53:02,524]  INFO {AUDIT_LOG} - Initiator=wso2.system.user Action=Get-User-Claim-Values Target=admin Data={"Claims":{},"Profile":"default"} Outcome=Success
TID: [-1234] [2023-06-16 21:53:02,525]  INFO {AUDIT_LOG} - Initiator=wso2.system.user Action=Get-User-Claim-Values Target=admin Data={"Claims":{},"Profile":"default"} Outcome=Success
TID: [-1234] [2023-06-16 21:53:02,526]  INFO {AUDIT_LOG} - Initiator=wso2.system.user Action=Get-User-Claim-Values Target=admin Data={"Claims":{},"Profile":"default"} Outcome=Success
TID: [-1234] [2023-06-16 21:53:02,528]  INFO {AUDIT_LOG} - Initiator=wso2.system.user Action=Get-User-Claim-Values Target=admin Data={"Claims":{},"Profile":"default"} Outcome=Success
TID: [-1234] [2023-06-16 21:53:02,528]  INFO {AUDIT_LOG} - Initiator=wso2.system.user Action=Get-User-Claim-Values Target=admin Data={"Claims":{},"Profile":"default"} Outcome=Success
TID: [-1234] [2023-06-16 21:53:02,529]  INFO {AUDIT_LOG} - Initiator=wso2.system.user Action=Get-User-Claim-Values Target=admin Data={"Claims":{},"Profile":"default"} Outcome=Success
TID: [-1234] [2023-06-16 21:53:02,559]  INFO {AUDIT_LOG} - Initiator=wso2.system.user Action=Get-User-Claim-Values Target=admin Data={"Claims":{},"Profile":"default"} Outcome=Success
TID: [-1234] [2023-06-16 21:53:02,560]  INFO {AUDIT_LOG} - Initiator=wso2.system.user Action=Get-User-Claim-Values Target=admin Data={"Claims":{},"Profile":"default"} Outcome=Success
TID: [-1234] [2023-06-16 21:53:02,560]  INFO {AUDIT_LOG} - Initiator=wso2.system.user Action=Get-User-Claim-Values Target=admin Data={"Claims":{},"Profile":"default"} Outcome=Success
TID: [-1234] [2023-06-16 21:53:02,575]  INFO {AUDIT_LOG} - Initiator=wso2.system.user Action=Get-User-Claim-Values Target=admin Data={"Claims":{},"Profile":"default"} Outcome=Success
TID: [-1234] [2023-06-16 21:53:02,576]  INFO {AUDIT_LOG} - Initiator=wso2.system.user Action=Get-User-Claim-Values Target=admin Data={"Claims":{},"Profile":"default"} Outcome=Success
TID: [-1234] [2023-06-16 21:53:02,576]  INFO {AUDIT_LOG} - Initiator=wso2.system.user Action=Get-User-Claim-Values Target=admin Data={"Claims":{},"Profile":"default"} Outcome=Success
TID: [-1234] [2023-06-16 21:53:02,589]  INFO {AUDIT_LOG} - Initiator=wso2.system.user Action=Get-User-Claim-Values Target=admin Data={"Claims":{},"Profile":"default"} Outcome=Success
TID: [-1234] [2023-06-16 21:53:02,590]  INFO {AUDIT_LOG} - Initiator=wso2.system.user Action=Get-User-Claim-Values Target=admin Data={"Claims":{},"Profile":"default"} Outcome=Success
TID: [-1234] [2023-06-16 21:53:02,590]  INFO {AUDIT_LOG} - Initiator=wso2.system.user Action=Get-User-Claim-Values Target=admin Data={"Claims":{},"Profile":"default"} Outcome=Success
TID: [-1234] [2023-06-16 21:53:02,622]  INFO {AUDIT_LOG} - Initiator=wso2.system.user Action=Get-User-Claim-Values Target=admin Data={"Claims":{},"Profile":"default"} Outcome=Success
TID: [-1234] [2023-06-16 21:53:02,623]  INFO {AUDIT_LOG} - Initiator=wso2.system.user Action=Get-User-Claim-Values Target=admin Data={"Claims":{},"Profile":"default"} Outcome=Success
TID: [-1234] [2023-06-16 21:53:02,623]  INFO {AUDIT_LOG} - Initiator=wso2.system.user Action=Get-User-Claim-Values Target=admin Data={"Claims":{},"Profile":"default"} Outcome=Success
TID: [] [2023-06-16 21:53:02,855]  INFO {AUDIT_LOG} - Initiator=wso2.system.user Action=Get-User-Claim-Values Target=admin Data={"Claims":{},"Profile":"default"} Outcome=Success
TID: [] [2023-06-16 21:53:02,856]  INFO {AUDIT_LOG} - Initiator=wso2.system.user Action=Get-User-Claim-Values Target=admin Data={"Claims":{},"Profile":"default"} Outcome=Success
TID: [] [2023-06-16 21:53:02,857]  INFO {AUDIT_LOG} - Initiator=wso2.system.user Action=Get-User-Claim-Values Target=admin Data={"Claims":{},"Profile":"default"} Outcome=Success
TID: [-1234] [2023-06-16 21:53:02,971]  INFO {AUDIT_LOG} - Initiator=wso2.system.user Action=Get-User-Claim-Values Target=admin Data={"Claims":{},"Profile":"default"} Outcome=Success
TID: [-1234] [2023-06-16 21:53:02,971]  INFO {AUDIT_LOG} - Initiator=wso2.system.user Action=Get-User-Claim-Values Target=admin Data={"Claims":{},"Profile":"default"} Outcome=Success
TID: [-1234] [2023-06-16 21:53:02,972]  INFO {AUDIT_LOG} - Initiator=wso2.system.user Action=Get-User-Claim-Values Target=admin Data={"Claims":{},"Profile":"default"} Outcome=Success
TID: [-1234] [2023-06-16 21:53:03,041]  INFO {AUDIT_LOG} - Initiator=wso2.system.user Action=Get-User-Claim-Values Target=admin Data={"Claims":{},"Profile":"default"} Outcome=Success
TID: [-1234] [2023-06-16 21:53:03,042]  INFO {AUDIT_LOG} - Initiator=wso2.system.user Action=Get-User-Claim-Values Target=admin Data={"Claims":{},"Profile":"default"} Outcome=Success
TID: [-1234] [2023-06-16 21:53:03,042]  INFO {AUDIT_LOG} - Initiator=wso2.system.user Action=Get-User-Claim-Values Target=admin Data={"Claims":{},"Profile":"default"} Outcome=Success
TID: [-1234] [2023-06-16 21:53:03,155]  INFO {AUDIT_LOG} - Initiator=wso2.system.user Action=Get-User-Claim-Values Target=admin Data={"Claims":{},"Profile":"default"} Outcome=Success
TID: [-1234] [2023-06-16 21:53:03,155]  INFO {AUDIT_LOG} - Initiator=wso2.system.user Action=Get-User-Claim-Values Target=admin Data={"Claims":{},"Profile":"default"} Outcome=Success
TID: [-1234] [2023-06-16 21:53:03,156]  INFO {AUDIT_LOG} - Initiator=wso2.system.user Action=Get-User-Claim-Values Target=admin Data={"Claims":{},"Profile":"default"} Outcome=Success
TID: [-1234] [2023-06-16 21:53:03,555]  INFO {AUDIT_LOG} - Initiator=wso2.system.user Action=Get-User-Claim-Values Target=admin Data={"Claims":{},"Profile":"default"} Outcome=Success
TID: [-1234] [2023-06-16 21:53:03,556]  INFO {AUDIT_LOG} - Initiator=wso2.system.user Action=Get-User-Claim-Values Target=admin Data={"Claims":{},"Profile":"default"} Outcome=Success
TID: [-1234] [2023-06-16 21:53:03,556]  INFO {AUDIT_LOG} - Initiator=wso2.system.user Action=Get-User-Claim-Values Target=admin Data={"Claims":{},"Profile":"default"} Outcome=Success
TID: [-1234] [2023-06-16 21:53:03,561]  INFO {AUDIT_LOG} - Initiator=wso2.system.user Action=Get-User-Claim-Values Target=admin Data={"Claims":{},"Profile":"default"} Outcome=Success
TID: [-1234] [2023-06-16 21:53:03,562]  INFO {AUDIT_LOG} - Initiator=wso2.system.user Action=Get-User-Claim-Values Target=admin Data={"Claims":{},"Profile":"default"} Outcome=Success
TID: [-1234] [2023-06-16 21:53:03,562]  INFO {AUDIT_LOG} - Initiator=wso2.system.user Action=Get-User-Claim-Values Target=admin Data={"Claims":{},"Profile":"default"} Outcome=Success
TID: [-1234] [2023-06-16 21:53:03,564]  INFO {AUDIT_LOG} - Initiator=wso2.system.user Action=Get-User-Claim-Values Target=admin Data={"Claims":{},"Profile":"default"} Outcome=Success
TID: [-1234] [2023-06-16 21:53:03,565]  INFO {AUDIT_LOG} - Initiator=wso2.system.user Action=Get-User-Claim-Values Target=admin Data={"Claims":{},"Profile":"default"} Outcome=Success
TID: [-1234] [2023-06-16 21:53:03,565]  INFO {AUDIT_LOG} - Initiator=wso2.system.user Action=Get-User-Claim-Values Target=admin Data={"Claims":{},"Profile":"default"} Outcome=Success
TID: [] [2023-06-16 21:53:07,435]  INFO {AUDIT_LOG} - Initiator=wso2.system.user Action=Get-User-Claim-Values Target=admin Data={"Claims":{},"Profile":"default"} Outcome=Success
TID: [] [2023-06-16 21:53:07,435]  INFO {AUDIT_LOG} - Initiator=wso2.system.user Action=Get-User-Claim-Values Target=admin Data={"Claims":{},"Profile":"default"} Outcome=Success
TID: [] [2023-06-16 21:53:07,435]  INFO {AUDIT_LOG} - Initiator=wso2.system.user Action=Get-User-Claim-Values Target=admin Data={"Claims":{},"Profile":"default"} Outcome=Success
TID: [] [2023-06-16 21:53:07,435]  INFO {AUDIT_LOG} - Initiator=wso2.system.user Action=Get-User-Claim-Values Target=admin Data={"Claims":{},"Profile":"default"} Outcome=Success
TID: [] [2023-06-16 21:53:07,435]  INFO {AUDIT_LOG} - Initiator=wso2.system.user Action=Get-User-Claim-Values Target=admin Data={"Claims":{},"Profile":"default"} Outcome=Success
TID: [] [2023-06-16 21:53:07,435]  INFO {AUDIT_LOG} - Initiator=wso2.system.user Action=Get-User-Claim-Values Target=admin Data={"Claims":{},"Profile":"default"} Outcome=Success
TID: [] [2023-06-16 21:53:07,435]  INFO {AUDIT_LOG} - Initiator=wso2.system.user Action=Get-User-Claim-Values Target=admin Data={"Claims":{},"Profile":"default"} Outcome=Success
TID: [] [2023-06-16 21:53:07,435]  INFO {AUDIT_LOG} - Initiator=wso2.system.user Action=Get-User-Claim-Values Target=admin Data={"Claims":{},"Profile":"default"} Outcome=Success
TID: [] [2023-06-16 21:53:07,435]  INFO {AUDIT_LOG} - Initiator=wso2.system.user Action=Get-User-Claim-Values Target=admin Data={"Claims":{},"Profile":"default"} Outcome=Success
TID: [] [2023-06-16 21:53:07,435]  INFO {AUDIT_LOG} - Initiator=wso2.system.user Action=Get-User-Claim-Values Target=admin Data={"Claims":{},"Profile":"default"} Outcome=Success
TID: [] [2023-06-16 21:53:07,435]  INFO {AUDIT_LOG} - Initiator=wso2.system.user Action=Get-User-Claim-Values Target=admin Data={"Claims":{},"Profile":"default"} Outcome=Success
TID: [] [2023-06-16 21:53:07,435]  INFO {AUDIT_LOG} - Initiator=wso2.system.user Action=Get-User-Claim-Values Target=admin Data={"Claims":{},"Profile":"default"} Outcome=Success
TID: [] [2023-06-16 21:53:07,435]  INFO {AUDIT_LOG} - Initiator=wso2.system.user Action=Get-User-Claim-Values Target=admin Data={"Claims":{},"Profile":"default"} Outcome=Success
TID: [] [2023-06-16 21:53:07,435]  INFO {AUDIT_LOG} - Initiator=wso2.system.user Action=Get-User-Claim-Values Target=admin Data={"Claims":{},"Profile":"default"} Outcome=Success
TID: [] [2023-06-16 21:53:07,435]  INFO {AUDIT_LOG} - Initiator=wso2.system.user Action=Get-User-Claim-Values Target=admin Data={"Claims":{},"Profile":"default"} Outcome=Success
TID: [] [2023-06-16 21:53:07,436]  INFO {AUDIT_LOG} - Initiator=wso2.system.user Action=Get-User-Claim-Values Target=admin Data={"Claims":{},"Profile":"default"} Outcome=Success
TID: [] [2023-06-16 21:53:07,436]  INFO {AUDIT_LOG} - Initiator=wso2.system.user Action=Get-User-Claim-Values Target=admin Data={"Claims":{},"Profile":"default"} Outcome=Success
TID: [] [2023-06-16 21:53:07,436]  INFO {AUDIT_LOG} - Initiator=wso2.system.user Action=Get-User-Claim-Values Target=admin Data={"Claims":{},"Profile":"default"} Outcome=Success
TID: [] [2023-06-16 21:53:07,436]  INFO {AUDIT_LOG} - Initiator=wso2.system.user Action=Get-User-Claim-Values Target=admin Data={"Claims":{},"Profile":"default"} Outcome=Success
TID: [] [2023-06-16 21:53:07,436]  INFO {AUDIT_LOG} - Initiator=wso2.system.user Action=Get-User-Claim-Values Target=admin Data={"Claims":{},"Profile":"default"} Outcome=Success
TID: [] [2023-06-16 21:53:07,436]  INFO {AUDIT_LOG} - Initiator=wso2.system.user Action=Get-User-Claim-Values Target=admin Data={"Claims":{},"Profile":"default"} Outcome=Success
TID: [] [2023-06-16 21:53:07,444]  INFO {AUDIT_LOG} - Initiator=wso2.system.user Action=Get-User-Claim-Values Target=admin Data={"Claims":{},"Profile":"default"} Outcome=Success
TID: [] [2023-06-16 21:53:07,444]  INFO {AUDIT_LOG} - Initiator=wso2.system.user Action=Get-User-Claim-Values Target=admin Data={"Claims":{},"Profile":"default"} Outcome=Success
TID: [] [2023-06-16 21:53:07,444]  INFO {AUDIT_LOG} - Initiator=wso2.system.user Action=Get-User-Claim-Values Target=admin Data={"Claims":{},"Profile":"default"} Outcome=Success
TID: [] [2023-06-16 21:53:07,444]  INFO {AUDIT_LOG} - Initiator=wso2.system.user Action=Get-User-Claim-Values Target=admin Data={"Claims":{},"Profile":"default"} Outcome=Success
TID: [] [2023-06-16 21:53:07,444]  INFO {AUDIT_LOG} - Initiator=wso2.system.user Action=Get-User-Claim-Values Target=admin Data={"Claims":{},"Profile":"default"} Outcome=Success
TID: [] [2023-06-16 21:53:07,444]  INFO {AUDIT_LOG} - Initiator=wso2.system.user Action=Get-User-Claim-Values Target=admin Data={"Claims":{},"Profile":"default"} Outcome=Success
TID: [] [2023-06-16 21:53:11,992]  INFO {AUDIT_LOG} - Initiator=wso2.system.user Action=Get-User-Claim-Values Target=admin Data={"Claims":{},"Profile":"default"} Outcome=Success
TID: [] [2023-06-16 21:53:11,992]  INFO {AUDIT_LOG} - Initiator=wso2.system.user Action=Get-User-Claim-Values Target=admin Data={"Claims":{},"Profile":"default"} Outcome=Success
TID: [] [2023-06-16 21:53:11,992]  INFO {AUDIT_LOG} - Initiator=wso2.system.user Action=Get-User-Claim-Values Target=admin Data={"Claims":{},"Profile":"default"} Outcome=Success
TID: [] [2023-06-16 21:53:11,992]  INFO {AUDIT_LOG} - Initiator=wso2.system.user Action=Get-User-Claim-Values Target=admin Data={"Claims":{},"Profile":"default"} Outcome=Success
TID: [] [2023-06-16 21:53:11,992]  INFO {AUDIT_LOG} - Initiator=wso2.system.user Action=Get-User-Claim-Values Target=admin Data={"Claims":{},"Profile":"default"} Outcome=Success
TID: [] [2023-06-16 21:53:11,992]  INFO {AUDIT_LOG} - Initiator=wso2.system.user Action=Get-User-Claim-Values Target=admin Data={"Claims":{},"Profile":"default"} Outcome=Success
TID: [] [2023-06-16 21:53:11,992]  INFO {AUDIT_LOG} - Initiator=wso2.system.user Action=Get-User-Claim-Values Target=admin Data={"Claims":{},"Profile":"default"} Outcome=Success
TID: [] [2023-06-16 21:53:11,992]  INFO {AUDIT_LOG} - Initiator=wso2.system.user Action=Get-User-Claim-Values Target=admin Data={"Claims":{},"Profile":"default"} Outcome=Success
TID: [] [2023-06-16 21:53:11,992]  INFO {AUDIT_LOG} - Initiator=wso2.system.user Action=Get-User-Claim-Values Target=admin Data={"Claims":{},"Profile":"default"} Outcome=Success
TID: [] [2023-06-16 21:53:11,992]  INFO {AUDIT_LOG} - Initiator=wso2.system.user Action=Get-User-Claim-Values Target=admin Data={"Claims":{},"Profile":"default"} Outcome=Success
TID: [] [2023-06-16 21:53:11,993]  INFO {AUDIT_LOG} - Initiator=wso2.system.user Action=Get-User-Claim-Values Target=admin Data={"Claims":{},"Profile":"default"} Outcome=Success
TID: [] [2023-06-16 21:53:11,993]  INFO {AUDIT_LOG} - Initiator=wso2.system.user Action=Get-User-Claim-Values Target=admin Data={"Claims":{},"Profile":"default"} Outcome=Success
TID: [] [2023-06-16 21:53:11,993]  INFO {AUDIT_LOG} - Initiator=wso2.system.user Action=Get-User-Claim-Values Target=admin Data={"Claims":{},"Profile":"default"} Outcome=Success
TID: [] [2023-06-16 21:53:11,993]  INFO {AUDIT_LOG} - Initiator=wso2.system.user Action=Get-User-Claim-Values Target=admin Data={"Claims":{},"Profile":"default"} Outcome=Success
TID: [] [2023-06-16 21:53:11,993]  INFO {AUDIT_LOG} - Initiator=wso2.system.user Action=Get-User-Claim-Values Target=admin Data={"Claims":{},"Profile":"default"} Outcome=Success
TID: [] [2023-06-16 21:53:11,993]  INFO {AUDIT_LOG} - Initiator=wso2.system.user Action=Get-User-Claim-Values Target=admin Data={"Claims":{},"Profile":"default"} Outcome=Success
TID: [] [2023-06-16 21:53:11,993]  INFO {AUDIT_LOG} - Initiator=wso2.system.user Action=Get-User-Claim-Values Target=admin Data={"Claims":{},"Profile":"default"} Outcome=Success
TID: [] [2023-06-16 21:53:11,993]  INFO {AUDIT_LOG} - Initiator=wso2.system.user Action=Get-User-Claim-Values Target=admin Data={"Claims":{},"Profile":"default"} Outcome=Success
TID: [] [2023-06-16 21:53:11,993]  INFO {AUDIT_LOG} - Initiator=wso2.system.user Action=Get-User-Claim-Values Target=admin Data={"Claims":{},"Profile":"default"} Outcome=Success
TID: [] [2023-06-16 21:53:11,993]  INFO {AUDIT_LOG} - Initiator=wso2.system.user Action=Get-User-Claim-Values Target=admin Data={"Claims":{},"Profile":"default"} Outcome=Success
TID: [] [2023-06-16 21:53:11,993]  INFO {AUDIT_LOG} - Initiator=wso2.system.user Action=Get-User-Claim-Values Target=admin Data={"Claims":{},"Profile":"default"} Outcome=Success
TID: [] [2023-06-16 21:53:11,993]  INFO {AUDIT_LOG} - Initiator=wso2.system.user Action=Get-User-Claim-Values Target=admin Data={"Claims":{},"Profile":"default"} Outcome=Success
TID: [] [2023-06-16 21:53:11,993]  INFO {AUDIT_LOG} - Initiator=wso2.system.user Action=Get-User-Claim-Values Target=admin Data={"Claims":{},"Profile":"default"} Outcome=Success
TID: [] [2023-06-16 21:53:11,993]  INFO {AUDIT_LOG} - Initiator=wso2.system.user Action=Get-User-Claim-Values Target=admin Data={"Claims":{},"Profile":"default"} Outcome=Success
TID: [] [2023-06-16 21:53:11,993]  INFO {AUDIT_LOG} - Initiator=wso2.system.user Action=Get-User-Claim-Values Target=admin Data={"Claims":{},"Profile":"default"} Outcome=Success
TID: [] [2023-06-16 21:53:11,993]  INFO {AUDIT_LOG} - Initiator=wso2.system.user Action=Get-User-Claim-Values Target=admin Data={"Claims":{},"Profile":"default"} Outcome=Success
TID: [] [2023-06-16 21:53:11,993]  INFO {AUDIT_LOG} - Initiator=wso2.system.user Action=Get-User-Claim-Values Target=admin Data={"Claims":{},"Profile":"default"} Outcome=Success
TID: [] [2023-06-16 21:53:12,026]  INFO {AUDIT_LOG} - Initiator=wso2.system.user Action=Get-Roles-of-User Target=admin Data={"Filter":"*","Roles":["Internal/subscriber","Internal/creator","Internal/publisher","Internal/everyone","Internal/devops","admin","Internal/analytics","Internal/observer","Internal/integration_dev"]} Outcome=Success
TID: [-1234] [2023-06-16 22:08:29,764]  INFO {AUDIT_LOG} - Initiator=wso2.system.user Action=Get-User-Claim-Values Target=admin Data={"Claims":{},"Profile":"default"} Outcome=Success
TID: [-1234] [2023-06-16 22:08:29,770]  INFO {AUDIT_LOG} - Initiator=wso2.system.user Action=Get-User-Claim-Values Target=admin Data={"Claims":{},"Profile":"default"} Outcome=Success
TID: [-1234] [2023-06-16 22:08:29,770]  INFO {AUDIT_LOG} - Initiator=wso2.system.user Action=Get-User-Claim-Values Target=admin Data={"Claims":{},"Profile":"default"} Outcome=Success
TID: [-1234] [2023-06-16 22:08:30,720]  INFO {AUDIT_LOG} - Initiator=wso2.system.user Action=Get-Roles-of-User Target=admin Data={"Filter":"*","Roles":["Internal/subscriber","Internal/creator","Internal/publisher","Internal/everyone","Internal/devops","admin","Internal/analytics","Internal/observer","Internal/integration_dev"]} Outcome=Success
TID: [-1234] [2023-06-16 22:08:33,013]  INFO {AUDIT_LOG} - Initiator=wso2.system.user Action=Get-User-Claim-Values Target=admin Data={"Claims":{},"Profile":"default"} Outcome=Success
TID: [-1234] [2023-06-16 22:08:33,014]  INFO {AUDIT_LOG} - Initiator=wso2.system.user Action=Get-User-Claim-Values Target=admin Data={"Claims":{},"Profile":"default"} Outcome=Success
TID: [-1234] [2023-06-16 22:08:33,014]  INFO {AUDIT_LOG} - Initiator=wso2.system.user Action=Get-User-Claim-Values Target=admin Data={"Claims":{},"Profile":"default"} Outcome=Success
TID: [-1234] [2023-06-16 22:08:39,319]  INFO {AUDIT_LOG} - Initiator=wso2.system.user Action=Get-User-Claim-Values Target=admin Data={"Claims":{},"Profile":"default"} Outcome=Success
TID: [-1234] [2023-06-16 22:08:39,349]  INFO {AUDIT_LOG} - Initiator=wso2.system.user Action=Get-User-Claim-Values Target=admin Data={"ServiceProviderName":"apim_publisher","Claims":{"http://wso2.org/claims/username":"admin","http://wso2.org/claims/userid":"1d104770-8f1b-4bdb-94d1-2322f15843bf","http://wso2.org/claims/role":"Internal/subscriber,Internal/creator,Internal/publisher,Internal/everyone,Internal/devops,admin,Internal/analytics,Internal/observer,Internal/integration_dev","http://wso2.org/claims/userprincipal":"admin"}} Outcome=Success
TID: [-1234] [2023-06-16 22:08:39,482]  INFO {AUDIT_LOG} - Initiator : admin | Action : UpdateSession | Data : { {"traceId":"8fff177c-e0ec-4437-9989-90f4c57b828e","RememberMe":true,"sessionContextId":"beb6d5c0fdf2a24acaadb7829bdeff48996e56c2f170a8ee5dc8ac73892ee21f","AuthenticatedUserTenantDomain":"carbon.super","AuthenticatedUser":"admin","LastAccessedTimestamp":1686949719389} } | Result : Success 
TID: [-1234] [2023-06-16 22:08:39,498]  INFO {AUDIT_LOG} - Initiator : admin | Action : Login | Target : ApplicationAuthenticationFramework | Data : { "ContextIdentifier" : "dfb34848-52d5-42cc-8f2b-95a5c3b998ca","AuthenticatedUser" : "admin","AuthenticatedUserTenantDomain" : "carbon.super","ServiceProviderName" : "apim_publisher","RequestType" : "oidc","RelyingParty" : "bcnL5Jqa63Z3eEnQ8WMegfk9rKsa","AuthenticatedIdPs" : "eyJ0eXAiOiJKV1QiLCJhbGciOiJIUzI1NiJ9.eyJpc3MiOiJ3c28yIiwiZXhwIjoxNjg2OTQ5NzIyMzQyLCJpYXQiOjE2ODY5NDk3MTkzNDIsImlkcHMiOlt7ImlkcCI6IkxPQ0FMIiwiYXV0aGVudGljYXRvciI6IkJhc2ljQXV0aGVudGljYXRvciJ9XX0.e_AHmBTi8hChKf_78MyLOQQCqTwY8VGCUM9l03nSDdY","User Agent" : "null","RemoteAddress" : "null","UserStoreDomain" : "PRIMARY" } | Result : Success 
TID: [-1234] [2023-06-16 22:08:40,173]  INFO {AUDIT_LOG} - Initiator=wso2.system.user Action=Get-User-List Target=null Data={"Claim Value":"admin","Users":["admin"],"Claim":"http://wso2.org/claims/username"} Outcome=Success
TID: [-1234] [2023-06-16 22:08:40,177]  INFO {AUDIT_LOG} - Initiator=wso2.system.user Action=Get-User-Claim-Values Target=admin Data={"Claims":{},"Profile":"default"} Outcome=Success
TID: [-1234] [2023-06-16 22:08:40,178]  INFO {AUDIT_LOG} - Initiator=wso2.system.user Action=Get-User-Claim-Values Target=admin Data={"Claims":{},"Profile":"default"} Outcome=Success
TID: [-1234] [2023-06-16 22:08:40,178]  INFO {AUDIT_LOG} - Initiator=wso2.system.user Action=Get-User-Claim-Values Target=admin Data={"Claims":{},"Profile":"default"} Outcome=Success
TID: [-1234] [2023-06-16 22:08:41,366]  INFO {AUDIT_LOG} - GET /api/am/publisher/apis?limit=10&offset=0 user: admin@carbon.super app: bcnL5Jqa63Z3eEnQ8WMegfk9rKsa
TID: [-1234] [2023-06-16 22:08:45,323]  INFO {AUDIT_LOG} - GET /api/am/publisher/tenants?state=active user: admin@carbon.super app: bcnL5Jqa63Z3eEnQ8WMegfk9rKsa
TID: [-1234] [2023-06-16 22:08:45,323]  INFO {AUDIT_LOG} - GET /api/am/publisher/settings user: admin@carbon.super app: bcnL5Jqa63Z3eEnQ8WMegfk9rKsa
TID: [-1234] [2023-06-16 22:08:45,323]  INFO {AUDIT_LOG} - GET /api/am/publisher/apis/d02418ae-ab94-438a-87c1-83b37ef15067 user: admin@carbon.super app: bcnL5Jqa63Z3eEnQ8WMegfk9rKsa
TID: [-1234] [2023-06-16 22:08:46,038]  INFO {AUDIT_LOG} - GET /api/am/publisher/apis/d02418ae-ab94-438a-87c1-83b37ef15067/revisions user: admin@carbon.super app: bcnL5Jqa63Z3eEnQ8WMegfk9rKsa
TID: [-1234] [2023-06-16 22:08:46,043]  INFO {AUDIT_LOG} - GET /api/am/publisher/apis/d02418ae-ab94-438a-87c1-83b37ef15067/revisions?query=deployed%3Atrue user: admin@carbon.super app: bcnL5Jqa63Z3eEnQ8WMegfk9rKsa
TID: [-1234] [2023-06-16 22:08:46,295]  INFO {AUDIT_LOG} - GET /api/am/publisher/apis/d02418ae-ab94-438a-87c1-83b37ef15067/swagger user: admin@carbon.super app: bcnL5Jqa63Z3eEnQ8WMegfk9rKsa
TID: [-1234] [2023-06-16 22:08:46,296]  INFO {AUDIT_LOG} - GET /api/am/publisher/apis/d02418ae-ab94-438a-87c1-83b37ef15067/revisions?query=deployed%3Atrue user: admin@carbon.super app: bcnL5Jqa63Z3eEnQ8WMegfk9rKsa
TID: [-1234] [2023-06-16 22:08:46,458]  INFO {AUDIT_LOG} - GET /api/am/publisher/apis/d02418ae-ab94-438a-87c1-83b37ef15067/revisions?query=deployed%3Atrue user: admin@carbon.super app: bcnL5Jqa63Z3eEnQ8WMegfk9rKsa
TID: [-1234] [2023-06-16 22:08:46,480]  INFO {AUDIT_LOG} - GET /api/am/publisher/apis/d02418ae-ab94-438a-87c1-83b37ef15067/swagger user: admin@carbon.super app: bcnL5Jqa63Z3eEnQ8WMegfk9rKsa
TID: [-1234] [2023-06-16 22:08:46,561]  INFO {AUDIT_LOG} - GET /api/am/publisher/apis/d02418ae-ab94-438a-87c1-83b37ef15067/swagger user: admin@carbon.super app: bcnL5Jqa63Z3eEnQ8WMegfk9rKsa
TID: [-1234] [2023-06-16 22:08:46,561]  INFO {AUDIT_LOG} - GET /api/am/publisher/apis/d02418ae-ab94-438a-87c1-83b37ef15067/revisions?query=deployed%3Atrue user: admin@carbon.super app: bcnL5Jqa63Z3eEnQ8WMegfk9rKsa
TID: [-1234] [2023-06-16 22:08:55,066]  INFO {AUDIT_LOG} - Initiator=wso2.system.user Action=Get-User-Claim-Values Target=admin Data={"Claims":{},"Profile":"default"} Outcome=Success
TID: [-1234] [2023-06-16 22:08:55,072]  INFO {AUDIT_LOG} - Initiator=wso2.system.user Action=Get-User-Claim-Values Target=admin Data={"ServiceProviderName":"apim_devportal","Claims":{"http://wso2.org/claims/username":"admin","http://wso2.org/claims/userid":"1d104770-8f1b-4bdb-94d1-2322f15843bf","http://wso2.org/claims/role":"Internal/subscriber,Internal/creator,Internal/publisher,Internal/everyone,Internal/devops,admin,Internal/analytics,Internal/observer,Internal/integration_dev","http://wso2.org/claims/userprincipal":"admin"}} Outcome=Success
TID: [-1234] [2023-06-16 22:08:55,081]  INFO {AUDIT_LOG} - Initiator : admin | Action : UpdateSession | Data : { {"traceId":"896be91e-c018-4477-99f4-0d2bcddbfd95","RememberMe":true,"sessionContextId":"beb6d5c0fdf2a24acaadb7829bdeff48996e56c2f170a8ee5dc8ac73892ee21f","AuthenticatedUserTenantDomain":"carbon.super","AuthenticatedUser":"admin","LastAccessedTimestamp":1686949735075} } | Result : Success 
TID: [-1234] [2023-06-16 22:08:55,083]  INFO {AUDIT_LOG} - Initiator : admin | Action : Login | Target : ApplicationAuthenticationFramework | Data : { "ContextIdentifier" : "6d8ce551-3700-411e-82ce-12d500d9dd22","AuthenticatedUser" : "admin","AuthenticatedUserTenantDomain" : "carbon.super","ServiceProviderName" : "apim_devportal","RequestType" : "oidc","RelyingParty" : "on910Eic3ALVOI0ssrp4olzhtsAa","AuthenticatedIdPs" : "eyJ0eXAiOiJKV1QiLCJhbGciOiJIUzI1NiJ9.eyJpc3MiOiJ3c28yIiwiZXhwIjoxNjg2OTQ5NzM4MDY5LCJpYXQiOjE2ODY5NDk3MzUwNjksImlkcHMiOlt7ImlkcCI6IkxPQ0FMIiwiYXV0aGVudGljYXRvciI6IkJhc2ljQXV0aGVudGljYXRvciJ9XX0.aKnZaJmJrZ7U9E7gEv1_yz7ozT641XDZFO-HCv7IHNE","User Agent" : "null","RemoteAddress" : "null","UserStoreDomain" : "PRIMARY" } | Result : Success 
TID: [-1234] [2023-06-16 22:08:55,727]  INFO {AUDIT_LOG} - Initiator=wso2.system.user Action=Get-User-List Target=null Data={"Claim Value":"admin","Users":["admin"],"Claim":"http://wso2.org/claims/username"} Outcome=Success
TID: [-1234] [2023-06-16 22:08:55,749]  INFO {AUDIT_LOG} - Initiator=wso2.system.user Action=Get-User-Claim-Values Target=admin Data={"Claims":{},"Profile":"default"} Outcome=Success
TID: [-1234] [2023-06-16 22:08:55,750]  INFO {AUDIT_LOG} - Initiator=wso2.system.user Action=Get-User-Claim-Values Target=admin Data={"Claims":{},"Profile":"default"} Outcome=Success
TID: [-1234] [2023-06-16 22:08:55,750]  INFO {AUDIT_LOG} - Initiator=wso2.system.user Action=Get-User-Claim-Values Target=admin Data={"Claims":{},"Profile":"default"} Outcome=Success
TID: [-1234] [2023-06-16 22:08:56,517]  INFO {AUDIT_LOG} - GET /api/am/devportal/settings user: admin@carbon.super app: on910Eic3ALVOI0ssrp4olzhtsAa
TID: [-1234] [2023-06-16 22:08:56,614]  INFO {AUDIT_LOG} - GET /api/am/devportal/api-categories user: admin@carbon.super app: on910Eic3ALVOI0ssrp4olzhtsAa
TID: [-1234] [2023-06-16 22:08:56,624]  INFO {AUDIT_LOG} - GET /api/am/devportal/tags user: admin@carbon.super app: on910Eic3ALVOI0ssrp4olzhtsAa
TID: [-1234] [2023-06-16 22:08:56,626]  INFO {AUDIT_LOG} - GET /api/am/devportal/apis?limit=10&offset=0 user: admin@carbon.super app: on910Eic3ALVOI0ssrp4olzhtsAa
TID: [-1234] [2023-06-16 22:08:56,952]  INFO {AUDIT_LOG} - GET /api/am/devportal/apis/d02418ae-ab94-438a-87c1-83b37ef15067/ratings user: admin@carbon.super app: on910Eic3ALVOI0ssrp4olzhtsAa
TID: [-1234] [2023-06-16 22:08:56,952]  INFO {AUDIT_LOG} - GET /api/am/devportal/apis/c6b17439-fa73-4d33-a618-bf5b18176cd8/ratings user: admin@carbon.super app: on910Eic3ALVOI0ssrp4olzhtsAa
TID: [-1234] [2023-06-16 22:08:56,952]  INFO {AUDIT_LOG} - GET /api/am/devportal/apis/c6b17439-fa73-4d33-a618-bf5b18176cd8/thumbnail user: admin@carbon.super app: on910Eic3ALVOI0ssrp4olzhtsAa
TID: [-1234] [2023-06-16 22:08:56,952]  INFO {AUDIT_LOG} - GET /api/am/devportal/apis/d02418ae-ab94-438a-87c1-83b37ef15067/thumbnail user: admin@carbon.super app: on910Eic3ALVOI0ssrp4olzhtsAa
TID: [-1234] [2023-06-16 22:08:56,965]  INFO {AUDIT_LOG} - GET /api/am/devportal/apis/6f7f8f85-a5f3-428e-b187-cbdb08192bba/ratings user: admin@carbon.super app: on910Eic3ALVOI0ssrp4olzhtsAa
TID: [-1234] [2023-06-16 22:08:56,996]  INFO {AUDIT_LOG} - GET /api/am/devportal/apis/6f7f8f85-a5f3-428e-b187-cbdb08192bba/thumbnail user: admin@carbon.super app: on910Eic3ALVOI0ssrp4olzhtsAa
TID: [-1234] [2023-06-16 22:08:57,144]  INFO {AUDIT_LOG} - Initiator=wso2.system.user Action=Get-User-Claim-Values Target=admin Data={"Claims":{},"Profile":"default"} Outcome=Success
TID: [-1234] [2023-06-16 22:08:57,148]  INFO {AUDIT_LOG} - Initiator=wso2.system.user Action=Get-User-Claim-Values Target=admin Data={"ServiceProviderName":"apim_publisher","Claims":{"http://wso2.org/claims/username":"admin","http://wso2.org/claims/userid":"1d104770-8f1b-4bdb-94d1-2322f15843bf","http://wso2.org/claims/role":"Internal/subscriber,Internal/creator,Internal/publisher,Internal/everyone,Internal/devops,admin,Internal/analytics,Internal/observer,Internal/integration_dev","http://wso2.org/claims/userprincipal":"admin"}} Outcome=Success
TID: [-1234] [2023-06-16 22:08:57,158]  INFO {AUDIT_LOG} - Initiator : admin | Action : UpdateSession | Data : { {"traceId":"660144fb-6823-4753-b698-0c2a9f6249ac","RememberMe":true,"sessionContextId":"beb6d5c0fdf2a24acaadb7829bdeff48996e56c2f170a8ee5dc8ac73892ee21f","AuthenticatedUserTenantDomain":"carbon.super","AuthenticatedUser":"admin","LastAccessedTimestamp":1686949737152} } | Result : Success 
TID: [-1234] [2023-06-16 22:08:57,160]  INFO {AUDIT_LOG} - Initiator : admin | Action : Login | Target : ApplicationAuthenticationFramework | Data : { "ContextIdentifier" : "99cc51b9-4753-48ef-ab91-60934b4c0d4b","AuthenticatedUser" : "admin","AuthenticatedUserTenantDomain" : "carbon.super","ServiceProviderName" : "apim_publisher","RequestType" : "oidc","RelyingParty" : "bcnL5Jqa63Z3eEnQ8WMegfk9rKsa","AuthenticatedIdPs" : "eyJ0eXAiOiJKV1QiLCJhbGciOiJIUzI1NiJ9.eyJpc3MiOiJ3c28yIiwiZXhwIjoxNjg2OTQ5NzQwMTQ1LCJpYXQiOjE2ODY5NDk3MzcxNDUsImlkcHMiOlt7ImlkcCI6IkxPQ0FMIiwiYXV0aGVudGljYXRvciI6IkJhc2ljQXV0aGVudGljYXRvciJ9XX0.r1r_ExYxgsAqmYdH5nWPBuWpuPcgbm4wPKuHLyoZi-8","User Agent" : "null","RemoteAddress" : "null","UserStoreDomain" : "PRIMARY" } | Result : Success 
TID: [-1234] [2023-06-16 22:08:57,774]  INFO {AUDIT_LOG} - Initiator=wso2.system.user Action=Get-User-Claim-Values Target=admin Data={"Claims":{},"Profile":"default"} Outcome=Success
TID: [-1234] [2023-06-16 22:08:57,777]  INFO {AUDIT_LOG} - Initiator=wso2.system.user Action=Get-User-Claim-Values Target=admin Data={"ServiceProviderName":"apim_publisher","Claims":{"http://wso2.org/claims/username":"admin","http://wso2.org/claims/userid":"1d104770-8f1b-4bdb-94d1-2322f15843bf","http://wso2.org/claims/role":"Internal/subscriber,Internal/creator,Internal/publisher,Internal/everyone,Internal/devops,admin,Internal/analytics,Internal/observer,Internal/integration_dev","http://wso2.org/claims/userprincipal":"admin"}} Outcome=Success
TID: [-1234] [2023-06-16 22:08:57,781]  INFO {AUDIT_LOG} - Initiator : admin | Action : UpdateSession | Data : { {"traceId":"a3f06d1b-ef3f-40c2-a7c5-f799dc498752","RememberMe":true,"sessionContextId":"beb6d5c0fdf2a24acaadb7829bdeff48996e56c2f170a8ee5dc8ac73892ee21f","AuthenticatedUserTenantDomain":"carbon.super","AuthenticatedUser":"admin","LastAccessedTimestamp":1686949737779} } | Result : Success 
TID: [-1234] [2023-06-16 22:08:57,783]  INFO {AUDIT_LOG} - Initiator : admin | Action : Login | Target : ApplicationAuthenticationFramework | Data : { "ContextIdentifier" : "82b653af-59a6-496d-bcff-f6ba9eded458","AuthenticatedUser" : "admin","AuthenticatedUserTenantDomain" : "carbon.super","ServiceProviderName" : "apim_publisher","RequestType" : "oidc","RelyingParty" : "bcnL5Jqa63Z3eEnQ8WMegfk9rKsa","AuthenticatedIdPs" : "eyJ0eXAiOiJKV1QiLCJhbGciOiJIUzI1NiJ9.eyJpc3MiOiJ3c28yIiwiZXhwIjoxNjg2OTQ5NzQwNzc1LCJpYXQiOjE2ODY5NDk3Mzc3NzUsImlkcHMiOlt7ImlkcCI6IkxPQ0FMIiwiYXV0aGVudGljYXRvciI6IkJhc2ljQXV0aGVudGljYXRvciJ9XX0.OhChn7c2s6mn8XfLO_isnEVyS2T-9xZAleDMr_nOKEA","User Agent" : "null","RemoteAddress" : "null","UserStoreDomain" : "PRIMARY" } | Result : Success 
TID: [-1234] [2023-06-16 22:08:58,698]  INFO {AUDIT_LOG} - GET /api/am/publisher/apis?limit=10&offset=0 user: admin@carbon.super app: bcnL5Jqa63Z3eEnQ8WMegfk9rKsa
TID: [-1234] [2023-06-16 22:08:59,061]  INFO {AUDIT_LOG} - GET /api/am/devportal/apis/d02418ae-ab94-438a-87c1-83b37ef15067 user: admin@carbon.super app: on910Eic3ALVOI0ssrp4olzhtsAa
TID: [-1234] [2023-06-16 22:08:59,063]  INFO {AUDIT_LOG} - GET /api/am/devportal/subscriptions?apiId=d02418ae-ab94-438a-87c1-83b37ef15067&limit=25 user: admin@carbon.super app: on910Eic3ALVOI0ssrp4olzhtsAa
TID: [-1234] [2023-06-16 22:08:59,065]  INFO {AUDIT_LOG} - GET /api/am/devportal/subscriptions?apiId=d02418ae-ab94-438a-87c1-83b37ef15067&limit=5000 user: admin@carbon.super app: on910Eic3ALVOI0ssrp4olzhtsAa
TID: [-1234] [2023-06-16 22:08:59,065]  INFO {AUDIT_LOG} - GET /api/am/devportal/applications?limit=5000 user: admin@carbon.super app: on910Eic3ALVOI0ssrp4olzhtsAa
TID: [-1234] [2023-06-16 22:08:59,522]  INFO {AUDIT_LOG} - GET /api/am/devportal/apis/d02418ae-ab94-438a-87c1-83b37ef15067/documents user: admin@carbon.super app: on910Eic3ALVOI0ssrp4olzhtsAa
TID: [-1234] [2023-06-16 22:08:59,522]  INFO {AUDIT_LOG} - GET /api/am/devportal/throttling-policies/subscription user: admin@carbon.super app: on910Eic3ALVOI0ssrp4olzhtsAa
TID: [-1234] [2023-06-16 22:08:59,558]  INFO {AUDIT_LOG} - GET /api/am/devportal/apis/d02418ae-ab94-438a-87c1-83b37ef15067/documents user: admin@carbon.super app: on910Eic3ALVOI0ssrp4olzhtsAa
TID: [-1234] [2023-06-16 22:08:59,590]  INFO {AUDIT_LOG} - GET /api/am/devportal/throttling-policies/subscription user: admin@carbon.super app: on910Eic3ALVOI0ssrp4olzhtsAa
TID: [-1234] [2023-06-16 22:08:59,662]  INFO {AUDIT_LOG} - GET /api/am/devportal/apis/d02418ae-ab94-438a-87c1-83b37ef15067/ratings user: admin@carbon.super app: on910Eic3ALVOI0ssrp4olzhtsAa
TID: [-1234] [2023-06-16 22:08:59,662]  INFO {AUDIT_LOG} - GET /api/am/devportal/apis/d02418ae-ab94-438a-87c1-83b37ef15067/thumbnail user: admin@carbon.super app: on910Eic3ALVOI0ssrp4olzhtsAa
TID: [-1234] [2023-06-16 22:08:59,664]  INFO {AUDIT_LOG} - GET /api/am/devportal/apis/d02418ae-ab94-438a-87c1-83b37ef15067/comments?limit=5&offset=0 user: admin@carbon.super app: on910Eic3ALVOI0ssrp4olzhtsAa
TID: [-1234] [2023-06-16 22:08:59,821]  INFO {AUDIT_LOG} - GET /api/am/publisher/apis/d02418ae-ab94-438a-87c1-83b37ef15067 user: admin@carbon.super app: bcnL5Jqa63Z3eEnQ8WMegfk9rKsa
TID: [-1234] [2023-06-16 22:08:59,821]  INFO {AUDIT_LOG} - GET /api/am/publisher/tenants?state=active user: admin@carbon.super app: bcnL5Jqa63Z3eEnQ8WMegfk9rKsa
TID: [-1234] [2023-06-16 22:08:59,821]  INFO {AUDIT_LOG} - GET /api/am/publisher/settings user: admin@carbon.super app: bcnL5Jqa63Z3eEnQ8WMegfk9rKsa
TID: [-1234] [2023-06-16 22:09:00,214]  INFO {AUDIT_LOG} - GET /api/am/publisher/apis/d02418ae-ab94-438a-87c1-83b37ef15067/revisions?query=deployed%3Atrue user: admin@carbon.super app: bcnL5Jqa63Z3eEnQ8WMegfk9rKsa
TID: [-1234] [2023-06-16 22:09:00,214]  INFO {AUDIT_LOG} - GET /api/am/publisher/apis/d02418ae-ab94-438a-87c1-83b37ef15067/revisions user: admin@carbon.super app: bcnL5Jqa63Z3eEnQ8WMegfk9rKsa
TID: [-1234] [2023-06-16 22:09:00,554]  INFO {AUDIT_LOG} - GET /api/am/publisher/apis/d02418ae-ab94-438a-87c1-83b37ef15067/revisions?query=deployed%3Atrue user: admin@carbon.super app: bcnL5Jqa63Z3eEnQ8WMegfk9rKsa
TID: [-1234] [2023-06-16 22:09:00,554]  INFO {AUDIT_LOG} - GET /api/am/publisher/apis/d02418ae-ab94-438a-87c1-83b37ef15067/swagger user: admin@carbon.super app: bcnL5Jqa63Z3eEnQ8WMegfk9rKsa
TID: [-1234] [2023-06-16 22:09:00,649]  INFO {AUDIT_LOG} - GET /api/am/publisher/apis/d02418ae-ab94-438a-87c1-83b37ef15067/swagger user: admin@carbon.super app: bcnL5Jqa63Z3eEnQ8WMegfk9rKsa
TID: [-1234] [2023-06-16 22:09:00,649]  INFO {AUDIT_LOG} - GET /api/am/publisher/apis/d02418ae-ab94-438a-87c1-83b37ef15067/revisions?query=deployed%3Atrue user: admin@carbon.super app: bcnL5Jqa63Z3eEnQ8WMegfk9rKsa
TID: [-1234] [2023-06-16 22:09:00,685]  INFO {AUDIT_LOG} - GET /api/am/devportal/apis/d02418ae-ab94-438a-87c1-83b37ef15067 user: admin@carbon.super app: on910Eic3ALVOI0ssrp4olzhtsAa
TID: [-1234] [2023-06-16 22:09:00,709]  INFO {AUDIT_LOG} - GET /api/am/devportal/apis/d02418ae-ab94-438a-87c1-83b37ef15067/swagger?environmentName=Default user: admin@carbon.super app: on910Eic3ALVOI0ssrp4olzhtsAa
TID: [-1234] [2023-06-16 22:09:00,727]  INFO {AUDIT_LOG} - GET /api/am/publisher/apis/d02418ae-ab94-438a-87c1-83b37ef15067/swagger user: admin@carbon.super app: bcnL5Jqa63Z3eEnQ8WMegfk9rKsa
TID: [-1234] [2023-06-16 22:09:00,727]  INFO {AUDIT_LOG} - GET /api/am/publisher/apis/d02418ae-ab94-438a-87c1-83b37ef15067/revisions?query=deployed%3Atrue user: admin@carbon.super app: bcnL5Jqa63Z3eEnQ8WMegfk9rKsa
TID: [-1234] [2023-06-16 22:09:00,886]  INFO {AUDIT_LOG} - GET /api/am/devportal/subscriptions?apiId=d02418ae-ab94-438a-87c1-83b37ef15067&limit=25 user: admin@carbon.super app: on910Eic3ALVOI0ssrp4olzhtsAa
TID: [-1234] [2023-06-16 22:09:00,886]  INFO {AUDIT_LOG} - GET /api/am/devportal/key-managers user: admin@carbon.super app: on910Eic3ALVOI0ssrp4olzhtsAa
TID: [-1234] [2023-06-16 22:09:00,912]  INFO {AUDIT_LOG} - GET /api/am/devportal/subscriptions?apiId=d02418ae-ab94-438a-87c1-83b37ef15067&limit=25 user: admin@carbon.super app: on910Eic3ALVOI0ssrp4olzhtsAa
TID: [-1234] [2023-06-16 22:09:01,107]  INFO {AUDIT_LOG} - GET /api/am/devportal/applications/ user: admin@carbon.super app: on910Eic3ALVOI0ssrp4olzhtsAa
TID: [-1234] [2023-06-16 22:09:01,205]  INFO {AUDIT_LOG} - GET /api/am/devportal/applications/6cc3231f-f7b9-437e-93fd-41d67fc514af user: admin@carbon.super app: on910Eic3ALVOI0ssrp4olzhtsAa
TID: [-1234] [2023-06-16 22:09:01,224]  INFO {AUDIT_LOG} - GET /api/am/devportal/applications/6cc3231f-f7b9-437e-93fd-41d67fc514af/oauth-keys user: admin@carbon.super app: on910Eic3ALVOI0ssrp4olzhtsAa
TID: [-1234] [2023-06-16 22:09:01,366]  INFO {AUDIT_LOG} - GET /api/am/devportal/applications/6cc3231f-f7b9-437e-93fd-41d67fc514af user: admin@carbon.super app: on910Eic3ALVOI0ssrp4olzhtsAa
TID: [-1234] [2023-06-16 22:09:01,455]  INFO {AUDIT_LOG} - GET /api/am/devportal/applications/6cc3231f-f7b9-437e-93fd-41d67fc514af user: admin@carbon.super app: on910Eic3ALVOI0ssrp4olzhtsAa
TID: [-1234] [2023-06-16 22:09:01,459]  INFO {AUDIT_LOG} - GET /api/am/devportal/applications/6cc3231f-f7b9-437e-93fd-41d67fc514af/oauth-keys user: admin@carbon.super app: on910Eic3ALVOI0ssrp4olzhtsAa
TID: [-1234] [2023-06-16 22:09:01,467]  INFO {AUDIT_LOG} - GET /api/am/devportal/applications/6cc3231f-f7b9-437e-93fd-41d67fc514af/oauth-keys user: admin@carbon.super app: on910Eic3ALVOI0ssrp4olzhtsAa
TID: [-1234] [2023-06-16 22:09:02,600]  INFO {AUDIT_LOG} - GET /api/am/devportal/applications/6cc3231f-f7b9-437e-93fd-41d67fc514af user: admin@carbon.super app: on910Eic3ALVOI0ssrp4olzhtsAa
TID: [-1234] [2023-06-16 22:09:02,615]  INFO {AUDIT_LOG} - GET /api/am/devportal/applications/6cc3231f-f7b9-437e-93fd-41d67fc514af/oauth-keys user: admin@carbon.super app: on910Eic3ALVOI0ssrp4olzhtsAa
TID: [-1234] [2023-06-16 22:09:02,714]  INFO {AUDIT_LOG} - POST /api/am/devportal/applications/6cc3231f-f7b9-437e-93fd-41d67fc514af/oauth-keys/938ecc53-bc18-450d-be7f-559f13ed7b8d/generate-token user: admin@carbon.super app: on910Eic3ALVOI0ssrp4olzhtsAa
TID: [-1234] [2023-06-16 22:09:02,809]  INFO {AUDIT_LOG} - {"performedBy":"admin","action":"updated","typ":"Application","info":{"Re-Generated Keys for application with client Id":"HGEn3LkCPoEDwSGqTtl6qsqUlj0a"}}
TID: [-1234] [2023-06-16 22:09:02,906]  INFO {AUDIT_LOG} - Initiator=wso2.system.user Action=Get-User-Claim-Values Target=admin Data={"Claims":{},"Profile":"default"} Outcome=Success
TID: [-1234] [2023-06-16 22:09:02,906]  INFO {AUDIT_LOG} - Initiator=wso2.system.user Action=Get-User-Claim-Values Target=admin Data={"Claims":{},"Profile":"default"} Outcome=Success
TID: [-1234] [2023-06-16 22:09:02,906]  INFO {AUDIT_LOG} - Initiator=wso2.system.user Action=Get-User-Claim-Values Target=admin Data={"Claims":{},"Profile":"default"} Outcome=Success
TID: [] [2023-06-16 22:09:07,696]  INFO {AUDIT_LOG} - Initiator=wso2.system.user Action=Get-User-Claim-Values Target=admin Data={"Claims":{},"Profile":"default"} Outcome=Success
TID: [] [2023-06-16 22:09:07,697]  INFO {AUDIT_LOG} - Initiator=wso2.system.user Action=Get-User-Claim-Values Target=admin Data={"Claims":{},"Profile":"default"} Outcome=Success
TID: [] [2023-06-16 22:09:07,697]  INFO {AUDIT_LOG} - Initiator=wso2.system.user Action=Get-User-Claim-Values Target=admin Data={"Claims":{},"Profile":"default"} Outcome=Success
TID: [] [2023-06-16 22:09:14,342]  INFO {AUDIT_LOG} - Initiator=wso2.system.user Action=Get-User-Claim-Values Target=admin Data={"Claims":{},"Profile":"default"} Outcome=Success
TID: [] [2023-06-16 22:09:14,342]  INFO {AUDIT_LOG} - Initiator=wso2.system.user Action=Get-User-Claim-Values Target=admin Data={"Claims":{},"Profile":"default"} Outcome=Success
TID: [] [2023-06-16 22:09:14,342]  INFO {AUDIT_LOG} - Initiator=wso2.system.user Action=Get-User-Claim-Values Target=admin Data={"Claims":{},"Profile":"default"} Outcome=Success
TID: [] [2023-06-16 22:09:14,344]  INFO {AUDIT_LOG} - Initiator=wso2.system.user Action=Get-User-Claim-Values Target=admin Data={"Claims":{},"Profile":"default"} Outcome=Success
TID: [] [2023-06-16 22:09:14,344]  INFO {AUDIT_LOG} - Initiator=wso2.system.user Action=Get-User-Claim-Values Target=admin Data={"Claims":{},"Profile":"default"} Outcome=Success
TID: [] [2023-06-16 22:09:14,345]  INFO {AUDIT_LOG} - Initiator=wso2.system.user Action=Get-User-Claim-Values Target=admin Data={"Claims":{},"Profile":"default"} Outcome=Success
TID: [] [2023-06-16 22:30:47,486]  INFO {AUDIT_LOG} - Initiator=wso2.system.user Action=Get-User-Claim-Values Target=admin Data={"Claims":{},"Profile":"default"} Outcome=Success
TID: [] [2023-06-16 22:30:47,489]  INFO {AUDIT_LOG} - Initiator=wso2.system.user Action=Get-User-Claim-Values Target=admin Data={"Claims":{},"Profile":"default"} Outcome=Success
TID: [] [2023-06-16 22:30:47,489]  INFO {AUDIT_LOG} - Initiator=wso2.system.user Action=Get-User-Claim-Values Target=admin Data={"Claims":{},"Profile":"default"} Outcome=Success
TID: [-1234] [2023-06-16 22:32:28,719]  INFO {AUDIT_LOG} - Initiator=wso2.system.user Action=Get-User-Claim-Values Target=admin Data={"Claims":{},"Profile":"default"} Outcome=Success
TID: [-1234] [2023-06-16 22:32:28,721]  INFO {AUDIT_LOG} - Initiator=wso2.system.user Action=Get-User-Claim-Values Target=admin Data={"Claims":{},"Profile":"default"} Outcome=Success
TID: [-1234] [2023-06-16 22:32:28,722]  INFO {AUDIT_LOG} - Initiator=wso2.system.user Action=Get-User-Claim-Values Target=admin Data={"Claims":{},"Profile":"default"} Outcome=Success
TID: [-1234] [2023-06-16 22:32:28,742]  INFO {AUDIT_LOG} - Initiator=wso2.system.user Action=Get-Roles-of-User Target=admin Data={"Filter":"*","Roles":["Internal/subscriber","Internal/creator","Internal/publisher","Internal/everyone","Internal/devops","admin","Internal/analytics","Internal/observer","Internal/integration_dev"]} Outcome=Success
TID: [-1234] [2023-06-16 22:32:28,984]  INFO {AUDIT_LOG} - Initiator=wso2.system.user Action=Get-User-Claim-Values Target=admin Data={"Claims":{},"Profile":"default"} Outcome=Success
TID: [-1234] [2023-06-16 22:32:28,984]  INFO {AUDIT_LOG} - Initiator=wso2.system.user Action=Get-User-Claim-Values Target=admin Data={"Claims":{},"Profile":"default"} Outcome=Success
TID: [-1234] [2023-06-16 22:32:28,984]  INFO {AUDIT_LOG} - Initiator=wso2.system.user Action=Get-User-Claim-Values Target=admin Data={"Claims":{},"Profile":"default"} Outcome=Success
TID: [-1234] [2023-06-16 22:35:50,853]  INFO {AUDIT_LOG} - GET /api/am/devportal/settings user: admin@carbon.super app: on910Eic3ALVOI0ssrp4olzhtsAa
TID: [-1234] [2023-06-16 22:35:51,479]  INFO {AUDIT_LOG} - GET /api/am/devportal/tenants?state=active user: admin@carbon.super app: on910Eic3ALVOI0ssrp4olzhtsAa
TID: [-1234] [2023-06-16 22:35:51,887]  INFO {AUDIT_LOG} - GET /api/am/devportal/subscriptions?apiId=d02418ae-ab94-438a-87c1-83b37ef15067&limit=25 user: admin@carbon.super app: on910Eic3ALVOI0ssrp4olzhtsAa
TID: [-1234] [2023-06-16 22:35:51,887]  INFO {AUDIT_LOG} - GET /api/am/devportal/apis/d02418ae-ab94-438a-87c1-83b37ef15067 user: admin@carbon.super app: on910Eic3ALVOI0ssrp4olzhtsAa
TID: [-1234] [2023-06-16 22:35:51,888]  INFO {AUDIT_LOG} - GET /api/am/devportal/applications?limit=5000 user: admin@carbon.super app: on910Eic3ALVOI0ssrp4olzhtsAa
TID: [-1234] [2023-06-16 22:35:51,895]  INFO {AUDIT_LOG} - GET /api/am/devportal/subscriptions?apiId=d02418ae-ab94-438a-87c1-83b37ef15067&limit=5000 user: admin@carbon.super app: on910Eic3ALVOI0ssrp4olzhtsAa
TID: [-1234] [2023-06-16 22:35:52,998]  INFO {AUDIT_LOG} - GET /api/am/publisher/apis/d02418ae-ab94-438a-87c1-83b37ef15067 user: admin@carbon.super app: bcnL5Jqa63Z3eEnQ8WMegfk9rKsa
TID: [-1234] [2023-06-16 22:35:52,998]  INFO {AUDIT_LOG} - GET /api/am/publisher/settings user: admin@carbon.super app: bcnL5Jqa63Z3eEnQ8WMegfk9rKsa
TID: [-1234] [2023-06-16 22:35:52,998]  INFO {AUDIT_LOG} - GET /api/am/publisher/tenants?state=active user: admin@carbon.super app: bcnL5Jqa63Z3eEnQ8WMegfk9rKsa
TID: [-1234] [2023-06-16 22:35:53,170]  INFO {AUDIT_LOG} - GET /api/am/devportal/apis/d02418ae-ab94-438a-87c1-83b37ef15067 user: admin@carbon.super app: on910Eic3ALVOI0ssrp4olzhtsAa
TID: [-1234] [2023-06-16 22:35:53,241]  INFO {AUDIT_LOG} - GET /api/am/devportal/apis/d02418ae-ab94-438a-87c1-83b37ef15067/swagger?environmentName=Default user: admin@carbon.super app: on910Eic3ALVOI0ssrp4olzhtsAa
TID: [-1234] [2023-06-16 22:35:53,538]  INFO {AUDIT_LOG} - GET /api/am/devportal/key-managers user: admin@carbon.super app: on910Eic3ALVOI0ssrp4olzhtsAa
TID: [-1234] [2023-06-16 22:35:53,538]  INFO {AUDIT_LOG} - GET /api/am/devportal/subscriptions?apiId=d02418ae-ab94-438a-87c1-83b37ef15067&limit=25 user: admin@carbon.super app: on910Eic3ALVOI0ssrp4olzhtsAa
TID: [-1234] [2023-06-16 22:35:53,720]  INFO {AUDIT_LOG} - GET /api/am/devportal/subscriptions?apiId=d02418ae-ab94-438a-87c1-83b37ef15067&limit=25 user: admin@carbon.super app: on910Eic3ALVOI0ssrp4olzhtsAa
TID: [-1234] [2023-06-16 22:35:53,823]  INFO {AUDIT_LOG} - GET /api/am/publisher/apis/d02418ae-ab94-438a-87c1-83b37ef15067/revisions user: admin@carbon.super app: bcnL5Jqa63Z3eEnQ8WMegfk9rKsa
TID: [-1234] [2023-06-16 22:35:53,823]  INFO {AUDIT_LOG} - GET /api/am/publisher/apis/d02418ae-ab94-438a-87c1-83b37ef15067/revisions?query=deployed%3Atrue user: admin@carbon.super app: bcnL5Jqa63Z3eEnQ8WMegfk9rKsa
TID: [-1234] [2023-06-16 22:35:53,898]  INFO {AUDIT_LOG} - GET /api/am/devportal/applications/ user: admin@carbon.super app: on910Eic3ALVOI0ssrp4olzhtsAa
TID: [-1234] [2023-06-16 22:35:54,062]  INFO {AUDIT_LOG} - GET /api/am/devportal/applications/6cc3231f-f7b9-437e-93fd-41d67fc514af user: admin@carbon.super app: on910Eic3ALVOI0ssrp4olzhtsAa
TID: [-1234] [2023-06-16 22:35:54,086]  INFO {AUDIT_LOG} - GET /api/am/devportal/applications/6cc3231f-f7b9-437e-93fd-41d67fc514af/oauth-keys user: admin@carbon.super app: on910Eic3ALVOI0ssrp4olzhtsAa
TID: [-1234] [2023-06-16 22:35:54,201]  INFO {AUDIT_LOG} - GET /api/am/publisher/apis/d02418ae-ab94-438a-87c1-83b37ef15067/revisions?query=deployed%3Atrue user: admin@carbon.super app: bcnL5Jqa63Z3eEnQ8WMegfk9rKsa
TID: [-1234] [2023-06-16 22:35:54,201]  INFO {AUDIT_LOG} - GET /api/am/publisher/apis/d02418ae-ab94-438a-87c1-83b37ef15067/swagger user: admin@carbon.super app: bcnL5Jqa63Z3eEnQ8WMegfk9rKsa
TID: [-1234] [2023-06-16 22:35:54,306]  INFO {AUDIT_LOG} - GET /api/am/devportal/applications/6cc3231f-f7b9-437e-93fd-41d67fc514af user: admin@carbon.super app: on910Eic3ALVOI0ssrp4olzhtsAa
TID: [-1234] [2023-06-16 22:35:54,450]  INFO {AUDIT_LOG} - GET /api/am/devportal/applications/6cc3231f-f7b9-437e-93fd-41d67fc514af user: admin@carbon.super app: on910Eic3ALVOI0ssrp4olzhtsAa
TID: [-1234] [2023-06-16 22:35:54,460]  INFO {AUDIT_LOG} - GET /api/am/devportal/applications/6cc3231f-f7b9-437e-93fd-41d67fc514af/oauth-keys user: admin@carbon.super app: on910Eic3ALVOI0ssrp4olzhtsAa
TID: [-1234] [2023-06-16 22:35:54,478]  INFO {AUDIT_LOG} - GET /api/am/devportal/applications/6cc3231f-f7b9-437e-93fd-41d67fc514af/oauth-keys user: admin@carbon.super app: on910Eic3ALVOI0ssrp4olzhtsAa
TID: [-1234] [2023-06-16 22:35:56,733]  INFO {AUDIT_LOG} - GET /api/am/devportal/applications/6cc3231f-f7b9-437e-93fd-41d67fc514af user: admin@carbon.super app: on910Eic3ALVOI0ssrp4olzhtsAa
TID: [-1234] [2023-06-16 22:35:56,752]  INFO {AUDIT_LOG} - GET /api/am/devportal/applications/6cc3231f-f7b9-437e-93fd-41d67fc514af/oauth-keys user: admin@carbon.super app: on910Eic3ALVOI0ssrp4olzhtsAa
TID: [-1234] [2023-06-16 22:35:56,773]  INFO {AUDIT_LOG} - POST /api/am/devportal/applications/6cc3231f-f7b9-437e-93fd-41d67fc514af/oauth-keys/938ecc53-bc18-450d-be7f-559f13ed7b8d/generate-token user: admin@carbon.super app: on910Eic3ALVOI0ssrp4olzhtsAa
TID: [-1234] [2023-06-16 22:35:56,816]  INFO {AUDIT_LOG} - {"performedBy":"admin","action":"updated","typ":"Application","info":{"Re-Generated Keys for application with client Id":"HGEn3LkCPoEDwSGqTtl6qsqUlj0a"}}
TID: [-1234] [2023-06-16 22:35:56,896]  INFO {AUDIT_LOG} - Initiator=wso2.system.user Action=Get-User-Claim-Values Target=admin Data={"Claims":{},"Profile":"default"} Outcome=Success
TID: [-1234] [2023-06-16 22:35:56,897]  INFO {AUDIT_LOG} - Initiator=wso2.system.user Action=Get-User-Claim-Values Target=admin Data={"Claims":{},"Profile":"default"} Outcome=Success
TID: [-1234] [2023-06-16 22:35:56,898]  INFO {AUDIT_LOG} - Initiator=wso2.system.user Action=Get-User-Claim-Values Target=admin Data={"Claims":{},"Profile":"default"} Outcome=Success
TID: [] [2023-06-16 22:36:01,502]  INFO {AUDIT_LOG} - Initiator=wso2.system.user Action=Get-User-Claim-Values Target=admin Data={"Claims":{},"Profile":"default"} Outcome=Success
TID: [] [2023-06-16 22:36:01,503]  INFO {AUDIT_LOG} - Initiator=wso2.system.user Action=Get-User-Claim-Values Target=admin Data={"Claims":{},"Profile":"default"} Outcome=Success
TID: [] [2023-06-16 22:36:01,503]  INFO {AUDIT_LOG} - Initiator=wso2.system.user Action=Get-User-Claim-Values Target=admin Data={"Claims":{},"Profile":"default"} Outcome=Success
TID: [-1234] [2023-06-16 23:02:32,134]  INFO {AUDIT_LOG} - Initiator=wso2.system.user Action=Get-User-Claim-Values Target=admin Data={"Claims":{},"Profile":"default"} Outcome=Success
TID: [-1234] [2023-06-16 23:02:32,140]  INFO {AUDIT_LOG} - Initiator=wso2.system.user Action=Get-User-Claim-Values Target=admin Data={"Claims":{},"Profile":"default"} Outcome=Success
TID: [-1234] [2023-06-16 23:02:32,141]  INFO {AUDIT_LOG} - Initiator=wso2.system.user Action=Get-User-Claim-Values Target=admin Data={"Claims":{},"Profile":"default"} Outcome=Success
TID: [-1234] [2023-06-16 23:02:32,167]  INFO {AUDIT_LOG} - Initiator=wso2.system.user Action=Get-Roles-of-User Target=admin Data={"Filter":"*","Roles":["Internal/subscriber","Internal/creator","Internal/publisher","Internal/everyone","Internal/devops","admin","Internal/analytics","Internal/observer","Internal/integration_dev"]} Outcome=Success
TID: [-1234] [2023-06-16 23:02:32,649]  INFO {AUDIT_LOG} - Initiator=wso2.system.user Action=Get-User-Claim-Values Target=admin Data={"Claims":{},"Profile":"default"} Outcome=Success
TID: [-1234] [2023-06-16 23:02:32,651]  INFO {AUDIT_LOG} - Initiator=wso2.system.user Action=Get-User-Claim-Values Target=admin Data={"Claims":{},"Profile":"default"} Outcome=Success
TID: [-1234] [2023-06-16 23:02:32,652]  INFO {AUDIT_LOG} - Initiator=wso2.system.user Action=Get-User-Claim-Values Target=admin Data={"Claims":{},"Profile":"default"} Outcome=Success
TID: [] [2023-06-16 23:02:39,204]  INFO {AUDIT_LOG} - Initiator=wso2.system.user Action=Get-User-Claim-Values Target=admin Data={"Claims":{},"Profile":"default"} Outcome=Success
TID: [] [2023-06-16 23:02:39,206]  INFO {AUDIT_LOG} - Initiator=wso2.system.user Action=Get-User-Claim-Values Target=admin Data={"Claims":{},"Profile":"default"} Outcome=Success
TID: [] [2023-06-16 23:02:39,206]  INFO {AUDIT_LOG} - Initiator=wso2.system.user Action=Get-User-Claim-Values Target=admin Data={"Claims":{},"Profile":"default"} Outcome=Success
TID: [-1234] [2023-06-16 23:05:01,477]  INFO {AUDIT_LOG} - Initiator=wso2.system.user Action=Get-User-Claim-Values Target=admin Data={"Claims":{},"Profile":"default"} Outcome=Success
TID: [-1234] [2023-06-16 23:05:01,481]  INFO {AUDIT_LOG} - Initiator=wso2.system.user Action=Get-User-Claim-Values Target=admin Data={"Claims":{},"Profile":"default"} Outcome=Success
TID: [-1234] [2023-06-16 23:05:01,481]  INFO {AUDIT_LOG} - Initiator=wso2.system.user Action=Get-User-Claim-Values Target=admin Data={"Claims":{},"Profile":"default"} Outcome=Success
TID: [-1234] [2023-06-16 23:05:01,789]  INFO {AUDIT_LOG} - Initiator=wso2.system.user Action=Get-User-Claim-Values Target=admin Data={"Claims":{},"Profile":"default"} Outcome=Success
TID: [-1234] [2023-06-16 23:05:01,790]  INFO {AUDIT_LOG} - Initiator=wso2.system.user Action=Get-User-Claim-Values Target=admin Data={"Claims":{},"Profile":"default"} Outcome=Success
TID: [-1234] [2023-06-16 23:05:01,790]  INFO {AUDIT_LOG} - Initiator=wso2.system.user Action=Get-User-Claim-Values Target=admin Data={"Claims":{},"Profile":"default"} Outcome=Success
TID: [-1234] [2023-06-16 23:08:30,360]  INFO {AUDIT_LOG} - Initiator=wso2.system.user Action=Get-User-Claim-Values Target=admin Data={"Claims":{},"Profile":"default"} Outcome=Success
TID: [-1234] [2023-06-16 23:08:30,371]  INFO {AUDIT_LOG} - Initiator=wso2.system.user Action=Get-User-Claim-Values Target=admin Data={"Claims":{},"Profile":"default"} Outcome=Success
TID: [-1234] [2023-06-16 23:08:30,377]  INFO {AUDIT_LOG} - Initiator=wso2.system.user Action=Get-User-Claim-Values Target=admin Data={"Claims":{},"Profile":"default"} Outcome=Success
TID: [-1234] [2023-06-16 23:08:30,730]  INFO {AUDIT_LOG} - Initiator=wso2.system.user Action=Get-User-Claim-Values Target=admin Data={"Claims":{},"Profile":"default"} Outcome=Success
TID: [-1234] [2023-06-16 23:08:30,736]  INFO {AUDIT_LOG} - Initiator=wso2.system.user Action=Get-User-Claim-Values Target=admin Data={"Claims":{},"Profile":"default"} Outcome=Success
TID: [-1234] [2023-06-16 23:08:30,736]  INFO {AUDIT_LOG} - Initiator=wso2.system.user Action=Get-User-Claim-Values Target=admin Data={"Claims":{},"Profile":"default"} Outcome=Success
TID: [-1234] [2023-06-16 23:09:56,632]  INFO {AUDIT_LOG} - Initiator=wso2.system.user Action=Get-User-Claim-Values Target=admin Data={"Claims":{},"Profile":"default"} Outcome=Success
TID: [-1234] [2023-06-16 23:09:56,644]  INFO {AUDIT_LOG} - Initiator=wso2.system.user Action=Get-User-Claim-Values Target=admin Data={"Claims":{},"Profile":"default"} Outcome=Success
TID: [-1234] [2023-06-16 23:09:56,644]  INFO {AUDIT_LOG} - Initiator=wso2.system.user Action=Get-User-Claim-Values Target=admin Data={"Claims":{},"Profile":"default"} Outcome=Success
TID: [-1234] [2023-06-16 23:09:56,871]  INFO {AUDIT_LOG} - Initiator=wso2.system.user Action=Get-User-Claim-Values Target=admin Data={"Claims":{},"Profile":"default"} Outcome=Success
TID: [-1234] [2023-06-16 23:09:56,871]  INFO {AUDIT_LOG} - Initiator=wso2.system.user Action=Get-User-Claim-Values Target=admin Data={"Claims":{},"Profile":"default"} Outcome=Success
TID: [-1234] [2023-06-16 23:09:56,871]  INFO {AUDIT_LOG} - Initiator=wso2.system.user Action=Get-User-Claim-Values Target=admin Data={"Claims":{},"Profile":"default"} Outcome=Success
TID: [-1234] [2023-06-16 23:15:32,999]  INFO {AUDIT_LOG} - Initiator=wso2.system.user Action=Get-User-Claim-Values Target=admin Data={"Claims":{},"Profile":"default"} Outcome=Success
TID: [-1234] [2023-06-16 23:15:33,005]  INFO {AUDIT_LOG} - Initiator=wso2.system.user Action=Get-User-Claim-Values Target=admin Data={"ServiceProviderName":"apim_publisher","Claims":{"http://wso2.org/claims/username":"admin","http://wso2.org/claims/userid":"1d104770-8f1b-4bdb-94d1-2322f15843bf","http://wso2.org/claims/role":"Internal/subscriber,Internal/creator,Internal/publisher,Internal/everyone,Internal/devops,admin,Internal/analytics,Internal/observer,Internal/integration_dev","http://wso2.org/claims/userprincipal":"admin"}} Outcome=Success
TID: [-1234] [2023-06-16 23:15:33,128]  INFO {AUDIT_LOG} - Initiator : admin | Action : UpdateSession | Data : { {"traceId":"f6d0124e-dd33-4e04-9a71-a9d576834434","RememberMe":true,"sessionContextId":"beb6d5c0fdf2a24acaadb7829bdeff48996e56c2f170a8ee5dc8ac73892ee21f","AuthenticatedUserTenantDomain":"carbon.super","AuthenticatedUser":"admin","LastAccessedTimestamp":1686953733024} } | Result : Success 
TID: [-1234] [2023-06-16 23:15:33,132]  INFO {AUDIT_LOG} - Initiator : admin | Action : Login | Target : ApplicationAuthenticationFramework | Data : { "ContextIdentifier" : "3404150c-bbe9-4129-9594-e16156205780","AuthenticatedUser" : "admin","AuthenticatedUserTenantDomain" : "carbon.super","ServiceProviderName" : "apim_publisher","RequestType" : "oidc","RelyingParty" : "bcnL5Jqa63Z3eEnQ8WMegfk9rKsa","AuthenticatedIdPs" : "eyJ0eXAiOiJKV1QiLCJhbGciOiJIUzI1NiJ9.eyJpc3MiOiJ3c28yIiwiZXhwIjoxNjg2OTUzNzM2MDAxLCJpYXQiOjE2ODY5NTM3MzMwMDEsImlkcHMiOlt7ImlkcCI6IkxPQ0FMIiwiYXV0aGVudGljYXRvciI6IkJhc2ljQXV0aGVudGljYXRvciJ9XX0.W0OrSa5JOS9hjWq5p1JlUen5UXboWKNGSqYrWZhvLxU","User Agent" : "null","RemoteAddress" : "null","UserStoreDomain" : "PRIMARY" } | Result : Success 
TID: [-1234] [2023-06-16 23:15:33,289]  INFO {AUDIT_LOG} - Initiator=wso2.system.user Action=Get-User-List Target=null Data={"Claim Value":"admin","Users":["admin"],"Claim":"http://wso2.org/claims/username"} Outcome=Success
TID: [-1234] [2023-06-16 23:15:33,300]  INFO {AUDIT_LOG} - Initiator=wso2.system.user Action=Get-User-Claim-Values Target=admin Data={"Claims":{},"Profile":"default"} Outcome=Success
TID: [-1234] [2023-06-16 23:15:33,300]  INFO {AUDIT_LOG} - Initiator=wso2.system.user Action=Get-User-Claim-Values Target=admin Data={"Claims":{},"Profile":"default"} Outcome=Success
TID: [-1234] [2023-06-16 23:15:33,300]  INFO {AUDIT_LOG} - Initiator=wso2.system.user Action=Get-User-Claim-Values Target=admin Data={"Claims":{},"Profile":"default"} Outcome=Success
TID: [-1234] [2023-06-16 23:15:33,760]  INFO {AUDIT_LOG} - GET /api/am/publisher/apis?limit=10&offset=0 user: admin@carbon.super app: bcnL5Jqa63Z3eEnQ8WMegfk9rKsa
TID: [-1234] [2023-06-16 23:15:35,498]  INFO {AUDIT_LOG} - GET /api/am/publisher/tenants?state=active user: admin@carbon.super app: bcnL5Jqa63Z3eEnQ8WMegfk9rKsa
TID: [-1234] [2023-06-16 23:15:35,498]  INFO {AUDIT_LOG} - GET /api/am/publisher/apis/d02418ae-ab94-438a-87c1-83b37ef15067 user: admin@carbon.super app: bcnL5Jqa63Z3eEnQ8WMegfk9rKsa
TID: [-1234] [2023-06-16 23:15:35,515]  INFO {AUDIT_LOG} - GET /api/am/publisher/settings user: admin@carbon.super app: bcnL5Jqa63Z3eEnQ8WMegfk9rKsa
TID: [-1234] [2023-06-16 23:15:36,171]  INFO {AUDIT_LOG} - GET /api/am/publisher/apis/d02418ae-ab94-438a-87c1-83b37ef15067/revisions?query=deployed%3Atrue user: admin@carbon.super app: bcnL5Jqa63Z3eEnQ8WMegfk9rKsa
TID: [-1234] [2023-06-16 23:15:36,171]  INFO {AUDIT_LOG} - GET /api/am/publisher/apis/d02418ae-ab94-438a-87c1-83b37ef15067/revisions user: admin@carbon.super app: bcnL5Jqa63Z3eEnQ8WMegfk9rKsa
TID: [-1234] [2023-06-16 23:15:36,329]  INFO {AUDIT_LOG} - GET /api/am/publisher/apis/d02418ae-ab94-438a-87c1-83b37ef15067/swagger user: admin@carbon.super app: bcnL5Jqa63Z3eEnQ8WMegfk9rKsa
TID: [-1234] [2023-06-16 23:15:36,331]  INFO {AUDIT_LOG} - GET /api/am/publisher/apis/d02418ae-ab94-438a-87c1-83b37ef15067/revisions?query=deployed%3Atrue user: admin@carbon.super app: bcnL5Jqa63Z3eEnQ8WMegfk9rKsa
TID: [-1234] [2023-06-16 23:15:36,453]  INFO {AUDIT_LOG} - GET /api/am/publisher/apis/d02418ae-ab94-438a-87c1-83b37ef15067/revisions?query=deployed%3Atrue user: admin@carbon.super app: bcnL5Jqa63Z3eEnQ8WMegfk9rKsa
TID: [-1234] [2023-06-16 23:15:36,455]  INFO {AUDIT_LOG} - GET /api/am/publisher/apis/d02418ae-ab94-438a-87c1-83b37ef15067/swagger user: admin@carbon.super app: bcnL5Jqa63Z3eEnQ8WMegfk9rKsa
TID: [-1234] [2023-06-16 23:15:36,538]  INFO {AUDIT_LOG} - GET /api/am/publisher/apis/d02418ae-ab94-438a-87c1-83b37ef15067/swagger user: admin@carbon.super app: bcnL5Jqa63Z3eEnQ8WMegfk9rKsa
TID: [-1234] [2023-06-16 23:15:36,539]  INFO {AUDIT_LOG} - GET /api/am/publisher/apis/d02418ae-ab94-438a-87c1-83b37ef15067/revisions?query=deployed%3Atrue user: admin@carbon.super app: bcnL5Jqa63Z3eEnQ8WMegfk9rKsa
TID: [-1234] [2023-06-16 23:15:40,469]  INFO {AUDIT_LOG} - GET /api/am/publisher/apis/d02418ae-ab94-438a-87c1-83b37ef15067/swagger user: admin@carbon.super app: bcnL5Jqa63Z3eEnQ8WMegfk9rKsa
TID: [-1234] [2023-06-16 23:15:40,470]  INFO {AUDIT_LOG} - GET /api/am/publisher/endpoint-certificates?endpoint=http%3A%2F%2Flocalhost%3A8290%2FACME user: admin@carbon.super app: bcnL5Jqa63Z3eEnQ8WMegfk9rKsa
TID: [-1234] [2023-06-16 23:28:29,765]  INFO {AUDIT_LOG} - Initiator=wso2.system.user Action=Get-User-Claim-Values Target=admin Data={"Claims":{},"Profile":"default"} Outcome=Success
TID: [-1234] [2023-06-16 23:28:29,788]  INFO {AUDIT_LOG} - Initiator=wso2.system.user Action=Get-Roles-of-User Target=admin Data={"ServiceProviderName":"apim_devportal","Filter":"*","Roles":["Internal/subscriber","Internal/creator","Internal/publisher","Internal/everyone","Internal/devops","admin","Internal/analytics","Internal/observer","Internal/integration_dev"]} Outcome=Success
TID: [-1234] [2023-06-16 23:28:29,789]  INFO {AUDIT_LOG} - Initiator=wso2.system.user Action=Get-User-Claim-Values Target=admin Data={"ServiceProviderName":"apim_devportal","Claims":{"http://wso2.org/claims/username":"admin","http://wso2.org/claims/userid":"1d104770-8f1b-4bdb-94d1-2322f15843bf","http://wso2.org/claims/role":"Internal/subscriber,Internal/creator,Internal/publisher,Internal/everyone,Internal/devops,admin,Internal/analytics,Internal/observer,Internal/integration_dev","http://wso2.org/claims/userprincipal":"admin"}} Outcome=Success
TID: [-1234] [2023-06-16 23:28:29,811]  INFO {AUDIT_LOG} - Initiator : admin | Action : UpdateSession | Data : { {"traceId":"06259933-6d06-4ebb-a105-a08560cd6709","RememberMe":true,"sessionContextId":"beb6d5c0fdf2a24acaadb7829bdeff48996e56c2f170a8ee5dc8ac73892ee21f","AuthenticatedUserTenantDomain":"carbon.super","AuthenticatedUser":"admin","LastAccessedTimestamp":1686954509797} } | Result : Success 
TID: [-1234] [2023-06-16 23:28:29,827]  INFO {AUDIT_LOG} - Initiator : admin | Action : Login | Target : ApplicationAuthenticationFramework | Data : { "ContextIdentifier" : "ba1324ee-68fa-4fa6-bd7f-5d3fe68db0bd","AuthenticatedUser" : "admin","AuthenticatedUserTenantDomain" : "carbon.super","ServiceProviderName" : "apim_devportal","RequestType" : "oidc","RelyingParty" : "on910Eic3ALVOI0ssrp4olzhtsAa","AuthenticatedIdPs" : "eyJ0eXAiOiJKV1QiLCJhbGciOiJIUzI1NiJ9.eyJpc3MiOiJ3c28yIiwiZXhwIjoxNjg2OTU0NTEyNzcyLCJpYXQiOjE2ODY5NTQ1MDk3NzIsImlkcHMiOlt7ImlkcCI6IkxPQ0FMIiwiYXV0aGVudGljYXRvciI6IkJhc2ljQXV0aGVudGljYXRvciJ9XX0.osHGLzLpMHIG01iZPacYFnzT7O5NSQnNWOW76YD9D7A","User Agent" : "null","RemoteAddress" : "null","UserStoreDomain" : "PRIMARY" } | Result : Success 
TID: [-1234] [2023-06-16 23:28:30,906]  INFO {AUDIT_LOG} - Initiator=wso2.system.user Action=Get-User-List Target=null Data={"UserName":"admin","Claim Value":"admin","Users":["admin"],"Claim":"http://wso2.org/claims/username"} Outcome=Success
TID: [-1234] [2023-06-16 23:28:30,966]  INFO {AUDIT_LOG} - Initiator=wso2.system.user Action=Get-User-Claim-Values Target=admin Data={"Claims":{},"UserName":"admin","Profile":"default"} Outcome=Success
TID: [-1234] [2023-06-16 23:28:30,967]  INFO {AUDIT_LOG} - Initiator=wso2.system.user Action=Get-User-Claim-Values Target=admin Data={"Claims":{},"UserName":"admin","Profile":"default"} Outcome=Success
TID: [-1234] [2023-06-16 23:28:30,967]  INFO {AUDIT_LOG} - Initiator=wso2.system.user Action=Get-User-Claim-Values Target=admin Data={"Claims":{},"UserName":"admin","Profile":"default"} Outcome=Success
TID: [-1234] [2023-06-16 23:28:30,991]  INFO {AUDIT_LOG} - GET /api/am/publisher/tenants?state=active user: admin@carbon.super app: bcnL5Jqa63Z3eEnQ8WMegfk9rKsa
TID: [-1234] [2023-06-16 23:28:30,991]  INFO {AUDIT_LOG} - GET /api/am/publisher/settings user: admin@carbon.super app: bcnL5Jqa63Z3eEnQ8WMegfk9rKsa
TID: [-1234] [2023-06-16 23:28:30,998]  INFO {AUDIT_LOG} - GET /api/am/publisher/apis/d02418ae-ab94-438a-87c1-83b37ef15067 user: admin@carbon.super app: bcnL5Jqa63Z3eEnQ8WMegfk9rKsa
TID: [-1234] [2023-06-16 23:28:31,053]  INFO {AUDIT_LOG} - GET /api/am/devportal/settings user: admin@carbon.super app: on910Eic3ALVOI0ssrp4olzhtsAa
TID: [-1234] [2023-06-16 23:28:31,168]  INFO {AUDIT_LOG} - GET /api/am/devportal/tags user: admin@carbon.super app: on910Eic3ALVOI0ssrp4olzhtsAa
TID: [-1234] [2023-06-16 23:28:31,168]  INFO {AUDIT_LOG} - GET /api/am/devportal/api-categories user: admin@carbon.super app: on910Eic3ALVOI0ssrp4olzhtsAa
TID: [-1234] [2023-06-16 23:28:31,175]  INFO {AUDIT_LOG} - GET /api/am/devportal/apis?limit=10&offset=0 user: admin@carbon.super app: on910Eic3ALVOI0ssrp4olzhtsAa
TID: [-1234] [2023-06-16 23:28:31,596]  INFO {AUDIT_LOG} - GET /api/am/devportal/apis/d02418ae-ab94-438a-87c1-83b37ef15067/thumbnail user: admin@carbon.super app: on910Eic3ALVOI0ssrp4olzhtsAa
TID: [-1234] [2023-06-16 23:28:31,597]  INFO {AUDIT_LOG} - GET /api/am/devportal/apis/d02418ae-ab94-438a-87c1-83b37ef15067/ratings user: admin@carbon.super app: on910Eic3ALVOI0ssrp4olzhtsAa
TID: [-1234] [2023-06-16 23:28:31,606]  INFO {AUDIT_LOG} - GET /api/am/devportal/apis/c6b17439-fa73-4d33-a618-bf5b18176cd8/thumbnail user: admin@carbon.super app: on910Eic3ALVOI0ssrp4olzhtsAa
TID: [-1234] [2023-06-16 23:28:31,607]  INFO {AUDIT_LOG} - GET /api/am/devportal/apis/6f7f8f85-a5f3-428e-b187-cbdb08192bba/ratings user: admin@carbon.super app: on910Eic3ALVOI0ssrp4olzhtsAa
TID: [-1234] [2023-06-16 23:28:31,606]  INFO {AUDIT_LOG} - GET /api/am/devportal/apis/6f7f8f85-a5f3-428e-b187-cbdb08192bba/thumbnail user: admin@carbon.super app: on910Eic3ALVOI0ssrp4olzhtsAa
TID: [-1234] [2023-06-16 23:28:31,631]  INFO {AUDIT_LOG} - GET /api/am/devportal/apis/c6b17439-fa73-4d33-a618-bf5b18176cd8/ratings user: admin@carbon.super app: on910Eic3ALVOI0ssrp4olzhtsAa
TID: [-1234] [2023-06-16 23:28:31,709]  INFO {AUDIT_LOG} - GET /api/am/publisher/apis/d02418ae-ab94-438a-87c1-83b37ef15067/revisions?query=deployed%3Atrue user: admin@carbon.super app: bcnL5Jqa63Z3eEnQ8WMegfk9rKsa
TID: [-1234] [2023-06-16 23:28:31,709]  INFO {AUDIT_LOG} - GET /api/am/publisher/apis/d02418ae-ab94-438a-87c1-83b37ef15067/revisions user: admin@carbon.super app: bcnL5Jqa63Z3eEnQ8WMegfk9rKsa
TID: [-1234] [2023-06-16 23:28:31,946]  INFO {AUDIT_LOG} - GET /api/am/publisher/apis/d02418ae-ab94-438a-87c1-83b37ef15067/swagger user: admin@carbon.super app: bcnL5Jqa63Z3eEnQ8WMegfk9rKsa
TID: [-1234] [2023-06-16 23:28:31,946]  INFO {AUDIT_LOG} - GET /api/am/publisher/apis/d02418ae-ab94-438a-87c1-83b37ef15067/revisions?query=deployed%3Atrue user: admin@carbon.super app: bcnL5Jqa63Z3eEnQ8WMegfk9rKsa
TID: [-1234] [2023-06-16 23:31:18,223]  INFO {AUDIT_LOG} - Initiator=wso2.system.user Action=Get-User-Claim-Values Target=admin Data={"Claims":{},"Profile":"default"} Outcome=Success
TID: [-1234] [2023-06-16 23:31:18,226]  INFO {AUDIT_LOG} - Initiator=wso2.system.user Action=Get-User-Claim-Values Target=admin Data={"Claims":{},"Profile":"default"} Outcome=Success
TID: [-1234] [2023-06-16 23:31:18,226]  INFO {AUDIT_LOG} - Initiator=wso2.system.user Action=Get-User-Claim-Values Target=admin Data={"Claims":{},"Profile":"default"} Outcome=Success
TID: [-1234] [2023-06-16 23:31:18,555]  INFO {AUDIT_LOG} - Initiator=wso2.system.user Action=Get-User-Claim-Values Target=admin Data={"Claims":{},"Profile":"default"} Outcome=Success
TID: [-1234] [2023-06-16 23:31:18,555]  INFO {AUDIT_LOG} - Initiator=wso2.system.user Action=Get-User-Claim-Values Target=admin Data={"Claims":{},"Profile":"default"} Outcome=Success
TID: [-1234] [2023-06-16 23:31:18,555]  INFO {AUDIT_LOG} - Initiator=wso2.system.user Action=Get-User-Claim-Values Target=admin Data={"Claims":{},"Profile":"default"} Outcome=Success
TID: [-1234] [2023-06-16 23:33:21,697]  INFO {AUDIT_LOG} - Initiator=wso2.system.user Action=Get-User-Claim-Values Target=admin Data={"Claims":{},"UserName":"admin","Profile":"default"} Outcome=Success
TID: [-1234] [2023-06-16 23:33:21,700]  INFO {AUDIT_LOG} - Initiator=wso2.system.user Action=Get-User-Claim-Values Target=admin Data={"Claims":{},"UserName":"admin","Profile":"default"} Outcome=Success
TID: [-1234] [2023-06-16 23:33:21,700]  INFO {AUDIT_LOG} - Initiator=wso2.system.user Action=Get-User-Claim-Values Target=admin Data={"Claims":{},"UserName":"admin","Profile":"default"} Outcome=Success
TID: [-1234] [2023-06-16 23:33:21,987]  INFO {AUDIT_LOG} - Initiator=wso2.system.user Action=Get-User-Claim-Values Target=admin Data={"Claims":{},"Profile":"default"} Outcome=Success
TID: [-1234] [2023-06-16 23:33:21,988]  INFO {AUDIT_LOG} - Initiator=wso2.system.user Action=Get-User-Claim-Values Target=admin Data={"Claims":{},"Profile":"default"} Outcome=Success
TID: [-1234] [2023-06-16 23:33:21,988]  INFO {AUDIT_LOG} - Initiator=wso2.system.user Action=Get-User-Claim-Values Target=admin Data={"Claims":{},"Profile":"default"} Outcome=Success
TID: [] [2023-06-16 23:33:35,562]  INFO {AUDIT_LOG} - Initiator=wso2.system.user Action=Get-User-Claim-Values Target=admin Data={"Claims":{},"Profile":"default"} Outcome=Success
TID: [] [2023-06-16 23:33:35,563]  INFO {AUDIT_LOG} - Initiator=wso2.system.user Action=Get-User-Claim-Values Target=admin Data={"Claims":{},"Profile":"default"} Outcome=Success
TID: [] [2023-06-16 23:33:35,563]  INFO {AUDIT_LOG} - Initiator=wso2.system.user Action=Get-User-Claim-Values Target=admin Data={"Claims":{},"Profile":"default"} Outcome=Success
TID: [-1234] [2023-06-16 23:37:35,937]  INFO {AUDIT_LOG} - Initiator=wso2.system.user Action=Get-User-Claim-Values Target=admin Data={"Claims":{},"Profile":"default"} Outcome=Success
TID: [-1234] [2023-06-16 23:37:35,943]  INFO {AUDIT_LOG} - Initiator=wso2.system.user Action=Get-User-Claim-Values Target=admin Data={"Claims":{},"Profile":"default"} Outcome=Success
TID: [-1234] [2023-06-16 23:37:35,943]  INFO {AUDIT_LOG} - Initiator=wso2.system.user Action=Get-User-Claim-Values Target=admin Data={"Claims":{},"Profile":"default"} Outcome=Success
TID: [-1234] [2023-06-16 23:37:36,329]  INFO {AUDIT_LOG} - Initiator=wso2.system.user Action=Get-User-Claim-Values Target=admin Data={"Claims":{},"Profile":"default"} Outcome=Success
TID: [-1234] [2023-06-16 23:37:36,330]  INFO {AUDIT_LOG} - Initiator=wso2.system.user Action=Get-User-Claim-Values Target=admin Data={"Claims":{},"Profile":"default"} Outcome=Success
TID: [-1234] [2023-06-16 23:37:36,330]  INFO {AUDIT_LOG} - Initiator=wso2.system.user Action=Get-User-Claim-Values Target=admin Data={"Claims":{},"Profile":"default"} Outcome=Success
TID: [-1234] [2023-06-16 23:37:55,095]  INFO {AUDIT_LOG} - GET /api/am/devportal/subscriptions?apiId=d02418ae-ab94-438a-87c1-83b37ef15067&limit=5000 user: admin@carbon.super app: on910Eic3ALVOI0ssrp4olzhtsAa
TID: [-1234] [2023-06-16 23:37:55,095]  INFO {AUDIT_LOG} - GET /api/am/devportal/applications?limit=5000 user: admin@carbon.super app: on910Eic3ALVOI0ssrp4olzhtsAa
TID: [-1234] [2023-06-16 23:37:55,095]  INFO {AUDIT_LOG} - GET /api/am/devportal/apis/d02418ae-ab94-438a-87c1-83b37ef15067 user: admin@carbon.super app: on910Eic3ALVOI0ssrp4olzhtsAa
TID: [-1234] [2023-06-16 23:37:55,095]  INFO {AUDIT_LOG} - GET /api/am/devportal/subscriptions?apiId=d02418ae-ab94-438a-87c1-83b37ef15067&limit=25 user: admin@carbon.super app: on910Eic3ALVOI0ssrp4olzhtsAa
TID: [-1234] [2023-06-16 23:37:55,573]  INFO {AUDIT_LOG} - GET /api/am/devportal/apis/d02418ae-ab94-438a-87c1-83b37ef15067/documents user: admin@carbon.super app: on910Eic3ALVOI0ssrp4olzhtsAa
TID: [-1234] [2023-06-16 23:37:55,574]  INFO {AUDIT_LOG} - GET /api/am/devportal/throttling-policies/subscription user: admin@carbon.super app: on910Eic3ALVOI0ssrp4olzhtsAa
TID: [-1234] [2023-06-16 23:37:55,588]  INFO {AUDIT_LOG} - GET /api/am/devportal/throttling-policies/subscription user: admin@carbon.super app: on910Eic3ALVOI0ssrp4olzhtsAa
TID: [-1234] [2023-06-16 23:37:55,593]  INFO {AUDIT_LOG} - GET /api/am/devportal/apis/d02418ae-ab94-438a-87c1-83b37ef15067/documents user: admin@carbon.super app: on910Eic3ALVOI0ssrp4olzhtsAa
TID: [-1234] [2023-06-16 23:37:55,653]  INFO {AUDIT_LOG} - GET /api/am/devportal/apis/d02418ae-ab94-438a-87c1-83b37ef15067/thumbnail user: admin@carbon.super app: on910Eic3ALVOI0ssrp4olzhtsAa
TID: [-1234] [2023-06-16 23:37:55,655]  INFO {AUDIT_LOG} - GET /api/am/devportal/apis/d02418ae-ab94-438a-87c1-83b37ef15067/comments?limit=5&offset=0 user: admin@carbon.super app: on910Eic3ALVOI0ssrp4olzhtsAa
TID: [-1234] [2023-06-16 23:37:55,657]  INFO {AUDIT_LOG} - GET /api/am/devportal/apis/d02418ae-ab94-438a-87c1-83b37ef15067/ratings user: admin@carbon.super app: on910Eic3ALVOI0ssrp4olzhtsAa
TID: [-1234] [2023-06-16 23:37:56,519]  INFO {AUDIT_LOG} - GET /api/am/devportal/apis/d02418ae-ab94-438a-87c1-83b37ef15067 user: admin@carbon.super app: on910Eic3ALVOI0ssrp4olzhtsAa
TID: [-1234] [2023-06-16 23:37:56,575]  INFO {AUDIT_LOG} - GET /api/am/devportal/apis/d02418ae-ab94-438a-87c1-83b37ef15067/swagger?environmentName=Default user: admin@carbon.super app: on910Eic3ALVOI0ssrp4olzhtsAa
TID: [-1234] [2023-06-16 23:37:56,760]  INFO {AUDIT_LOG} - GET /api/am/devportal/subscriptions?apiId=d02418ae-ab94-438a-87c1-83b37ef15067&limit=25 user: admin@carbon.super app: on910Eic3ALVOI0ssrp4olzhtsAa
TID: [-1234] [2023-06-16 23:37:56,761]  INFO {AUDIT_LOG} - GET /api/am/devportal/key-managers user: admin@carbon.super app: on910Eic3ALVOI0ssrp4olzhtsAa
TID: [-1234] [2023-06-16 23:37:56,806]  INFO {AUDIT_LOG} - GET /api/am/devportal/subscriptions?apiId=d02418ae-ab94-438a-87c1-83b37ef15067&limit=25 user: admin@carbon.super app: on910Eic3ALVOI0ssrp4olzhtsAa
TID: [-1234] [2023-06-16 23:37:56,960]  INFO {AUDIT_LOG} - GET /api/am/devportal/applications/ user: admin@carbon.super app: on910Eic3ALVOI0ssrp4olzhtsAa
TID: [-1234] [2023-06-16 23:37:57,054]  INFO {AUDIT_LOG} - GET /api/am/devportal/applications/6cc3231f-f7b9-437e-93fd-41d67fc514af user: admin@carbon.super app: on910Eic3ALVOI0ssrp4olzhtsAa
TID: [-1234] [2023-06-16 23:37:57,069]  INFO {AUDIT_LOG} - GET /api/am/devportal/applications/6cc3231f-f7b9-437e-93fd-41d67fc514af/oauth-keys user: admin@carbon.super app: on910Eic3ALVOI0ssrp4olzhtsAa
TID: [-1234] [2023-06-16 23:37:57,229]  INFO {AUDIT_LOG} - GET /api/am/devportal/applications/6cc3231f-f7b9-437e-93fd-41d67fc514af user: admin@carbon.super app: on910Eic3ALVOI0ssrp4olzhtsAa
TID: [-1234] [2023-06-16 23:37:57,318]  INFO {AUDIT_LOG} - GET /api/am/devportal/applications/6cc3231f-f7b9-437e-93fd-41d67fc514af user: admin@carbon.super app: on910Eic3ALVOI0ssrp4olzhtsAa
TID: [-1234] [2023-06-16 23:37:57,324]  INFO {AUDIT_LOG} - GET /api/am/devportal/applications/6cc3231f-f7b9-437e-93fd-41d67fc514af/oauth-keys user: admin@carbon.super app: on910Eic3ALVOI0ssrp4olzhtsAa
TID: [-1234] [2023-06-16 23:37:57,335]  INFO {AUDIT_LOG} - GET /api/am/devportal/applications/6cc3231f-f7b9-437e-93fd-41d67fc514af/oauth-keys user: admin@carbon.super app: on910Eic3ALVOI0ssrp4olzhtsAa
TID: [-1234] [2023-06-16 23:37:59,702]  INFO {AUDIT_LOG} - GET /api/am/devportal/applications/6cc3231f-f7b9-437e-93fd-41d67fc514af user: admin@carbon.super app: on910Eic3ALVOI0ssrp4olzhtsAa
TID: [-1234] [2023-06-16 23:37:59,730]  INFO {AUDIT_LOG} - GET /api/am/devportal/applications/6cc3231f-f7b9-437e-93fd-41d67fc514af/oauth-keys user: admin@carbon.super app: on910Eic3ALVOI0ssrp4olzhtsAa
TID: [-1234] [2023-06-16 23:37:59,753]  INFO {AUDIT_LOG} - POST /api/am/devportal/applications/6cc3231f-f7b9-437e-93fd-41d67fc514af/oauth-keys/938ecc53-bc18-450d-be7f-559f13ed7b8d/generate-token user: admin@carbon.super app: on910Eic3ALVOI0ssrp4olzhtsAa
TID: [-1234] [2023-06-16 23:37:59,805]  INFO {AUDIT_LOG} - {"performedBy":"admin","action":"updated","typ":"Application","info":{"Re-Generated Keys for application with client Id":"HGEn3LkCPoEDwSGqTtl6qsqUlj0a"}}
TID: [-1234] [2023-06-16 23:37:59,876]  INFO {AUDIT_LOG} - Initiator=wso2.system.user Action=Get-User-Claim-Values Target=admin Data={"Claims":{},"Profile":"default"} Outcome=Success
TID: [-1234] [2023-06-16 23:37:59,879]  INFO {AUDIT_LOG} - Initiator=wso2.system.user Action=Get-User-Claim-Values Target=admin Data={"Claims":{},"Profile":"default"} Outcome=Success
TID: [-1234] [2023-06-16 23:37:59,879]  INFO {AUDIT_LOG} - Initiator=wso2.system.user Action=Get-User-Claim-Values Target=admin Data={"Claims":{},"Profile":"default"} Outcome=Success
TID: [] [2023-06-16 23:38:04,463]  INFO {AUDIT_LOG} - Initiator=wso2.system.user Action=Get-User-Claim-Values Target=admin Data={"Claims":{},"Profile":"default"} Outcome=Success
TID: [] [2023-06-16 23:38:04,463]  INFO {AUDIT_LOG} - Initiator=wso2.system.user Action=Get-User-Claim-Values Target=admin Data={"Claims":{},"Profile":"default"} Outcome=Success
TID: [] [2023-06-16 23:38:04,464]  INFO {AUDIT_LOG} - Initiator=wso2.system.user Action=Get-User-Claim-Values Target=admin Data={"Claims":{},"Profile":"default"} Outcome=Success
TID: [-1234] [2023-06-16 23:51:57,011]  INFO {AUDIT_LOG} - Initiator=wso2.system.user Action=Get-User-Claim-Values Target=admin Data={"Claims":{},"Profile":"default"} Outcome=Success
TID: [-1234] [2023-06-16 23:51:57,019]  INFO {AUDIT_LOG} - Initiator=wso2.system.user Action=Get-User-Claim-Values Target=admin Data={"Claims":{},"Profile":"default"} Outcome=Success
TID: [-1234] [2023-06-16 23:51:57,021]  INFO {AUDIT_LOG} - Initiator=wso2.system.user Action=Get-User-Claim-Values Target=admin Data={"Claims":{},"Profile":"default"} Outcome=Success
TID: [-1234] [2023-06-16 23:51:57,058]  INFO {AUDIT_LOG} - Initiator=wso2.system.user Action=Get-Roles-of-User Target=admin Data={"Filter":"*","Roles":["Internal/subscriber","Internal/creator","Internal/publisher","Internal/everyone","Internal/devops","admin","Internal/analytics","Internal/observer","Internal/integration_dev"]} Outcome=Success
TID: [-1234] [2023-06-16 23:51:57,399]  INFO {AUDIT_LOG} - Initiator=wso2.system.user Action=Get-User-Claim-Values Target=admin Data={"Claims":{},"Profile":"default"} Outcome=Success
TID: [-1234] [2023-06-16 23:51:57,409]  INFO {AUDIT_LOG} - Initiator=wso2.system.user Action=Get-User-Claim-Values Target=admin Data={"Claims":{},"Profile":"default"} Outcome=Success
TID: [-1234] [2023-06-16 23:51:57,409]  INFO {AUDIT_LOG} - Initiator=wso2.system.user Action=Get-User-Claim-Values Target=admin Data={"Claims":{},"Profile":"default"} Outcome=Success
TID: [-1234] [2023-06-16 23:56:27,641]  INFO {AUDIT_LOG} - Initiator=wso2.system.user Action=Get-User-Claim-Values Target=admin Data={"Claims":{},"UserName":"admin","Profile":"default"} Outcome=Success
TID: [-1234] [2023-06-16 23:56:27,643]  INFO {AUDIT_LOG} - Initiator=wso2.system.user Action=Get-User-Claim-Values Target=admin Data={"Claims":{},"UserName":"admin","Profile":"default"} Outcome=Success
TID: [-1234] [2023-06-16 23:56:27,644]  INFO {AUDIT_LOG} - Initiator=wso2.system.user Action=Get-User-Claim-Values Target=admin Data={"Claims":{},"UserName":"admin","Profile":"default"} Outcome=Success
TID: [-1234] [2023-06-16 23:56:27,960]  INFO {AUDIT_LOG} - Initiator=wso2.system.user Action=Get-User-Claim-Values Target=admin Data={"Claims":{},"Profile":"default"} Outcome=Success
TID: [-1234] [2023-06-16 23:56:27,961]  INFO {AUDIT_LOG} - Initiator=wso2.system.user Action=Get-User-Claim-Values Target=admin Data={"Claims":{},"Profile":"default"} Outcome=Success
TID: [-1234] [2023-06-16 23:56:27,965]  INFO {AUDIT_LOG} - Initiator=wso2.system.user Action=Get-User-Claim-Values Target=admin Data={"Claims":{},"Profile":"default"} Outcome=Success
TID: [-1234] [2023-06-16 23:57:55,289]  INFO {AUDIT_LOG} - Initiator=wso2.system.user Action=Get-User-Claim-Values Target=admin Data={"Claims":{},"Profile":"default"} Outcome=Success
TID: [-1234] [2023-06-16 23:57:55,311]  INFO {AUDIT_LOG} - Initiator=wso2.system.user Action=Get-User-Claim-Values Target=admin Data={"Claims":{},"Profile":"default"} Outcome=Success
TID: [-1234] [2023-06-16 23:57:55,312]  INFO {AUDIT_LOG} - Initiator=wso2.system.user Action=Get-User-Claim-Values Target=admin Data={"Claims":{},"Profile":"default"} Outcome=Success
TID: [-1234] [2023-06-16 23:57:55,476]  INFO {AUDIT_LOG} - Initiator=wso2.system.user Action=Get-User-Claim-Values Target=admin Data={"Claims":{},"Profile":"default"} Outcome=Success
TID: [-1234] [2023-06-16 23:57:55,477]  INFO {AUDIT_LOG} - Initiator=wso2.system.user Action=Get-User-Claim-Values Target=admin Data={"Claims":{},"Profile":"default"} Outcome=Success
TID: [-1234] [2023-06-16 23:57:55,477]  INFO {AUDIT_LOG} - Initiator=wso2.system.user Action=Get-User-Claim-Values Target=admin Data={"Claims":{},"Profile":"default"} Outcome=Success
