TID: [-1234] [2023-05-08 21:53:35,272]  INFO {AUDIT_LOG} - Initiator=wso2.system.user Action=Get-User-Claim-Values Target=admin Data={"Claims":{},"Profile":"default"} Outcome=Success
TID: [-1234] [2023-05-08 21:53:35,272]  INFO {AUDIT_LOG} - Initiator=wso2.system.user Action=Get-User-Claim-Values Target=admin Data={"Claims":{},"Profile":"default"} Outcome=Success
TID: [-1234] [2023-05-08 21:53:35,275]  INFO {AUDIT_LOG} - Initiator=wso2.system.user Action=Get-User-Claim-Values Target=admin Data={"Claims":{},"Profile":"default"} Outcome=Success
TID: [-1234] [2023-05-08 21:53:35,275]  INFO {AUDIT_LOG} - Initiator=wso2.system.user Action=Get-User-Claim-Values Target=admin Data={"Claims":{},"Profile":"default"} Outcome=Success
TID: [-1234] [2023-05-08 21:53:35,275]  INFO {AUDIT_LOG} - Initiator=wso2.system.user Action=Get-User-Claim-Values Target=admin Data={"Claims":{},"Profile":"default"} Outcome=Success
TID: [-1234] [2023-05-08 21:53:35,275]  INFO {AUDIT_LOG} - Initiator=wso2.system.user Action=Get-User-Claim-Values Target=admin Data={"Claims":{},"Profile":"default"} Outcome=Success
TID: [-1234] [2023-05-08 21:53:35,453]  INFO {AUDIT_LOG} - Initiator=wso2.system.user Action=Get-User-Claim-Values Target=admin Data={"Claims":{},"Profile":"default"} Outcome=Success
TID: [-1234] [2023-05-08 21:53:35,453]  INFO {AUDIT_LOG} - Initiator=wso2.system.user Action=Get-User-Claim-Values Target=admin Data={"Claims":{},"Profile":"default"} Outcome=Success
TID: [-1234] [2023-05-08 21:53:35,453]  INFO {AUDIT_LOG} - Initiator=wso2.system.user Action=Get-User-Claim-Values Target=admin Data={"Claims":{},"Profile":"default"} Outcome=Success
TID: [-1234] [2023-05-08 21:53:35,453]  INFO {AUDIT_LOG} - Initiator=wso2.system.user Action=Get-User-Claim-Values Target=admin Data={"Claims":{},"Profile":"default"} Outcome=Success
TID: [-1234] [2023-05-08 21:53:35,453]  INFO {AUDIT_LOG} - Initiator=wso2.system.user Action=Get-User-Claim-Values Target=admin Data={"Claims":{},"Profile":"default"} Outcome=Success
TID: [-1234] [2023-05-08 21:53:35,453]  INFO {AUDIT_LOG} - Initiator=wso2.system.user Action=Get-User-Claim-Values Target=admin Data={"Claims":{},"Profile":"default"} Outcome=Success
TID: [-1234] [2023-05-08 21:53:35,454]  INFO {AUDIT_LOG} - Initiator=wso2.system.user Action=Get-User-Claim-Values Target=admin Data={"Claims":{},"Profile":"default"} Outcome=Success
TID: [-1234] [2023-05-08 21:53:35,454]  INFO {AUDIT_LOG} - Initiator=wso2.system.user Action=Get-User-Claim-Values Target=admin Data={"Claims":{},"Profile":"default"} Outcome=Success
TID: [-1234] [2023-05-08 21:53:35,454]  INFO {AUDIT_LOG} - Initiator=wso2.system.user Action=Get-User-Claim-Values Target=admin Data={"Claims":{},"Profile":"default"} Outcome=Success
TID: [-1234] [2023-05-08 21:53:35,454]  INFO {AUDIT_LOG} - Initiator=wso2.system.user Action=Get-User-Claim-Values Target=admin Data={"Claims":{},"Profile":"default"} Outcome=Success
TID: [-1234] [2023-05-08 21:53:35,454]  INFO {AUDIT_LOG} - Initiator=wso2.system.user Action=Get-User-Claim-Values Target=admin Data={"Claims":{},"Profile":"default"} Outcome=Success
TID: [-1234] [2023-05-08 21:53:35,454]  INFO {AUDIT_LOG} - Initiator=wso2.system.user Action=Get-User-Claim-Values Target=admin Data={"Claims":{},"Profile":"default"} Outcome=Success
TID: [-1234] [2023-05-08 21:53:35,454]  INFO {AUDIT_LOG} - Initiator=wso2.system.user Action=Get-User-Claim-Values Target=admin Data={"Claims":{},"Profile":"default"} Outcome=Success
TID: [-1234] [2023-05-08 21:53:35,454]  INFO {AUDIT_LOG} - Initiator=wso2.system.user Action=Get-User-Claim-Values Target=admin Data={"Claims":{},"Profile":"default"} Outcome=Success
TID: [-1234] [2023-05-08 21:53:35,454]  INFO {AUDIT_LOG} - Initiator=wso2.system.user Action=Get-User-Claim-Values Target=admin Data={"Claims":{},"Profile":"default"} Outcome=Success
TID: [-1234] [2023-05-08 21:53:35,455]  INFO {AUDIT_LOG} - Initiator=wso2.system.user Action=Get-User-Claim-Values Target=admin Data={"Claims":{},"Profile":"default"} Outcome=Success
TID: [-1234] [2023-05-08 21:53:35,455]  INFO {AUDIT_LOG} - Initiator=wso2.system.user Action=Get-User-Claim-Values Target=admin Data={"Claims":{},"Profile":"default"} Outcome=Success
TID: [-1234] [2023-05-08 21:53:35,455]  INFO {AUDIT_LOG} - Initiator=wso2.system.user Action=Get-User-Claim-Values Target=admin Data={"Claims":{},"Profile":"default"} Outcome=Success
TID: [-1234] [2023-05-08 21:53:35,458]  INFO {AUDIT_LOG} - Initiator=wso2.system.user Action=Get-User-Claim-Values Target=admin Data={"Claims":{},"Profile":"default"} Outcome=Success
TID: [-1234] [2023-05-08 21:53:35,459]  INFO {AUDIT_LOG} - Initiator=wso2.system.user Action=Get-User-Claim-Values Target=admin Data={"Claims":{},"Profile":"default"} Outcome=Success
TID: [-1234] [2023-05-08 21:53:35,459]  INFO {AUDIT_LOG} - Initiator=wso2.system.user Action=Get-User-Claim-Values Target=admin Data={"Claims":{},"Profile":"default"} Outcome=Success
TID: [-1234] [2023-05-08 21:53:35,924]  INFO {AUDIT_LOG} - Initiator=wso2.system.user Action=Get-User-Claim-Values Target=admin Data={"Claims":{},"Profile":"default"} Outcome=Success
TID: [-1234] [2023-05-08 21:53:35,925]  INFO {AUDIT_LOG} - Initiator=wso2.system.user Action=Get-User-Claim-Values Target=admin Data={"Claims":{},"Profile":"default"} Outcome=Success
TID: [-1234] [2023-05-08 21:53:35,925]  INFO {AUDIT_LOG} - Initiator=wso2.system.user Action=Get-User-Claim-Values Target=admin Data={"Claims":{},"Profile":"default"} Outcome=Success
TID: [-1234] [2023-05-08 21:53:35,946]  INFO {AUDIT_LOG} - Initiator=wso2.system.user Action=Get-User-Claim-Values Target=admin Data={"Claims":{},"Profile":"default"} Outcome=Success
TID: [-1234] [2023-05-08 21:53:35,946]  INFO {AUDIT_LOG} - Initiator=wso2.system.user Action=Get-User-Claim-Values Target=admin Data={"Claims":{},"Profile":"default"} Outcome=Success
TID: [-1234] [2023-05-08 21:53:35,947]  INFO {AUDIT_LOG} - Initiator=wso2.system.user Action=Get-User-Claim-Values Target=admin Data={"Claims":{},"Profile":"default"} Outcome=Success
TID: [] [2023-05-08 21:53:36,151]  WARN {AUDIT_LOG} - Initiator=wso2.system.user Action=Add-User Target=apim_reserved_user Data={"Claims":{"http://wso2.org/claims/username":"apim_reserved_user","http://wso2.org/claims/userid":"ed840279-fe5e-4d8c-98fc-2e4d3d62582e"},"Roles":["internal/everyone"],"Profile":"apim_reserved_user"} Outcome=Success
TID: [] [2023-05-08 21:53:36,155]  INFO {AUDIT_LOG} - Initiator=wso2.system.user Action=Get-Roles-of-User Target=apim_reserved_user Data={"Filter":"*","Roles":["Internal/everyone"]} Outcome=Success
TID: [-1234] [2023-05-08 21:53:36,171]  INFO {AUDIT_LOG} - Initiator=wso2.system.user Action=Get-User-Claim-Values Target=admin Data={"Claims":{},"Profile":"default"} Outcome=Success
TID: [] [2023-05-08 21:53:36,171]  INFO {AUDIT_LOG} - Initiator=wso2.system.user Action=Get-User-Claim-Values Target=admin Data={"Claims":{},"Profile":"default"} Outcome=Success
TID: [] [2023-05-08 21:53:36,172]  INFO {AUDIT_LOG} - Initiator=wso2.system.user Action=Get-User-Claim-Values Target=admin Data={"Claims":{},"Profile":"default"} Outcome=Success
TID: [-1234] [2023-05-08 21:53:36,172]  INFO {AUDIT_LOG} - Initiator=wso2.system.user Action=Get-User-Claim-Values Target=admin Data={"Claims":{},"Profile":"default"} Outcome=Success
TID: [] [2023-05-08 21:53:36,172]  INFO {AUDIT_LOG} - Initiator=wso2.system.user Action=Get-User-Claim-Values Target=admin Data={"Claims":{},"Profile":"default"} Outcome=Success
TID: [-1234] [2023-05-08 21:53:36,172]  INFO {AUDIT_LOG} - Initiator=wso2.system.user Action=Get-User-Claim-Values Target=admin Data={"Claims":{},"Profile":"default"} Outcome=Success
TID: [-1234] [2023-05-08 21:53:36,193]  INFO {AUDIT_LOG} - Initiator=wso2.system.user Action=Get-User-Claim-Values Target=admin Data={"Claims":{},"Profile":"default"} Outcome=Success
TID: [-1234] [2023-05-08 21:53:36,193]  INFO {AUDIT_LOG} - Initiator=wso2.system.user Action=Get-User-Claim-Values Target=admin Data={"Claims":{},"Profile":"default"} Outcome=Success
TID: [-1234] [2023-05-08 21:53:36,194]  INFO {AUDIT_LOG} - Initiator=wso2.system.user Action=Get-User-Claim-Values Target=admin Data={"Claims":{},"Profile":"default"} Outcome=Success
TID: [-1234] [2023-05-08 21:53:36,218]  INFO {AUDIT_LOG} - Initiator=wso2.system.user Action=Get-User-Claim-Values Target=admin Data={"Claims":{},"Profile":"default"} Outcome=Success
TID: [-1234] [2023-05-08 21:53:36,220]  INFO {AUDIT_LOG} - Initiator=wso2.system.user Action=Get-User-Claim-Values Target=admin Data={"Claims":{},"Profile":"default"} Outcome=Success
TID: [-1234] [2023-05-08 21:53:36,220]  INFO {AUDIT_LOG} - Initiator=wso2.system.user Action=Get-User-Claim-Values Target=admin Data={"Claims":{},"Profile":"default"} Outcome=Success
TID: [-1234] [2023-05-08 21:53:36,237]  INFO {AUDIT_LOG} - Initiator=wso2.system.user Action=Get-User-Claim-Values Target=admin Data={"Claims":{},"Profile":"default"} Outcome=Success
TID: [-1234] [2023-05-08 21:53:36,238]  INFO {AUDIT_LOG} - Initiator=wso2.system.user Action=Get-User-Claim-Values Target=admin Data={"Claims":{},"Profile":"default"} Outcome=Success
TID: [-1234] [2023-05-08 21:53:36,238]  INFO {AUDIT_LOG} - Initiator=wso2.system.user Action=Get-User-Claim-Values Target=admin Data={"Claims":{},"Profile":"default"} Outcome=Success
TID: [-1234] [2023-05-08 21:53:36,245]  INFO {AUDIT_LOG} - Initiator=wso2.system.user Action=Get-User-Claim-Values Target=admin Data={"Claims":{},"Profile":"default"} Outcome=Success
TID: [-1234] [2023-05-08 21:53:36,245]  INFO {AUDIT_LOG} - Initiator=wso2.system.user Action=Get-User-Claim-Values Target=admin Data={"Claims":{},"Profile":"default"} Outcome=Success
TID: [-1234] [2023-05-08 21:53:36,245]  INFO {AUDIT_LOG} - Initiator=wso2.system.user Action=Get-User-Claim-Values Target=admin Data={"Claims":{},"Profile":"default"} Outcome=Success
TID: [-1234] [2023-05-08 21:53:36,253]  INFO {AUDIT_LOG} - Initiator=wso2.system.user Action=Get-User-Claim-Values Target=admin Data={"Claims":{},"Profile":"default"} Outcome=Success
TID: [-1234] [2023-05-08 21:53:36,253]  INFO {AUDIT_LOG} - Initiator=wso2.system.user Action=Get-User-Claim-Values Target=admin Data={"Claims":{},"Profile":"default"} Outcome=Success
TID: [-1234] [2023-05-08 21:53:36,254]  INFO {AUDIT_LOG} - Initiator=wso2.system.user Action=Get-User-Claim-Values Target=admin Data={"Claims":{},"Profile":"default"} Outcome=Success
TID: [] [2023-05-08 21:53:36,275]  INFO {AUDIT_LOG} - Initiator=wso2.system.user Action=Get-User-Claim-Values Target=admin Data={"Claims":{},"Profile":"default"} Outcome=Success
TID: [] [2023-05-08 21:53:36,276]  INFO {AUDIT_LOG} - Initiator=wso2.system.user Action=Get-User-Claim-Values Target=admin Data={"Claims":{},"Profile":"default"} Outcome=Success
TID: [] [2023-05-08 21:53:36,276]  INFO {AUDIT_LOG} - Initiator=wso2.system.user Action=Get-User-Claim-Values Target=admin Data={"Claims":{},"Profile":"default"} Outcome=Success
TID: [-1234] [2023-05-08 21:53:36,337]  INFO {AUDIT_LOG} - Initiator=wso2.system.user Action=Get-User-Claim-Values Target=admin Data={"Claims":{},"Profile":"default"} Outcome=Success
TID: [-1234] [2023-05-08 21:53:36,337]  INFO {AUDIT_LOG} - Initiator=wso2.system.user Action=Get-User-Claim-Values Target=admin Data={"Claims":{},"Profile":"default"} Outcome=Success
TID: [-1234] [2023-05-08 21:53:36,337]  INFO {AUDIT_LOG} - Initiator=wso2.system.user Action=Get-User-Claim-Values Target=admin Data={"Claims":{},"Profile":"default"} Outcome=Success
TID: [-1234] [2023-05-08 21:53:36,423]  INFO {AUDIT_LOG} - Initiator=wso2.system.user Action=Get-User-Claim-Values Target=admin Data={"Claims":{},"Profile":"default"} Outcome=Success
TID: [-1234] [2023-05-08 21:53:36,424]  INFO {AUDIT_LOG} - Initiator=wso2.system.user Action=Get-User-Claim-Values Target=admin Data={"Claims":{},"Profile":"default"} Outcome=Success
TID: [-1234] [2023-05-08 21:53:36,424]  INFO {AUDIT_LOG} - Initiator=wso2.system.user Action=Get-User-Claim-Values Target=admin Data={"Claims":{},"Profile":"default"} Outcome=Success
TID: [-1234] [2023-05-08 21:53:37,196]  INFO {AUDIT_LOG} - Initiator=wso2.system.user Action=Get-User-Claim-Values Target=admin Data={"Claims":{},"Profile":"default"} Outcome=Success
TID: [-1234] [2023-05-08 21:53:37,196]  INFO {AUDIT_LOG} - Initiator=wso2.system.user Action=Get-User-Claim-Values Target=admin Data={"Claims":{},"Profile":"default"} Outcome=Success
TID: [-1234] [2023-05-08 21:53:37,196]  INFO {AUDIT_LOG} - Initiator=wso2.system.user Action=Get-User-Claim-Values Target=admin Data={"Claims":{},"Profile":"default"} Outcome=Success
TID: [-1234] [2023-05-08 21:53:37,197]  INFO {AUDIT_LOG} - Initiator=wso2.system.user Action=Get-User-Claim-Values Target=admin Data={"Claims":{},"Profile":"default"} Outcome=Success
TID: [-1234] [2023-05-08 21:53:37,198]  INFO {AUDIT_LOG} - Initiator=wso2.system.user Action=Get-User-Claim-Values Target=admin Data={"Claims":{},"Profile":"default"} Outcome=Success
TID: [-1234] [2023-05-08 21:53:37,198]  INFO {AUDIT_LOG} - Initiator=wso2.system.user Action=Get-User-Claim-Values Target=admin Data={"Claims":{},"Profile":"default"} Outcome=Success
TID: [-1234] [2023-05-08 21:53:37,200]  INFO {AUDIT_LOG} - Initiator=wso2.system.user Action=Get-User-Claim-Values Target=admin Data={"Claims":{},"Profile":"default"} Outcome=Success
TID: [-1234] [2023-05-08 21:53:37,201]  INFO {AUDIT_LOG} - Initiator=wso2.system.user Action=Get-User-Claim-Values Target=admin Data={"Claims":{},"Profile":"default"} Outcome=Success
TID: [-1234] [2023-05-08 21:53:37,201]  INFO {AUDIT_LOG} - Initiator=wso2.system.user Action=Get-User-Claim-Values Target=admin Data={"Claims":{},"Profile":"default"} Outcome=Success
TID: [] [2023-05-08 21:53:40,788]  INFO {AUDIT_LOG} - Initiator=wso2.system.user Action=Get-User-Claim-Values Target=admin Data={"Claims":{},"Profile":"default"} Outcome=Success
TID: [] [2023-05-08 21:53:40,788]  INFO {AUDIT_LOG} - Initiator=wso2.system.user Action=Get-User-Claim-Values Target=admin Data={"Claims":{},"Profile":"default"} Outcome=Success
TID: [] [2023-05-08 21:53:40,788]  INFO {AUDIT_LOG} - Initiator=wso2.system.user Action=Get-User-Claim-Values Target=admin Data={"Claims":{},"Profile":"default"} Outcome=Success
TID: [] [2023-05-08 21:53:40,789]  INFO {AUDIT_LOG} - Initiator=wso2.system.user Action=Get-User-Claim-Values Target=admin Data={"Claims":{},"Profile":"default"} Outcome=Success
TID: [] [2023-05-08 21:53:40,789]  INFO {AUDIT_LOG} - Initiator=wso2.system.user Action=Get-User-Claim-Values Target=admin Data={"Claims":{},"Profile":"default"} Outcome=Success
TID: [] [2023-05-08 21:53:40,789]  INFO {AUDIT_LOG} - Initiator=wso2.system.user Action=Get-User-Claim-Values Target=admin Data={"Claims":{},"Profile":"default"} Outcome=Success
TID: [] [2023-05-08 21:53:40,789]  INFO {AUDIT_LOG} - Initiator=wso2.system.user Action=Get-User-Claim-Values Target=admin Data={"Claims":{},"Profile":"default"} Outcome=Success
TID: [] [2023-05-08 21:53:40,789]  INFO {AUDIT_LOG} - Initiator=wso2.system.user Action=Get-User-Claim-Values Target=admin Data={"Claims":{},"Profile":"default"} Outcome=Success
TID: [] [2023-05-08 21:53:40,790]  INFO {AUDIT_LOG} - Initiator=wso2.system.user Action=Get-User-Claim-Values Target=admin Data={"Claims":{},"Profile":"default"} Outcome=Success
TID: [] [2023-05-08 21:53:40,790]  INFO {AUDIT_LOG} - Initiator=wso2.system.user Action=Get-User-Claim-Values Target=admin Data={"Claims":{},"Profile":"default"} Outcome=Success
TID: [] [2023-05-08 21:53:40,790]  INFO {AUDIT_LOG} - Initiator=wso2.system.user Action=Get-User-Claim-Values Target=admin Data={"Claims":{},"Profile":"default"} Outcome=Success
TID: [] [2023-05-08 21:53:40,790]  INFO {AUDIT_LOG} - Initiator=wso2.system.user Action=Get-User-Claim-Values Target=admin Data={"Claims":{},"Profile":"default"} Outcome=Success
TID: [] [2023-05-08 21:53:40,790]  INFO {AUDIT_LOG} - Initiator=wso2.system.user Action=Get-User-Claim-Values Target=admin Data={"Claims":{},"Profile":"default"} Outcome=Success
TID: [] [2023-05-08 21:53:40,790]  INFO {AUDIT_LOG} - Initiator=wso2.system.user Action=Get-User-Claim-Values Target=admin Data={"Claims":{},"Profile":"default"} Outcome=Success
TID: [] [2023-05-08 21:53:40,790]  INFO {AUDIT_LOG} - Initiator=wso2.system.user Action=Get-User-Claim-Values Target=admin Data={"Claims":{},"Profile":"default"} Outcome=Success
TID: [] [2023-05-08 21:53:40,790]  INFO {AUDIT_LOG} - Initiator=wso2.system.user Action=Get-User-Claim-Values Target=admin Data={"Claims":{},"Profile":"default"} Outcome=Success
TID: [] [2023-05-08 21:53:40,790]  INFO {AUDIT_LOG} - Initiator=wso2.system.user Action=Get-User-Claim-Values Target=admin Data={"Claims":{},"Profile":"default"} Outcome=Success
TID: [] [2023-05-08 21:53:40,790]  INFO {AUDIT_LOG} - Initiator=wso2.system.user Action=Get-User-Claim-Values Target=admin Data={"Claims":{},"Profile":"default"} Outcome=Success
TID: [] [2023-05-08 21:53:40,791]  INFO {AUDIT_LOG} - Initiator=wso2.system.user Action=Get-User-Claim-Values Target=admin Data={"Claims":{},"Profile":"default"} Outcome=Success
TID: [] [2023-05-08 21:53:40,791]  INFO {AUDIT_LOG} - Initiator=wso2.system.user Action=Get-User-Claim-Values Target=admin Data={"Claims":{},"Profile":"default"} Outcome=Success
TID: [] [2023-05-08 21:53:40,791]  INFO {AUDIT_LOG} - Initiator=wso2.system.user Action=Get-User-Claim-Values Target=admin Data={"Claims":{},"Profile":"default"} Outcome=Success
TID: [] [2023-05-08 21:53:40,791]  INFO {AUDIT_LOG} - Initiator=wso2.system.user Action=Get-User-Claim-Values Target=admin Data={"Claims":{},"Profile":"default"} Outcome=Success
TID: [] [2023-05-08 21:53:40,791]  INFO {AUDIT_LOG} - Initiator=wso2.system.user Action=Get-User-Claim-Values Target=admin Data={"Claims":{},"Profile":"default"} Outcome=Success
TID: [] [2023-05-08 21:53:40,791]  INFO {AUDIT_LOG} - Initiator=wso2.system.user Action=Get-User-Claim-Values Target=admin Data={"Claims":{},"Profile":"default"} Outcome=Success
TID: [] [2023-05-08 21:53:40,791]  INFO {AUDIT_LOG} - Initiator=wso2.system.user Action=Get-User-Claim-Values Target=admin Data={"Claims":{},"Profile":"default"} Outcome=Success
TID: [] [2023-05-08 21:53:40,791]  INFO {AUDIT_LOG} - Initiator=wso2.system.user Action=Get-User-Claim-Values Target=admin Data={"Claims":{},"Profile":"default"} Outcome=Success
TID: [] [2023-05-08 21:53:40,792]  INFO {AUDIT_LOG} - Initiator=wso2.system.user Action=Get-User-Claim-Values Target=admin Data={"Claims":{},"Profile":"default"} Outcome=Success
TID: [] [2023-05-08 21:53:40,901]  INFO {AUDIT_LOG} - Initiator=wso2.system.user Action=Get-User-Claim-Values Target=admin Data={"Claims":{},"Profile":"default"} Outcome=Success
TID: [] [2023-05-08 21:53:40,902]  INFO {AUDIT_LOG} - Initiator=wso2.system.user Action=Get-User-Claim-Values Target=admin Data={"Claims":{},"Profile":"default"} Outcome=Success
TID: [] [2023-05-08 21:53:40,902]  INFO {AUDIT_LOG} - Initiator=wso2.system.user Action=Get-User-Claim-Values Target=admin Data={"Claims":{},"Profile":"default"} Outcome=Success
TID: [] [2023-05-08 21:53:40,982]  INFO {AUDIT_LOG} - Initiator=wso2.system.user Action=Get-Roles-of-User Target=admin Data={"Filter":"*","Roles":["Internal/subscriber","Internal/creator","Internal/publisher","Internal/everyone","Internal/devops","admin","Internal/analytics","Internal/observer","Internal/integration_dev"]} Outcome=Success
TID: [] [2023-05-08 21:53:45,385]  INFO {AUDIT_LOG} - Initiator=wso2.system.user Action=Get-User-Claim-Values Target=admin Data={"Claims":{},"Profile":"default"} Outcome=Success
TID: [] [2023-05-08 21:53:45,385]  INFO {AUDIT_LOG} - Initiator=wso2.system.user Action=Get-User-Claim-Values Target=admin Data={"Claims":{},"Profile":"default"} Outcome=Success
TID: [] [2023-05-08 21:53:45,385]  INFO {AUDIT_LOG} - Initiator=wso2.system.user Action=Get-User-Claim-Values Target=admin Data={"Claims":{},"Profile":"default"} Outcome=Success
TID: [] [2023-05-08 21:53:45,385]  INFO {AUDIT_LOG} - Initiator=wso2.system.user Action=Get-User-Claim-Values Target=admin Data={"Claims":{},"Profile":"default"} Outcome=Success
TID: [] [2023-05-08 21:53:45,385]  INFO {AUDIT_LOG} - Initiator=wso2.system.user Action=Get-User-Claim-Values Target=admin Data={"Claims":{},"Profile":"default"} Outcome=Success
TID: [] [2023-05-08 21:53:45,385]  INFO {AUDIT_LOG} - Initiator=wso2.system.user Action=Get-User-Claim-Values Target=admin Data={"Claims":{},"Profile":"default"} Outcome=Success
TID: [] [2023-05-08 21:53:45,385]  INFO {AUDIT_LOG} - Initiator=wso2.system.user Action=Get-User-Claim-Values Target=admin Data={"Claims":{},"Profile":"default"} Outcome=Success
TID: [] [2023-05-08 21:53:45,385]  INFO {AUDIT_LOG} - Initiator=wso2.system.user Action=Get-User-Claim-Values Target=admin Data={"Claims":{},"Profile":"default"} Outcome=Success
TID: [] [2023-05-08 21:53:45,386]  INFO {AUDIT_LOG} - Initiator=wso2.system.user Action=Get-User-Claim-Values Target=admin Data={"Claims":{},"Profile":"default"} Outcome=Success
TID: [] [2023-05-08 21:53:45,386]  INFO {AUDIT_LOG} - Initiator=wso2.system.user Action=Get-User-Claim-Values Target=admin Data={"Claims":{},"Profile":"default"} Outcome=Success
TID: [] [2023-05-08 21:53:45,386]  INFO {AUDIT_LOG} - Initiator=wso2.system.user Action=Get-User-Claim-Values Target=admin Data={"Claims":{},"Profile":"default"} Outcome=Success
TID: [] [2023-05-08 21:53:45,386]  INFO {AUDIT_LOG} - Initiator=wso2.system.user Action=Get-User-Claim-Values Target=admin Data={"Claims":{},"Profile":"default"} Outcome=Success
TID: [] [2023-05-08 21:53:45,386]  INFO {AUDIT_LOG} - Initiator=wso2.system.user Action=Get-User-Claim-Values Target=admin Data={"Claims":{},"Profile":"default"} Outcome=Success
TID: [] [2023-05-08 21:53:45,386]  INFO {AUDIT_LOG} - Initiator=wso2.system.user Action=Get-User-Claim-Values Target=admin Data={"Claims":{},"Profile":"default"} Outcome=Success
TID: [] [2023-05-08 21:53:45,386]  INFO {AUDIT_LOG} - Initiator=wso2.system.user Action=Get-User-Claim-Values Target=admin Data={"Claims":{},"Profile":"default"} Outcome=Success
TID: [] [2023-05-08 21:53:45,386]  INFO {AUDIT_LOG} - Initiator=wso2.system.user Action=Get-User-Claim-Values Target=admin Data={"Claims":{},"Profile":"default"} Outcome=Success
TID: [] [2023-05-08 21:53:45,386]  INFO {AUDIT_LOG} - Initiator=wso2.system.user Action=Get-User-Claim-Values Target=admin Data={"Claims":{},"Profile":"default"} Outcome=Success
TID: [] [2023-05-08 21:53:45,386]  INFO {AUDIT_LOG} - Initiator=wso2.system.user Action=Get-User-Claim-Values Target=admin Data={"Claims":{},"Profile":"default"} Outcome=Success
TID: [] [2023-05-08 21:53:45,386]  INFO {AUDIT_LOG} - Initiator=wso2.system.user Action=Get-User-Claim-Values Target=admin Data={"Claims":{},"Profile":"default"} Outcome=Success
TID: [] [2023-05-08 21:53:45,386]  INFO {AUDIT_LOG} - Initiator=wso2.system.user Action=Get-User-Claim-Values Target=admin Data={"Claims":{},"Profile":"default"} Outcome=Success
TID: [] [2023-05-08 21:53:45,386]  INFO {AUDIT_LOG} - Initiator=wso2.system.user Action=Get-User-Claim-Values Target=admin Data={"Claims":{},"Profile":"default"} Outcome=Success
TID: [] [2023-05-08 21:53:45,386]  INFO {AUDIT_LOG} - Initiator=wso2.system.user Action=Get-User-Claim-Values Target=admin Data={"Claims":{},"Profile":"default"} Outcome=Success
TID: [] [2023-05-08 21:53:45,386]  INFO {AUDIT_LOG} - Initiator=wso2.system.user Action=Get-User-Claim-Values Target=admin Data={"Claims":{},"Profile":"default"} Outcome=Success
TID: [] [2023-05-08 21:53:45,386]  INFO {AUDIT_LOG} - Initiator=wso2.system.user Action=Get-User-Claim-Values Target=admin Data={"Claims":{},"Profile":"default"} Outcome=Success
TID: [] [2023-05-08 21:53:45,386]  INFO {AUDIT_LOG} - Initiator=wso2.system.user Action=Get-User-Claim-Values Target=admin Data={"Claims":{},"Profile":"default"} Outcome=Success
TID: [] [2023-05-08 21:53:45,386]  INFO {AUDIT_LOG} - Initiator=wso2.system.user Action=Get-User-Claim-Values Target=admin Data={"Claims":{},"Profile":"default"} Outcome=Success
TID: [] [2023-05-08 21:53:45,386]  INFO {AUDIT_LOG} - Initiator=wso2.system.user Action=Get-User-Claim-Values Target=admin Data={"Claims":{},"Profile":"default"} Outcome=Success
TID: [-1234] [2023-05-08 21:53:50,575]  INFO {AUDIT_LOG} - Initiator=wso2.system.user Action=Get-User-Claim-Values Target=admin Data={"Claims":{},"Profile":"default"} Outcome=Success
TID: [-1234] [2023-05-08 21:53:50,575]  INFO {AUDIT_LOG} - Initiator=wso2.system.user Action=Get-User-Claim-Values Target=admin Data={"Claims":{},"Profile":"default"} Outcome=Success
TID: [-1234] [2023-05-08 21:53:50,575]  INFO {AUDIT_LOG} - Initiator=wso2.system.user Action=Get-User-Claim-Values Target=admin Data={"Claims":{},"Profile":"default"} Outcome=Success
TID: [-1234] [2023-05-08 21:53:50,693]  INFO {AUDIT_LOG} - Initiator : admin@carbon.super | Action : Add-Application | Target : b42111ba-87ca-4a74-87cb-652a2b918f02 | Data : { Changed-State : { Name:apim_publisher, Description:Service Provider for application apim_publisher, Resource ID:b42111ba-87ca-4a74-87cb-652a2b918f02, Access URL:null, Is Discoverable:false, Is SaaS:true, , Service Provider Properties:[{useUserIdForDefaultSubject:true}, {isManagementApp:false}, {TokenType:DEFAULT}, {skipLogoutConsent:true}, {DisplayName:apim_publisher}, {skipConsent:true}, {jwksURI:}, {templateId:}, {orgId:carbon.super}] } } | Result : Success 
TID: [-1234] [2023-05-08 21:53:50,833]  INFO {AUDIT_LOG} - Initiator : admin@carbon.super | Action : Update-Application | Target : b42111ba-87ca-4a74-87cb-652a2b918f02 | Data : { Changed-State : { Name:apim_publisher, Description:Service Provider for application apim_publisher, Resource ID:b42111ba-87ca-4a74-87cb-652a2b918f02, Access URL:null, Is Discoverable:false, Is SaaS:true, Inbound Authentication Configs:[{Auth Key:bcnL5Jqa63Z3eEnQ8WMegfk9rKsa, Auth Type:oauth2, Config Type:null, Inbound configuration:null}], Local and Outbound Configuration:{Auth Type:default}, Claim Configuration:{User Claim URI:null, Role Claim URI:null}, Inbound Provisioning Configuration:{Provisioning Userstore:null, Is Dumb Mode:false}, Outbound Provisioning Configuration:{}, Service Provider Properties:[{isManagementApp:false}, {TokenType:DEFAULT}, {skipLogoutConsent:true}, {USE_DOMAIN_IN_ROLES:true}, {DisplayName:apim_publisher}, {skipConsent:true}, {jwksURI:}, {templateId:}, {orgId:carbon.super}] } } | Result : Success 
TID: [-1234] [2023-05-08 21:54:07,803]  INFO {AUDIT_LOG} - Initiator=wso2.system.user Action=Get-User-List Target=null Data={"ServiceProviderName":"apim_publisher","Claim Value":"admin","Users":["admin"],"Claim":"http://wso2.org/claims/username"} Outcome=Success
TID: [-1234] [2023-05-08 21:54:07,805]  INFO {AUDIT_LOG} - Initiator=wso2.system.user Action=Get-User-Claim-Values Target=admin Data={"ServiceProviderName":"apim_publisher","Claims":{},"Profile":"default"} Outcome=Success
TID: [-1234] [2023-05-08 21:54:07,805]  INFO {AUDIT_LOG} - Initiator=wso2.system.user Action=Get-User-Claim-Values Target=admin Data={"ServiceProviderName":"apim_publisher","Claims":{},"Profile":"default"} Outcome=Success
TID: [-1234] [2023-05-08 21:54:07,805]  INFO {AUDIT_LOG} - Initiator=wso2.system.user Action=Get-User-Claim-Values Target=admin Data={"ServiceProviderName":"apim_publisher","Claims":{},"Profile":"default"} Outcome=Success
TID: [-1234] [2023-05-08 21:54:07,808]  INFO {AUDIT_LOG} - Initiator : admin | Action : LoginStepSuccess | Target : ApplicationAuthenticationFramework | Data : { "ContextIdentifier" : "14b53b56-c360-48b5-b79a-f75ecd4b7084","AuthenticatedUser" : "admin","AuthenticatedUserTenantDomain" : "carbon.super","ServiceProviderName" : "apim_publisher","RequestType" : "oidc","RelyingParty" : "bcnL5Jqa63Z3eEnQ8WMegfk9rKsa","AuthenticatedIdP" : "LOCAL","User Agent" : "null","RemoteAddress" : "null","UserStoreDomain" : "PRIMARY" } | Result : Success 
TID: [-1234] [2023-05-08 21:54:07,810]  INFO {AUDIT_LOG} - Initiator : admin@carbon.super | Action : Authenticate | Target : ApplicationAuthenticationFramework | Data : { Step: 1, IDP: LOCAL, Authenticator:BasicAuthenticator } | Result : Success 
TID: [-1234] [2023-05-08 21:54:07,813]  INFO {AUDIT_LOG} - Initiator=wso2.system.user Action=Get-User-Claim-Values Target=admin Data={"ServiceProviderName":"apim_publisher","Claims":{"http://wso2.org/claims/username":"admin","http://wso2.org/claims/userid":"1d104770-8f1b-4bdb-94d1-2322f15843bf","http://wso2.org/claims/role":"Internal/subscriber,Internal/creator,Internal/publisher,Internal/everyone,Internal/devops,admin,Internal/analytics,Internal/observer,Internal/integration_dev","http://wso2.org/claims/userprincipal":"admin"}} Outcome=Success
TID: [-1234] [2023-05-08 21:54:07,881]  INFO {AUDIT_LOG} - Initiator : admin | Action : StoreSession | Data : { {"traceId":"5d406816-2eb6-43c3-b2d6-178ec01ba971","RememberMe":false,"sessionContextId":"9daa02809bc9ba9db3f18ed7b2a61610d89f77c17804da45581269b5cd30a7c4","AuthenticatedUserTenantDomain":"carbon.super","AuthenticatedUser":"admin","LastAccessedTimestamp":1683579247817} } | Result : Success 
TID: [-1234] [2023-05-08 21:54:07,901]  INFO {AUDIT_LOG} - Initiator : admin | Action : Login | Target : ApplicationAuthenticationFramework | Data : { "ContextIdentifier" : "14b53b56-c360-48b5-b79a-f75ecd4b7084","AuthenticatedUser" : "admin","AuthenticatedUserTenantDomain" : "carbon.super","ServiceProviderName" : "apim_publisher","RequestType" : "oidc","RelyingParty" : "bcnL5Jqa63Z3eEnQ8WMegfk9rKsa","AuthenticatedIdPs" : "eyJ0eXAiOiJKV1QiLCJhbGciOiJIUzI1NiJ9.eyJpc3MiOiJ3c28yIiwiZXhwIjoxNjgzNTc5MjUwODEwLCJpYXQiOjE2ODM1NzkyNDc4MTAsImlkcHMiOlt7ImlkcCI6IkxPQ0FMIiwiYXV0aGVudGljYXRvciI6IkJhc2ljQXV0aGVudGljYXRvciJ9XX0.IXJ8YLEjHOjvi3vz3zcFctCaWkJz04sjSgkVXMwwQQ8","User Agent" : "null","RemoteAddress" : "null","UserStoreDomain" : "PRIMARY" } | Result : Success 
TID: [-1234] [2023-05-08 21:54:08,366]  INFO {AUDIT_LOG} - Initiator=wso2.system.user Action=Get-User-List Target=null Data={"Claim Value":"admin","Users":["admin"],"Claim":"http://wso2.org/claims/username"} Outcome=Success
TID: [-1234] [2023-05-08 21:54:08,369]  INFO {AUDIT_LOG} - Initiator=wso2.system.user Action=Get-User-Claim-Values Target=admin Data={"Claims":{},"Profile":"default"} Outcome=Success
TID: [-1234] [2023-05-08 21:54:08,370]  INFO {AUDIT_LOG} - Initiator=wso2.system.user Action=Get-User-Claim-Values Target=admin Data={"Claims":{},"Profile":"default"} Outcome=Success
TID: [-1234] [2023-05-08 21:54:08,370]  INFO {AUDIT_LOG} - Initiator=wso2.system.user Action=Get-User-Claim-Values Target=admin Data={"Claims":{},"Profile":"default"} Outcome=Success
TID: [-1234] [2023-05-08 21:54:10,347]  INFO {AUDIT_LOG} - GET /api/am/publisher/apis?limit=10&offset=0 user: admin@carbon.super app: bcnL5Jqa63Z3eEnQ8WMegfk9rKsa
TID: [-1234] [2023-05-08 21:54:29,002]  INFO {AUDIT_LOG} - GET /api/am/publisher/settings user: admin@carbon.super app: bcnL5Jqa63Z3eEnQ8WMegfk9rKsa
TID: [-1234] [2023-05-08 21:54:45,436]  INFO {AUDIT_LOG} - GET /api/am/publisher/search?limit=10&offset=0&query=name%3Ahelloworld user: admin@carbon.super app: bcnL5Jqa63Z3eEnQ8WMegfk9rKsa
TID: [-1234] [2023-05-08 21:54:49,069]  INFO {AUDIT_LOG} - GET /api/am/publisher/search?limit=10&offset=0&query=context%3A%2Fhello user: admin@carbon.super app: bcnL5Jqa63Z3eEnQ8WMegfk9rKsa
TID: [-1234] [2023-05-08 21:55:01,470]  INFO {AUDIT_LOG} - POST /api/am/publisher/apis/validate-endpoint?endpointUrl=http%3A%2F%2Frun.mocky.io%2Fv2%2F5185415ba171ea3a00704eed user: admin@carbon.super app: bcnL5Jqa63Z3eEnQ8WMegfk9rKsa
TID: [-1234] [2023-05-08 21:55:48,872]  INFO {AUDIT_LOG} - GET /api/am/publisher/throttling-policies/subscription user: admin@carbon.super app: bcnL5Jqa63Z3eEnQ8WMegfk9rKsa
TID: [-1234] [2023-05-08 21:55:49,199]  INFO {AUDIT_LOG} - POST /api/am/publisher/apis?openAPIVersion=v3 user: admin@carbon.super app: bcnL5Jqa63Z3eEnQ8WMegfk9rKsa
TID: [-1234] [2023-05-08 21:55:49,744]  INFO {AUDIT_LOG} - {"performedBy":"admin","action":"created","typ":"API","info":{"provider":"admin","name":"HelloWorld","context":"/hello/1.0.0","version":"1.0.0"}}
TID: [-1234] [2023-05-08 21:55:49,885]  INFO {AUDIT_LOG} - POST /api/am/publisher/apis/6f7f8f85-a5f3-428e-b187-cbdb08192bba/revisions user: admin@carbon.super app: bcnL5Jqa63Z3eEnQ8WMegfk9rKsa
TID: [-1234] [2023-05-08 21:55:50,125]  INFO {AUDIT_LOG} - POST /api/am/publisher/apis/6f7f8f85-a5f3-428e-b187-cbdb08192bba/deploy-revision?revisionId=166bd9e9-8c78-4d57-93b1-fbc13ecfa456 user: admin@carbon.super app: bcnL5Jqa63Z3eEnQ8WMegfk9rKsa
TID: [-1234] [2023-05-08 21:55:50,185]  INFO {AUDIT_LOG} - POST /api/am/publisher/apis/change-lifecycle?action=Publish&apiId=6f7f8f85-a5f3-428e-b187-cbdb08192bba user: admin@carbon.super app: bcnL5Jqa63Z3eEnQ8WMegfk9rKsa
TID: [-1234] [2023-05-08 21:55:50,315]  INFO {AUDIT_LOG} - {"performedBy":"admin","action":"lifecycle-changed","typ":"API","info":{"provider":"admin","name":"HelloWorld","context":"/hello/1.0.0","version":"1.0.0"}}
TID: [-1234] [2023-05-08 21:55:51,096]  INFO {AUDIT_LOG} - GET /api/am/publisher/tenants?state=active user: admin@carbon.super app: bcnL5Jqa63Z3eEnQ8WMegfk9rKsa
TID: [-1234] [2023-05-08 21:55:51,096]  INFO {AUDIT_LOG} - GET /api/am/publisher/apis/6f7f8f85-a5f3-428e-b187-cbdb08192bba user: admin@carbon.super app: bcnL5Jqa63Z3eEnQ8WMegfk9rKsa
TID: [-1234] [2023-05-08 21:55:51,436]  INFO {AUDIT_LOG} - GET /api/am/publisher/apis/6f7f8f85-a5f3-428e-b187-cbdb08192bba/revisions?query=deployed%3Atrue user: admin@carbon.super app: bcnL5Jqa63Z3eEnQ8WMegfk9rKsa
TID: [-1234] [2023-05-08 21:55:51,436]  INFO {AUDIT_LOG} - GET /api/am/publisher/apis/6f7f8f85-a5f3-428e-b187-cbdb08192bba/swagger user: admin@carbon.super app: bcnL5Jqa63Z3eEnQ8WMegfk9rKsa
TID: [-1234] [2023-05-08 21:55:51,437]  INFO {AUDIT_LOG} - GET /api/am/publisher/apis/6f7f8f85-a5f3-428e-b187-cbdb08192bba/revisions user: admin@carbon.super app: bcnL5Jqa63Z3eEnQ8WMegfk9rKsa
TID: [-1234] [2023-05-08 21:55:51,446]  INFO {AUDIT_LOG} - GET /api/am/publisher/apis/6f7f8f85-a5f3-428e-b187-cbdb08192bba/revisions?query=deployed%3Atrue user: admin@carbon.super app: bcnL5Jqa63Z3eEnQ8WMegfk9rKsa
TID: [-1234] [2023-05-08 21:55:51,553]  INFO {AUDIT_LOG} - GET /api/am/publisher/apis/6f7f8f85-a5f3-428e-b187-cbdb08192bba/revisions?query=deployed%3Atrue user: admin@carbon.super app: bcnL5Jqa63Z3eEnQ8WMegfk9rKsa
TID: [-1234] [2023-05-08 21:55:51,553]  INFO {AUDIT_LOG} - GET /api/am/publisher/apis/6f7f8f85-a5f3-428e-b187-cbdb08192bba/swagger user: admin@carbon.super app: bcnL5Jqa63Z3eEnQ8WMegfk9rKsa
TID: [-1234] [2023-05-08 21:55:51,659]  INFO {AUDIT_LOG} - GET /api/am/publisher/apis/6f7f8f85-a5f3-428e-b187-cbdb08192bba/swagger user: admin@carbon.super app: bcnL5Jqa63Z3eEnQ8WMegfk9rKsa
TID: [-1234] [2023-05-08 21:55:51,659]  INFO {AUDIT_LOG} - GET /api/am/publisher/apis/6f7f8f85-a5f3-428e-b187-cbdb08192bba/revisions?query=deployed%3Atrue user: admin@carbon.super app: bcnL5Jqa63Z3eEnQ8WMegfk9rKsa
TID: [-1234] [2023-05-08 21:55:51,743]  INFO {AUDIT_LOG} - GET /api/am/publisher/apis/6f7f8f85-a5f3-428e-b187-cbdb08192bba/revisions?query=deployed%3Atrue user: admin@carbon.super app: bcnL5Jqa63Z3eEnQ8WMegfk9rKsa
TID: [-1234] [2023-05-08 21:55:51,743]  INFO {AUDIT_LOG} - GET /api/am/publisher/apis/6f7f8f85-a5f3-428e-b187-cbdb08192bba/swagger user: admin@carbon.super app: bcnL5Jqa63Z3eEnQ8WMegfk9rKsa
TID: [] [2023-05-08 21:55:54,292]  INFO {AUDIT_LOG} - Initiator=wso2.system.user Action=Get-User-Claim-Values Target=admin Data={"Claims":{},"Profile":"default"} Outcome=Success
TID: [] [2023-05-08 21:55:54,292]  INFO {AUDIT_LOG} - Initiator=wso2.system.user Action=Get-User-Claim-Values Target=admin Data={"Claims":{},"Profile":"default"} Outcome=Success
TID: [] [2023-05-08 21:55:54,292]  INFO {AUDIT_LOG} - Initiator=wso2.system.user Action=Get-User-Claim-Values Target=admin Data={"Claims":{},"Profile":"default"} Outcome=Success
TID: [] [2023-05-08 21:55:54,695]  INFO {AUDIT_LOG} - Initiator=wso2.system.user Action=Get-User-Claim-Values Target=admin Data={"Claims":{},"Profile":"default"} Outcome=Success
TID: [] [2023-05-08 21:55:54,695]  INFO {AUDIT_LOG} - Initiator=wso2.system.user Action=Get-User-Claim-Values Target=admin Data={"Claims":{},"Profile":"default"} Outcome=Success
TID: [] [2023-05-08 21:55:54,695]  INFO {AUDIT_LOG} - Initiator=wso2.system.user Action=Get-User-Claim-Values Target=admin Data={"Claims":{},"Profile":"default"} Outcome=Success
TID: [-1234] [2023-05-08 21:55:54,807]  INFO {AUDIT_LOG} - Initiator=wso2.system.user Action=Get-User-Claim-Values Target=admin Data={"Claims":{},"Profile":"default"} Outcome=Success
TID: [-1234] [2023-05-08 21:55:54,808]  INFO {AUDIT_LOG} - Initiator=wso2.system.user Action=Get-User-Claim-Values Target=admin Data={"Claims":{},"Profile":"default"} Outcome=Success
TID: [-1234] [2023-05-08 21:55:54,808]  INFO {AUDIT_LOG} - Initiator=wso2.system.user Action=Get-User-Claim-Values Target=admin Data={"Claims":{},"Profile":"default"} Outcome=Success
TID: [] [2023-05-08 21:55:54,853]  INFO {AUDIT_LOG} - Initiator=wso2.system.user Action=Get-User-Claim-Values Target=admin Data={"Claims":{},"Profile":"default"} Outcome=Success
TID: [] [2023-05-08 21:55:54,854]  INFO {AUDIT_LOG} - Initiator=wso2.system.user Action=Get-User-Claim-Values Target=admin Data={"Claims":{},"Profile":"default"} Outcome=Success
TID: [] [2023-05-08 21:55:54,854]  INFO {AUDIT_LOG} - Initiator=wso2.system.user Action=Get-User-Claim-Values Target=admin Data={"Claims":{},"Profile":"default"} Outcome=Success
TID: [-1234] [2023-05-08 21:55:55,792]  INFO {AUDIT_LOG} - Initiator=wso2.system.user Action=Get-User-Claim-Values Target=admin Data={"Claims":{},"Profile":"default"} Outcome=Success
TID: [-1234] [2023-05-08 21:55:55,793]  INFO {AUDIT_LOG} - Initiator=wso2.system.user Action=Get-User-Claim-Values Target=admin Data={"Claims":{},"Profile":"default"} Outcome=Success
TID: [-1234] [2023-05-08 21:55:55,793]  INFO {AUDIT_LOG} - Initiator=wso2.system.user Action=Get-User-Claim-Values Target=admin Data={"Claims":{},"Profile":"default"} Outcome=Success
TID: [-1234] [2023-05-08 21:55:59,833]  INFO {AUDIT_LOG} - Initiator=wso2.system.user Action=Get-User-Claim-Values Target=admin Data={"Claims":{},"Profile":"default"} Outcome=Success
TID: [-1234] [2023-05-08 21:55:59,834]  INFO {AUDIT_LOG} - Initiator=wso2.system.user Action=Get-User-Claim-Values Target=admin Data={"Claims":{},"Profile":"default"} Outcome=Success
TID: [-1234] [2023-05-08 21:55:59,834]  INFO {AUDIT_LOG} - Initiator=wso2.system.user Action=Get-User-Claim-Values Target=admin Data={"Claims":{},"Profile":"default"} Outcome=Success
TID: [-1234] [2023-05-08 21:56:00,225]  INFO {AUDIT_LOG} - Initiator=wso2.system.user Action=Get-User-Claim-Values Target=admin Data={"Claims":{},"Profile":"default"} Outcome=Success
TID: [-1234] [2023-05-08 21:56:00,226]  INFO {AUDIT_LOG} - Initiator=wso2.system.user Action=Get-User-Claim-Values Target=admin Data={"Claims":{},"Profile":"default"} Outcome=Success
TID: [-1234] [2023-05-08 21:56:00,226]  INFO {AUDIT_LOG} - Initiator=wso2.system.user Action=Get-User-Claim-Values Target=admin Data={"Claims":{},"Profile":"default"} Outcome=Success
TID: [-1234] [2023-05-08 21:57:12,742]  INFO {AUDIT_LOG} - Initiator=wso2.system.user Action=Get-User-Claim-Values Target=admin Data={"Claims":{},"Profile":"default"} Outcome=Success
TID: [-1234] [2023-05-08 21:57:12,743]  INFO {AUDIT_LOG} - Initiator=wso2.system.user Action=Get-User-Claim-Values Target=admin Data={"Claims":{},"Profile":"default"} Outcome=Success
TID: [-1234] [2023-05-08 21:57:12,743]  INFO {AUDIT_LOG} - Initiator=wso2.system.user Action=Get-User-Claim-Values Target=admin Data={"Claims":{},"Profile":"default"} Outcome=Success
TID: [-1234] [2023-05-08 21:57:12,747]  INFO {AUDIT_LOG} - Initiator : admin@carbon.super | Action : Add-Application | Target : ce3d2682-0dd2-4bef-991a-19b0e3470f8e | Data : { Changed-State : { Name:apim_devportal, Description:Service Provider for application apim_devportal, Resource ID:ce3d2682-0dd2-4bef-991a-19b0e3470f8e, Access URL:null, Is Discoverable:false, Is SaaS:true, , Service Provider Properties:[{useUserIdForDefaultSubject:true}, {isManagementApp:false}, {TokenType:DEFAULT}, {skipLogoutConsent:true}, {DisplayName:apim_devportal}, {skipConsent:true}, {jwksURI:}, {templateId:}, {orgId:carbon.super}] } } | Result : Success 
TID: [-1234] [2023-05-08 21:57:12,756]  INFO {AUDIT_LOG} - Initiator : admin@carbon.super | Action : Update-Application | Target : ce3d2682-0dd2-4bef-991a-19b0e3470f8e | Data : { Changed-State : { Name:apim_devportal, Description:Service Provider for application apim_devportal, Resource ID:ce3d2682-0dd2-4bef-991a-19b0e3470f8e, Access URL:null, Is Discoverable:false, Is SaaS:true, Inbound Authentication Configs:[{Auth Key:on910Eic3ALVOI0ssrp4olzhtsAa, Auth Type:oauth2, Config Type:null, Inbound configuration:null}], Local and Outbound Configuration:{Auth Type:default}, Claim Configuration:{User Claim URI:null, Role Claim URI:null}, Inbound Provisioning Configuration:{Provisioning Userstore:null, Is Dumb Mode:false}, Outbound Provisioning Configuration:{}, Service Provider Properties:[{isManagementApp:false}, {TokenType:DEFAULT}, {skipLogoutConsent:true}, {USE_DOMAIN_IN_ROLES:true}, {DisplayName:apim_devportal}, {skipConsent:true}, {jwksURI:}, {templateId:}, {orgId:carbon.super}] } } | Result : Success 
TID: [-1234] [2023-05-08 21:57:12,790]  INFO {AUDIT_LOG} - Initiator=wso2.system.user Action=Get-User-Claim-Values Target=admin Data={"ServiceProviderName":"apim_devportal","Claims":{"http://wso2.org/claims/username":"admin","http://wso2.org/claims/userid":"1d104770-8f1b-4bdb-94d1-2322f15843bf","http://wso2.org/claims/role":"Internal/subscriber,Internal/creator,Internal/publisher,Internal/everyone,Internal/devops,admin,Internal/analytics,Internal/observer,Internal/integration_dev","http://wso2.org/claims/userprincipal":"admin"}} Outcome=Success
TID: [-1234] [2023-05-08 21:57:12,795]  INFO {AUDIT_LOG} - Initiator : admin | Action : UpdateSession | Data : { {"traceId":"f3d6a7ff-8cc4-4e5e-8fd6-0bd994338a6b","RememberMe":false,"sessionContextId":"9daa02809bc9ba9db3f18ed7b2a61610d89f77c17804da45581269b5cd30a7c4","AuthenticatedUserTenantDomain":"carbon.super","AuthenticatedUser":"admin","LastAccessedTimestamp":1683579432792} } | Result : Success 
TID: [-1234] [2023-05-08 21:57:12,796]  INFO {AUDIT_LOG} - Initiator : admin | Action : Login | Target : ApplicationAuthenticationFramework | Data : { "ContextIdentifier" : "85c62df3-f46a-4d55-9584-5c0578d6c79f","AuthenticatedUser" : "admin","AuthenticatedUserTenantDomain" : "carbon.super","ServiceProviderName" : "apim_devportal","RequestType" : "oidc","RelyingParty" : "on910Eic3ALVOI0ssrp4olzhtsAa","AuthenticatedIdPs" : "eyJ0eXAiOiJKV1QiLCJhbGciOiJIUzI1NiJ9.eyJpc3MiOiJ3c28yIiwiZXhwIjoxNjgzNTc5NDM1Nzg5LCJpYXQiOjE2ODM1Nzk0MzI3ODksImlkcHMiOlt7ImlkcCI6IkxPQ0FMIiwiYXV0aGVudGljYXRvciI6IkJhc2ljQXV0aGVudGljYXRvciJ9XX0.xXPwvJZb8fq9MJB1_mp3OJD9WV8BaOtpW71vcRaBj38","User Agent" : "null","RemoteAddress" : "null","UserStoreDomain" : "PRIMARY" } | Result : Success 
TID: [-1234] [2023-05-08 21:57:13,375]  INFO {AUDIT_LOG} - Initiator=wso2.system.user Action=Get-User-List Target=null Data={"Claim Value":"admin","Users":["admin"],"Claim":"http://wso2.org/claims/username"} Outcome=Success
TID: [-1234] [2023-05-08 21:57:13,377]  INFO {AUDIT_LOG} - Initiator=wso2.system.user Action=Get-User-Claim-Values Target=admin Data={"Claims":{},"Profile":"default"} Outcome=Success
TID: [-1234] [2023-05-08 21:57:13,378]  INFO {AUDIT_LOG} - Initiator=wso2.system.user Action=Get-User-Claim-Values Target=admin Data={"Claims":{},"Profile":"default"} Outcome=Success
TID: [-1234] [2023-05-08 21:57:13,378]  INFO {AUDIT_LOG} - Initiator=wso2.system.user Action=Get-User-Claim-Values Target=admin Data={"Claims":{},"Profile":"default"} Outcome=Success
TID: [-1234] [2023-05-08 21:57:13,756]  INFO {AUDIT_LOG} - GET /api/am/devportal/settings user: admin@carbon.super app: on910Eic3ALVOI0ssrp4olzhtsAa
TID: [-1234] [2023-05-08 21:57:13,830]  INFO {AUDIT_LOG} - GET /api/am/devportal/tags user: admin@carbon.super app: on910Eic3ALVOI0ssrp4olzhtsAa
TID: [-1234] [2023-05-08 21:57:13,830]  INFO {AUDIT_LOG} - GET /api/am/devportal/apis?limit=10&offset=0 user: admin@carbon.super app: on910Eic3ALVOI0ssrp4olzhtsAa
TID: [-1234] [2023-05-08 21:57:13,830]  INFO {AUDIT_LOG} - GET /api/am/devportal/api-categories user: admin@carbon.super app: on910Eic3ALVOI0ssrp4olzhtsAa
TID: [-1234] [2023-05-08 21:57:13,987]  INFO {AUDIT_LOG} - GET /api/am/devportal/apis/6f7f8f85-a5f3-428e-b187-cbdb08192bba/thumbnail user: admin@carbon.super app: on910Eic3ALVOI0ssrp4olzhtsAa
TID: [-1234] [2023-05-08 21:57:13,987]  INFO {AUDIT_LOG} - GET /api/am/devportal/apis/6f7f8f85-a5f3-428e-b187-cbdb08192bba/ratings user: admin@carbon.super app: on910Eic3ALVOI0ssrp4olzhtsAa
TID: [-1234] [2023-05-08 21:57:17,110]  INFO {AUDIT_LOG} - Initiator=wso2.system.user Action=Get-User-Claim-Values Target=admin Data={"Claims":{},"Profile":"default"} Outcome=Success
TID: [-1234] [2023-05-08 21:57:17,111]  INFO {AUDIT_LOG} - Initiator=wso2.system.user Action=Get-User-Claim-Values Target=admin Data={"ServiceProviderName":"apim_publisher","Claims":{"http://wso2.org/claims/username":"admin","http://wso2.org/claims/userid":"1d104770-8f1b-4bdb-94d1-2322f15843bf","http://wso2.org/claims/role":"Internal/subscriber,Internal/creator,Internal/publisher,Internal/everyone,Internal/devops,admin,Internal/analytics,Internal/observer,Internal/integration_dev","http://wso2.org/claims/userprincipal":"admin"}} Outcome=Success
TID: [-1234] [2023-05-08 21:57:17,114]  INFO {AUDIT_LOG} - Initiator : admin | Action : UpdateSession | Data : { {"traceId":"33cb35cd-8a82-4e54-a1ac-ba5fc92c1a96","RememberMe":false,"sessionContextId":"9daa02809bc9ba9db3f18ed7b2a61610d89f77c17804da45581269b5cd30a7c4","AuthenticatedUserTenantDomain":"carbon.super","AuthenticatedUser":"admin","LastAccessedTimestamp":1683579437112} } | Result : Success 
TID: [-1234] [2023-05-08 21:57:17,115]  INFO {AUDIT_LOG} - Initiator : admin | Action : Login | Target : ApplicationAuthenticationFramework | Data : { "ContextIdentifier" : "3a044ea6-6bc4-496b-88de-41914e206dcd","AuthenticatedUser" : "admin","AuthenticatedUserTenantDomain" : "carbon.super","ServiceProviderName" : "apim_publisher","RequestType" : "oidc","RelyingParty" : "bcnL5Jqa63Z3eEnQ8WMegfk9rKsa","AuthenticatedIdPs" : "eyJ0eXAiOiJKV1QiLCJhbGciOiJIUzI1NiJ9.eyJpc3MiOiJ3c28yIiwiZXhwIjoxNjgzNTc5NDQwMTEwLCJpYXQiOjE2ODM1Nzk0MzcxMTAsImlkcHMiOlt7ImlkcCI6IkxPQ0FMIiwiYXV0aGVudGljYXRvciI6IkJhc2ljQXV0aGVudGljYXRvciJ9XX0.1FW7R6htbeO_R9Eoi6WIF1cw3l4OaBaBkwtOhGYvMnk","User Agent" : "null","RemoteAddress" : "null","UserStoreDomain" : "PRIMARY" } | Result : Success 
TID: [] [2023-05-08 21:57:18,300]  INFO {AUDIT_LOG} - Initiator=wso2.system.user Action=Get-User-Claim-Values Target=admin Data={"Claims":{},"Profile":"default"} Outcome=Success
TID: [] [2023-05-08 21:57:18,300]  INFO {AUDIT_LOG} - Initiator=wso2.system.user Action=Get-User-Claim-Values Target=admin Data={"Claims":{},"Profile":"default"} Outcome=Success
TID: [] [2023-05-08 21:57:18,300]  INFO {AUDIT_LOG} - Initiator=wso2.system.user Action=Get-User-Claim-Values Target=admin Data={"Claims":{},"Profile":"default"} Outcome=Success
TID: [-1234] [2023-05-08 21:57:18,775]  INFO {AUDIT_LOG} - GET /api/am/publisher/tenants?state=active user: admin@carbon.super app: bcnL5Jqa63Z3eEnQ8WMegfk9rKsa
TID: [-1234] [2023-05-08 21:57:18,775]  INFO {AUDIT_LOG} - GET /api/am/publisher/settings user: admin@carbon.super app: bcnL5Jqa63Z3eEnQ8WMegfk9rKsa
TID: [-1234] [2023-05-08 21:57:18,775]  INFO {AUDIT_LOG} - GET /api/am/publisher/apis/6f7f8f85-a5f3-428e-b187-cbdb08192bba user: admin@carbon.super app: bcnL5Jqa63Z3eEnQ8WMegfk9rKsa
TID: [-1234] [2023-05-08 21:57:18,970]  INFO {AUDIT_LOG} - GET /api/am/publisher/apis/6f7f8f85-a5f3-428e-b187-cbdb08192bba/revisions user: admin@carbon.super app: bcnL5Jqa63Z3eEnQ8WMegfk9rKsa
TID: [-1234] [2023-05-08 21:57:18,970]  INFO {AUDIT_LOG} - GET /api/am/publisher/apis/6f7f8f85-a5f3-428e-b187-cbdb08192bba/revisions?query=deployed%3Atrue user: admin@carbon.super app: bcnL5Jqa63Z3eEnQ8WMegfk9rKsa
TID: [-1234] [2023-05-08 21:57:19,168]  INFO {AUDIT_LOG} - GET /api/am/publisher/apis/6f7f8f85-a5f3-428e-b187-cbdb08192bba/swagger user: admin@carbon.super app: bcnL5Jqa63Z3eEnQ8WMegfk9rKsa
TID: [-1234] [2023-05-08 21:57:19,168]  INFO {AUDIT_LOG} - GET /api/am/publisher/apis/6f7f8f85-a5f3-428e-b187-cbdb08192bba/revisions?query=deployed%3Atrue user: admin@carbon.super app: bcnL5Jqa63Z3eEnQ8WMegfk9rKsa
TID: [-1234] [2023-05-08 21:57:52,199]  INFO {AUDIT_LOG} - GET /api/am/devportal/apis/6f7f8f85-a5f3-428e-b187-cbdb08192bba user: admin@carbon.super app: on910Eic3ALVOI0ssrp4olzhtsAa
TID: [-1234] [2023-05-08 21:57:52,202]  INFO {AUDIT_LOG} - GET /api/am/devportal/subscriptions?apiId=6f7f8f85-a5f3-428e-b187-cbdb08192bba&limit=25 user: admin@carbon.super app: on910Eic3ALVOI0ssrp4olzhtsAa
TID: [-1234] [2023-05-08 21:57:52,202]  INFO {AUDIT_LOG} - GET /api/am/devportal/subscriptions?apiId=6f7f8f85-a5f3-428e-b187-cbdb08192bba&limit=5000 user: admin@carbon.super app: on910Eic3ALVOI0ssrp4olzhtsAa
TID: [-1234] [2023-05-08 21:57:52,202]  INFO {AUDIT_LOG} - GET /api/am/devportal/applications?limit=5000 user: admin@carbon.super app: on910Eic3ALVOI0ssrp4olzhtsAa
TID: [-1234] [2023-05-08 21:57:52,649]  INFO {AUDIT_LOG} - GET /api/am/devportal/throttling-policies/subscription user: admin@carbon.super app: on910Eic3ALVOI0ssrp4olzhtsAa
TID: [-1234] [2023-05-08 21:57:52,649]  INFO {AUDIT_LOG} - GET /api/am/devportal/apis/6f7f8f85-a5f3-428e-b187-cbdb08192bba/documents user: admin@carbon.super app: on910Eic3ALVOI0ssrp4olzhtsAa
TID: [-1234] [2023-05-08 21:57:52,670]  INFO {AUDIT_LOG} - GET /api/am/devportal/apis/6f7f8f85-a5f3-428e-b187-cbdb08192bba/documents user: admin@carbon.super app: on910Eic3ALVOI0ssrp4olzhtsAa
TID: [-1234] [2023-05-08 21:57:52,686]  INFO {AUDIT_LOG} - GET /api/am/devportal/throttling-policies/subscription user: admin@carbon.super app: on910Eic3ALVOI0ssrp4olzhtsAa
TID: [-1234] [2023-05-08 21:57:52,744]  INFO {AUDIT_LOG} - GET /api/am/devportal/apis/6f7f8f85-a5f3-428e-b187-cbdb08192bba/ratings user: admin@carbon.super app: on910Eic3ALVOI0ssrp4olzhtsAa
TID: [-1234] [2023-05-08 21:57:52,744]  INFO {AUDIT_LOG} - GET /api/am/devportal/apis/6f7f8f85-a5f3-428e-b187-cbdb08192bba/thumbnail user: admin@carbon.super app: on910Eic3ALVOI0ssrp4olzhtsAa
TID: [-1234] [2023-05-08 21:57:52,745]  INFO {AUDIT_LOG} - GET /api/am/devportal/apis/6f7f8f85-a5f3-428e-b187-cbdb08192bba/comments?limit=5&offset=0 user: admin@carbon.super app: on910Eic3ALVOI0ssrp4olzhtsAa
TID: [-1234] [2023-05-08 21:58:27,362]  INFO {AUDIT_LOG} - GET /api/am/devportal/settings/application-attributes user: admin@carbon.super app: on910Eic3ALVOI0ssrp4olzhtsAa
TID: [-1234] [2023-05-08 21:58:27,362]  INFO {AUDIT_LOG} - GET /api/am/devportal/throttling-policies/application user: admin@carbon.super app: on910Eic3ALVOI0ssrp4olzhtsAa
TID: [-1234] [2023-05-08 21:58:27,362]  INFO {AUDIT_LOG} - GET /api/am/devportal/key-managers user: admin@carbon.super app: on910Eic3ALVOI0ssrp4olzhtsAa
TID: [-1234] [2023-05-08 21:59:02,379]  INFO {AUDIT_LOG} - POST /api/am/devportal/applications user: admin@carbon.super app: on910Eic3ALVOI0ssrp4olzhtsAa
TID: [-1234] [2023-05-08 21:59:02,482]  INFO {AUDIT_LOG} - {"performedBy":"admin","action":"created","typ":"Application","info":{"owner":"admin","tier":"50PerMin","name":"Greetings","groups":null,"callbackURL":null}}
TID: [] [2023-05-08 21:59:07,036]  INFO {AUDIT_LOG} - Initiator=wso2.system.user Action=Get-User-Claim-Values Target=admin Data={"Claims":{},"Profile":"default"} Outcome=Success
TID: [] [2023-05-08 21:59:07,036]  INFO {AUDIT_LOG} - Initiator=wso2.system.user Action=Get-User-Claim-Values Target=admin Data={"Claims":{},"Profile":"default"} Outcome=Success
TID: [] [2023-05-08 21:59:07,036]  INFO {AUDIT_LOG} - Initiator=wso2.system.user Action=Get-User-Claim-Values Target=admin Data={"Claims":{},"Profile":"default"} Outcome=Success
TID: [-1234] [2023-05-08 21:59:15,361]  INFO {AUDIT_LOG} - POST /api/am/devportal/subscriptions user: admin@carbon.super app: on910Eic3ALVOI0ssrp4olzhtsAa
TID: [-1234] [2023-05-08 21:59:15,380]  INFO {AUDIT_LOG} - {"performedBy":"admin","action":"created","typ":"Subscription","info":{"application_name":"Greetings","tier":"Unlimited","provider":"admin","api_name":"HelloWorld","application_id":2}}
TID: [-1234] [2023-05-08 21:59:15,419]  INFO {AUDIT_LOG} - GET /api/am/devportal/key-managers user: admin@carbon.super app: on910Eic3ALVOI0ssrp4olzhtsAa
TID: [] [2023-05-08 21:59:19,924]  INFO {AUDIT_LOG} - Initiator=wso2.system.user Action=Get-User-Claim-Values Target=admin Data={"Claims":{},"Profile":"default"} Outcome=Success
TID: [] [2023-05-08 21:59:19,925]  INFO {AUDIT_LOG} - Initiator=wso2.system.user Action=Get-User-Claim-Values Target=admin Data={"Claims":{},"Profile":"default"} Outcome=Success
TID: [] [2023-05-08 21:59:19,925]  INFO {AUDIT_LOG} - Initiator=wso2.system.user Action=Get-User-Claim-Values Target=admin Data={"Claims":{},"Profile":"default"} Outcome=Success
TID: [-1234] [2023-05-08 21:59:28,961]  INFO {AUDIT_LOG} - GET /api/am/devportal/applications/05ca2bf1-3151-4711-bfb6-13c482e33e0b user: admin@carbon.super app: on910Eic3ALVOI0ssrp4olzhtsAa
TID: [-1234] [2023-05-08 21:59:29,068]  INFO {AUDIT_LOG} - POST /api/am/devportal/applications/05ca2bf1-3151-4711-bfb6-13c482e33e0b/generate-keys user: admin@carbon.super app: on910Eic3ALVOI0ssrp4olzhtsAa
TID: [-1234] [2023-05-08 21:59:29,104]  INFO {AUDIT_LOG} - Initiator=wso2.system.user Action=Get-User-List Target=null Data={"Claim Value":"admin","Users":["admin"],"Claim":"http://wso2.org/claims/username"} Outcome=Success
TID: [-1234] [2023-05-08 21:59:29,106]  INFO {AUDIT_LOG} - Initiator=wso2.system.user Action=Get-User-Claim-Values Target=admin Data={"Claims":{},"Profile":"default"} Outcome=Success
TID: [-1234] [2023-05-08 21:59:29,107]  INFO {AUDIT_LOG} - Initiator=wso2.system.user Action=Get-User-Claim-Values Target=admin Data={"Claims":{},"Profile":"default"} Outcome=Success
TID: [-1234] [2023-05-08 21:59:29,107]  INFO {AUDIT_LOG} - Initiator=wso2.system.user Action=Get-User-Claim-Values Target=admin Data={"Claims":{},"Profile":"default"} Outcome=Success
TID: [-1234] [2023-05-08 21:59:29,727]  INFO {AUDIT_LOG} - Initiator : admin@carbon.super | Action : Add-Application | Target : null | Data : { Changed-State : { Name:admin_05ca2bf1-3151-4711-bfb6-13c482e33e0b_SANDBOX, Description:Service Provider for application admin_05ca2bf1-3151-4711-bfb6-13c482e33e0b_SANDBOX, Resource ID:null, Access URL:null, Is Discoverable:false, Is SaaS:true, , Service Provider Properties:[{useUserIdForDefaultSubject:true}] } } | Result : Success 
TID: [-1234] [2023-05-08 21:59:29,742]  INFO {AUDIT_LOG} - Initiator : admin@carbon.super | Action : Update-Application | Target : 5959ac68-c713-424e-be56-2e8bb896ff6a | Data : { Changed-State : { Name:admin_05ca2bf1-3151-4711-bfb6-13c482e33e0b_SANDBOX, Description:Service Provider for application admin_05ca2bf1-3151-4711-bfb6-13c482e33e0b_SANDBOX, Resource ID:5959ac68-c713-424e-be56-2e8bb896ff6a, Access URL:null, Is Discoverable:false, Is SaaS:true, Inbound Authentication Configs:[{Auth Key:ZiSSNeRH4okOrlpVVd30q6KTYswa, Auth Type:oauth2, Config Type:null, Inbound configuration:null}], Local and Outbound Configuration:{Auth Type:default}, Claim Configuration:{User Claim URI:null, Role Claim URI:null}, Inbound Provisioning Configuration:{Provisioning Userstore:null, Is Dumb Mode:false}, Outbound Provisioning Configuration:{}, Service Provider Properties:[{useUserIdForDefaultSubject:true}, {isManagementApp:false}, {USE_DOMAIN_IN_ROLES:true}, {skipLogoutConsent:false}, {DisplayName:Greetings}, {skipConsent:false}, {jwksURI:}, {templateId:}] } } | Result : Success 
TID: [-1234] [2023-05-08 21:59:29,874]  INFO {AUDIT_LOG} - {"performedBy":"admin","action":"updated","typ":"Application","info":{"Generated keys for application":"Greetings"}}
TID: [-1234] [2023-05-08 21:59:30,027]  INFO {AUDIT_LOG} - GET /api/am/devportal/applications/05ca2bf1-3151-4711-bfb6-13c482e33e0b user: admin@carbon.super app: on910Eic3ALVOI0ssrp4olzhtsAa
TID: [-1234] [2023-05-08 21:59:30,058]  INFO {AUDIT_LOG} - GET /api/am/devportal/applications/05ca2bf1-3151-4711-bfb6-13c482e33e0b/oauth-keys user: admin@carbon.super app: on910Eic3ALVOI0ssrp4olzhtsAa
TID: [] [2023-05-08 21:59:34,447]  INFO {AUDIT_LOG} - Initiator=wso2.system.user Action=Get-User-Claim-Values Target=admin Data={"Claims":{},"Profile":"default"} Outcome=Success
TID: [] [2023-05-08 21:59:34,447]  INFO {AUDIT_LOG} - Initiator=wso2.system.user Action=Get-User-Claim-Values Target=admin Data={"Claims":{},"Profile":"default"} Outcome=Success
TID: [] [2023-05-08 21:59:34,447]  INFO {AUDIT_LOG} - Initiator=wso2.system.user Action=Get-User-Claim-Values Target=admin Data={"Claims":{},"Profile":"default"} Outcome=Success
TID: [-1234] [2023-05-08 21:59:34,504]  INFO {AUDIT_LOG} - GET /api/am/devportal/applications/05ca2bf1-3151-4711-bfb6-13c482e33e0b user: admin@carbon.super app: on910Eic3ALVOI0ssrp4olzhtsAa
TID: [-1234] [2023-05-08 21:59:34,525]  INFO {AUDIT_LOG} - GET /api/am/devportal/applications/05ca2bf1-3151-4711-bfb6-13c482e33e0b/oauth-keys user: admin@carbon.super app: on910Eic3ALVOI0ssrp4olzhtsAa
TID: [-1234] [2023-05-08 21:59:34,553]  INFO {AUDIT_LOG} - POST /api/am/devportal/applications/05ca2bf1-3151-4711-bfb6-13c482e33e0b/oauth-keys/a9d4b44a-d055-4abe-9c45-4dea9d5012aa/generate-token user: admin@carbon.super app: on910Eic3ALVOI0ssrp4olzhtsAa
TID: [-1234] [2023-05-08 21:59:34,567]  INFO {AUDIT_LOG} - {"performedBy":"admin","action":"updated","typ":"Application","info":{"Re-Generated Keys for application with client Id":"ZiSSNeRH4okOrlpVVd30q6KTYswa"}}
TID: [-1234] [2023-05-08 21:59:34,606]  INFO {AUDIT_LOG} - Initiator=wso2.system.user Action=Get-User-Claim-Values Target=admin Data={"Claims":{},"Profile":"default"} Outcome=Success
TID: [-1234] [2023-05-08 21:59:34,607]  INFO {AUDIT_LOG} - Initiator=wso2.system.user Action=Get-User-Claim-Values Target=admin Data={"Claims":{},"Profile":"default"} Outcome=Success
TID: [-1234] [2023-05-08 21:59:34,607]  INFO {AUDIT_LOG} - Initiator=wso2.system.user Action=Get-User-Claim-Values Target=admin Data={"Claims":{},"Profile":"default"} Outcome=Success
TID: [] [2023-05-08 21:59:39,256]  INFO {AUDIT_LOG} - Initiator=wso2.system.user Action=Get-User-Claim-Values Target=admin Data={"Claims":{},"Profile":"default"} Outcome=Success
TID: [] [2023-05-08 21:59:39,257]  INFO {AUDIT_LOG} - Initiator=wso2.system.user Action=Get-User-Claim-Values Target=admin Data={"Claims":{},"Profile":"default"} Outcome=Success
TID: [] [2023-05-08 21:59:39,257]  INFO {AUDIT_LOG} - Initiator=wso2.system.user Action=Get-User-Claim-Values Target=admin Data={"Claims":{},"Profile":"default"} Outcome=Success
TID: [-1234] [2023-05-08 21:59:43,667]  INFO {AUDIT_LOG} - GET /api/am/devportal/apis/6f7f8f85-a5f3-428e-b187-cbdb08192bba user: admin@carbon.super app: on910Eic3ALVOI0ssrp4olzhtsAa
TID: [-1234] [2023-05-08 21:59:43,679]  INFO {AUDIT_LOG} - GET /api/am/devportal/subscriptions?apiId=6f7f8f85-a5f3-428e-b187-cbdb08192bba&limit=25 user: admin@carbon.super app: on910Eic3ALVOI0ssrp4olzhtsAa
TID: [-1234] [2023-05-08 21:59:43,679]  INFO {AUDIT_LOG} - GET /api/am/devportal/subscriptions?apiId=6f7f8f85-a5f3-428e-b187-cbdb08192bba&limit=5000 user: admin@carbon.super app: on910Eic3ALVOI0ssrp4olzhtsAa
TID: [-1234] [2023-05-08 21:59:43,679]  INFO {AUDIT_LOG} - GET /api/am/devportal/applications?limit=5000 user: admin@carbon.super app: on910Eic3ALVOI0ssrp4olzhtsAa
TID: [-1234] [2023-05-08 21:59:50,844]  INFO {AUDIT_LOG} - GET /api/am/devportal/apis/6f7f8f85-a5f3-428e-b187-cbdb08192bba user: admin@carbon.super app: on910Eic3ALVOI0ssrp4olzhtsAa
TID: [-1234] [2023-05-08 21:59:50,869]  INFO {AUDIT_LOG} - GET /api/am/devportal/apis/6f7f8f85-a5f3-428e-b187-cbdb08192bba/swagger?environmentName=Default user: admin@carbon.super app: on910Eic3ALVOI0ssrp4olzhtsAa
TID: [-1234] [2023-05-08 21:59:50,963]  INFO {AUDIT_LOG} - GET /api/am/devportal/subscriptions?apiId=6f7f8f85-a5f3-428e-b187-cbdb08192bba&limit=25 user: admin@carbon.super app: on910Eic3ALVOI0ssrp4olzhtsAa
TID: [-1234] [2023-05-08 21:59:50,963]  INFO {AUDIT_LOG} - GET /api/am/devportal/key-managers user: admin@carbon.super app: on910Eic3ALVOI0ssrp4olzhtsAa
TID: [-1234] [2023-05-08 21:59:50,992]  INFO {AUDIT_LOG} - GET /api/am/devportal/subscriptions?apiId=6f7f8f85-a5f3-428e-b187-cbdb08192bba&limit=25 user: admin@carbon.super app: on910Eic3ALVOI0ssrp4olzhtsAa
TID: [-1234] [2023-05-08 21:59:51,138]  INFO {AUDIT_LOG} - GET /api/am/devportal/applications/ user: admin@carbon.super app: on910Eic3ALVOI0ssrp4olzhtsAa
TID: [-1234] [2023-05-08 21:59:51,295]  INFO {AUDIT_LOG} - GET /api/am/devportal/applications/05ca2bf1-3151-4711-bfb6-13c482e33e0b user: admin@carbon.super app: on910Eic3ALVOI0ssrp4olzhtsAa
TID: [-1234] [2023-05-08 21:59:51,314]  INFO {AUDIT_LOG} - GET /api/am/devportal/applications/05ca2bf1-3151-4711-bfb6-13c482e33e0b/oauth-keys user: admin@carbon.super app: on910Eic3ALVOI0ssrp4olzhtsAa
TID: [-1234] [2023-05-08 21:59:51,485]  INFO {AUDIT_LOG} - GET /api/am/devportal/applications/05ca2bf1-3151-4711-bfb6-13c482e33e0b user: admin@carbon.super app: on910Eic3ALVOI0ssrp4olzhtsAa
TID: [-1234] [2023-05-08 21:59:51,582]  INFO {AUDIT_LOG} - GET /api/am/devportal/applications/05ca2bf1-3151-4711-bfb6-13c482e33e0b user: admin@carbon.super app: on910Eic3ALVOI0ssrp4olzhtsAa
TID: [-1234] [2023-05-08 21:59:51,592]  INFO {AUDIT_LOG} - GET /api/am/devportal/applications/05ca2bf1-3151-4711-bfb6-13c482e33e0b/oauth-keys user: admin@carbon.super app: on910Eic3ALVOI0ssrp4olzhtsAa
TID: [-1234] [2023-05-08 21:59:51,608]  INFO {AUDIT_LOG} - GET /api/am/devportal/applications/05ca2bf1-3151-4711-bfb6-13c482e33e0b/oauth-keys user: admin@carbon.super app: on910Eic3ALVOI0ssrp4olzhtsAa
TID: [-1234] [2023-05-08 22:00:08,546]  INFO {AUDIT_LOG} - GET /api/am/devportal/applications/05ca2bf1-3151-4711-bfb6-13c482e33e0b user: admin@carbon.super app: on910Eic3ALVOI0ssrp4olzhtsAa
TID: [-1234] [2023-05-08 22:00:08,567]  INFO {AUDIT_LOG} - GET /api/am/devportal/applications/05ca2bf1-3151-4711-bfb6-13c482e33e0b/oauth-keys user: admin@carbon.super app: on910Eic3ALVOI0ssrp4olzhtsAa
TID: [-1234] [2023-05-08 22:00:08,586]  INFO {AUDIT_LOG} - POST /api/am/devportal/applications/05ca2bf1-3151-4711-bfb6-13c482e33e0b/oauth-keys/a9d4b44a-d055-4abe-9c45-4dea9d5012aa/generate-token user: admin@carbon.super app: on910Eic3ALVOI0ssrp4olzhtsAa
TID: [-1234] [2023-05-08 22:00:08,597]  INFO {AUDIT_LOG} - {"performedBy":"admin","action":"updated","typ":"Application","info":{"Re-Generated Keys for application with client Id":"ZiSSNeRH4okOrlpVVd30q6KTYswa"}}
TID: [-1234] [2023-05-08 22:00:08,616]  INFO {AUDIT_LOG} - Initiator=wso2.system.user Action=Get-User-Claim-Values Target=admin Data={"Claims":{},"Profile":"default"} Outcome=Success
TID: [-1234] [2023-05-08 22:00:08,617]  INFO {AUDIT_LOG} - Initiator=wso2.system.user Action=Get-User-Claim-Values Target=admin Data={"Claims":{},"Profile":"default"} Outcome=Success
TID: [-1234] [2023-05-08 22:00:08,617]  INFO {AUDIT_LOG} - Initiator=wso2.system.user Action=Get-User-Claim-Values Target=admin Data={"Claims":{},"Profile":"default"} Outcome=Success
TID: [] [2023-05-08 22:00:13,156]  INFO {AUDIT_LOG} - Initiator=wso2.system.user Action=Get-User-Claim-Values Target=admin Data={"Claims":{},"Profile":"default"} Outcome=Success
TID: [] [2023-05-08 22:00:13,156]  INFO {AUDIT_LOG} - Initiator=wso2.system.user Action=Get-User-Claim-Values Target=admin Data={"Claims":{},"Profile":"default"} Outcome=Success
TID: [] [2023-05-08 22:00:13,157]  INFO {AUDIT_LOG} - Initiator=wso2.system.user Action=Get-User-Claim-Values Target=admin Data={"Claims":{},"Profile":"default"} Outcome=Success
TID: [-1234] [2023-05-08 22:00:19,023]  INFO {AUDIT_LOG} - GET /api/am/devportal/applications/05ca2bf1-3151-4711-bfb6-13c482e33e0b user: admin@carbon.super app: on910Eic3ALVOI0ssrp4olzhtsAa
TID: [-1234] [2023-05-08 22:00:19,045]  INFO {AUDIT_LOG} - GET /api/am/devportal/applications/05ca2bf1-3151-4711-bfb6-13c482e33e0b/oauth-keys user: admin@carbon.super app: on910Eic3ALVOI0ssrp4olzhtsAa
TID: [-1234] [2023-05-08 22:00:19,063]  INFO {AUDIT_LOG} - POST /api/am/devportal/applications/05ca2bf1-3151-4711-bfb6-13c482e33e0b/oauth-keys/a9d4b44a-d055-4abe-9c45-4dea9d5012aa/generate-token user: admin@carbon.super app: on910Eic3ALVOI0ssrp4olzhtsAa
TID: [-1234] [2023-05-08 22:00:19,074]  INFO {AUDIT_LOG} - {"performedBy":"admin","action":"updated","typ":"Application","info":{"Re-Generated Keys for application with client Id":"ZiSSNeRH4okOrlpVVd30q6KTYswa"}}
TID: [-1234] [2023-05-08 22:00:19,093]  INFO {AUDIT_LOG} - Initiator=wso2.system.user Action=Get-User-Claim-Values Target=admin Data={"Claims":{},"Profile":"default"} Outcome=Success
TID: [-1234] [2023-05-08 22:00:19,093]  INFO {AUDIT_LOG} - Initiator=wso2.system.user Action=Get-User-Claim-Values Target=admin Data={"Claims":{},"Profile":"default"} Outcome=Success
TID: [-1234] [2023-05-08 22:00:19,093]  INFO {AUDIT_LOG} - Initiator=wso2.system.user Action=Get-User-Claim-Values Target=admin Data={"Claims":{},"Profile":"default"} Outcome=Success
TID: [-1234] [2023-05-08 22:00:23,492]  INFO {AUDIT_LOG} - GET /api/am/devportal/applications/05ca2bf1-3151-4711-bfb6-13c482e33e0b user: admin@carbon.super app: on910Eic3ALVOI0ssrp4olzhtsAa
TID: [-1234] [2023-05-08 22:00:23,520]  INFO {AUDIT_LOG} - GET /api/am/devportal/applications/05ca2bf1-3151-4711-bfb6-13c482e33e0b/oauth-keys user: admin@carbon.super app: on910Eic3ALVOI0ssrp4olzhtsAa
TID: [-1234] [2023-05-08 22:00:23,537]  INFO {AUDIT_LOG} - POST /api/am/devportal/applications/05ca2bf1-3151-4711-bfb6-13c482e33e0b/oauth-keys/a9d4b44a-d055-4abe-9c45-4dea9d5012aa/generate-token user: admin@carbon.super app: on910Eic3ALVOI0ssrp4olzhtsAa
TID: [-1234] [2023-05-08 22:00:23,548]  INFO {AUDIT_LOG} - {"performedBy":"admin","action":"updated","typ":"Application","info":{"Re-Generated Keys for application with client Id":"ZiSSNeRH4okOrlpVVd30q6KTYswa"}}
TID: [-1234] [2023-05-08 22:00:23,565]  INFO {AUDIT_LOG} - Initiator=wso2.system.user Action=Get-User-Claim-Values Target=admin Data={"Claims":{},"Profile":"default"} Outcome=Success
TID: [-1234] [2023-05-08 22:00:23,566]  INFO {AUDIT_LOG} - Initiator=wso2.system.user Action=Get-User-Claim-Values Target=admin Data={"Claims":{},"Profile":"default"} Outcome=Success
TID: [-1234] [2023-05-08 22:00:23,566]  INFO {AUDIT_LOG} - Initiator=wso2.system.user Action=Get-User-Claim-Values Target=admin Data={"Claims":{},"Profile":"default"} Outcome=Success
TID: [] [2023-05-08 22:01:07,755]  INFO {AUDIT_LOG} - Initiator=wso2.system.user Action=Get-User-Claim-Values Target=admin Data={"Claims":{},"Profile":"default"} Outcome=Success
TID: [] [2023-05-08 22:01:07,755]  INFO {AUDIT_LOG} - Initiator=wso2.system.user Action=Get-User-Claim-Values Target=admin Data={"Claims":{},"Profile":"default"} Outcome=Success
TID: [] [2023-05-08 22:01:07,755]  INFO {AUDIT_LOG} - Initiator=wso2.system.user Action=Get-User-Claim-Values Target=admin Data={"Claims":{},"Profile":"default"} Outcome=Success
